<?xml version="1.0" encoding="UTF-8"?>
<robot generator="Rebot 6.1.1 (Python 3.13.1 on win32)" generated="20260224 12:14:02.211" rpa="false" schemaversion="4">
<suite id="s1" name="Receipt Management" source="D:\New_automation_\kfic-automation-framework\tests\lms\receipt_management.robot">
<kw name="Open Application" library="base_page" type="SETUP">
<doc>Opens the application with enhanced browser configuration</doc>
<kw name="Validate Environment" library="framework_config">
<doc>Validates if environment configuration is correct</doc>
<kw name="Dictionary Should Contain Key" library="Collections">
<arg>${URLS}</arg>
<arg>${ENVIRONMENT}</arg>
<doc>Fails if ``key`` is not found from ``dictionary``.</doc>
<status status="PASS" starttime="20260224 12:01:52.984" endtime="20260224 12:01:52.984"/>
</kw>
<kw name="Should Not Be Empty" library="BuiltIn">
<arg>${URLS.${ENVIRONMENT}}</arg>
<doc>Verifies that the given item is not empty.</doc>
<msg timestamp="20260224 12:01:52.986" level="INFO">Length is 67</msg>
<status status="PASS" starttime="20260224 12:01:52.985" endtime="20260224 12:01:52.986"/>
</kw>
<kw name="Log" library="BuiltIn">
<arg>Environment validation passed for: ${ENVIRONMENT}</arg>
<doc>Logs the given message with the given level.</doc>
<msg timestamp="20260224 12:01:52.987" level="INFO">Environment validation passed for: qc</msg>
<status status="PASS" starttime="20260224 12:01:52.986" endtime="20260224 12:01:52.987"/>
</kw>
<status status="PASS" starttime="20260224 12:01:52.983" endtime="20260224 12:01:52.987"/>
</kw>
<kw name="Get Environment URL" library="framework_config">
<var>${url}</var>
<doc>Returns URL based on current environment</doc>
<kw name="Get From Dictionary" library="Collections">
<var>${url}</var>
<arg>${URLS}</arg>
<arg>${ENVIRONMENT}</arg>
<doc>Returns a value from the given ``dictionary`` based on the given ``key``.</doc>
<msg timestamp="20260224 12:01:52.989" level="INFO">${url} = http://172.21.0.93:9092/Kiya.aiCBS-10.2.0/LoginPage?tid=139&amp;lang=en</msg>
<status status="PASS" starttime="20260224 12:01:52.988" endtime="20260224 12:01:52.989"/>
</kw>
<return>
<value>${url}</value>
<status status="PASS" starttime="20260224 12:01:52.989" endtime="20260224 12:01:52.990"/>
</return>
<msg timestamp="20260224 12:01:52.990" level="INFO">${url} = http://172.21.0.93:9092/Kiya.aiCBS-10.2.0/LoginPage?tid=139&amp;lang=en</msg>
<status status="PASS" starttime="20260224 12:01:52.987" endtime="20260224 12:01:52.991"/>
</kw>
<kw name="Log" library="BuiltIn">
<arg>Opening application: ${url}</arg>
<doc>Logs the given message with the given level.</doc>
<msg timestamp="20260224 12:01:52.992" level="INFO">Opening application: http://172.21.0.93:9092/Kiya.aiCBS-10.2.0/LoginPage?tid=139&amp;lang=en</msg>
<status status="PASS" starttime="20260224 12:01:52.991" endtime="20260224 12:01:52.992"/>
</kw>
<kw name="Evaluate" library="BuiltIn">
<var>${options}</var>
<arg>sys.modules['selenium.webdriver'].ChromeOptions()</arg>
<arg>sys, selenium.webdriver</arg>
<doc>Evaluates the given expression in Python and returns the result.</doc>
<msg timestamp="20260224 12:01:52.993" level="INFO">${options} = &lt;selenium.webdriver.chrome.options.Options object at 0x0000019600100830&gt;</msg>
<status status="PASS" starttime="20260224 12:01:52.992" endtime="20260224 12:01:52.993"/>
</kw>
<kw name="Run Keyword If" library="BuiltIn">
<arg>${headless}</arg>
<arg>Call Method</arg>
<arg>${options}</arg>
<arg>add_argument</arg>
<arg>--headless</arg>
<doc>Runs the given keyword with the given arguments, if ``condition`` is true.</doc>
<status status="PASS" starttime="20260224 12:01:52.993" endtime="20260224 12:01:52.994"/>
</kw>
<kw name="Call Method" library="BuiltIn">
<arg>${options}</arg>
<arg>add_argument</arg>
<arg>--no-sandbox</arg>
<doc>Calls the named method of the given object with the provided arguments.</doc>
<status status="PASS" starttime="20260224 12:01:52.995" endtime="20260224 12:01:52.995"/>
</kw>
<kw name="Call Method" library="BuiltIn">
<arg>${options}</arg>
<arg>add_argument</arg>
<arg>--disable-dev-shm-usage</arg>
<doc>Calls the named method of the given object with the provided arguments.</doc>
<status status="PASS" starttime="20260224 12:01:52.996" endtime="20260224 12:01:52.997"/>
</kw>
<kw name="Call Method" library="BuiltIn">
<arg>${options}</arg>
<arg>add_argument</arg>
<arg>--disable-gpu</arg>
<doc>Calls the named method of the given object with the provided arguments.</doc>
<status status="PASS" starttime="20260224 12:01:52.997" endtime="20260224 12:01:52.998"/>
</kw>
<kw name="Call Method" library="BuiltIn">
<arg>${options}</arg>
<arg>add_argument</arg>
<arg>--disable-web-security</arg>
<doc>Calls the named method of the given object with the provided arguments.</doc>
<status status="PASS" starttime="20260224 12:01:52.998" endtime="20260224 12:01:52.999"/>
</kw>
<kw name="Call Method" library="BuiltIn">
<arg>${options}</arg>
<arg>add_argument</arg>
<arg>--allow-running-insecure-content</arg>
<doc>Calls the named method of the given object with the provided arguments.</doc>
<status status="PASS" starttime="20260224 12:01:52.999" endtime="20260224 12:01:53.000"/>
</kw>
<kw name="Open Browser" library="SeleniumLibrary">
<arg>${url}</arg>
<arg>${browser}</arg>
<arg>options=${options}</arg>
<doc>Opens a new browser instance to the optional ``url``.</doc>
<msg timestamp="20260224 12:01:53.003" level="INFO">Opening browser 'chrome' to base url 'http://172.21.0.93:9092/Kiya.aiCBS-10.2.0/LoginPage?tid=139&amp;lang=en'.</msg>
<status status="PASS" starttime="20260224 12:01:53.001" endtime="20260224 12:04:54.919"/>
</kw>
<kw name="Maximize Browser Window" library="SeleniumLibrary">
<doc>Maximizes current browser window.</doc>
<status status="PASS" starttime="20260224 12:04:54.920" endtime="20260224 12:05:52.377"/>
</kw>
<kw name="Set Selenium Implicit Wait" library="SeleniumLibrary">
<arg>${IMPLICIT_WAIT}</arg>
<doc>Sets the implicit wait value used by Selenium.</doc>
<status status="PASS" starttime="20260224 12:05:52.378" endtime="20260224 12:05:52.394"/>
</kw>
<kw name="Set Selenium Timeout" library="SeleniumLibrary">
<arg>${PAGE_LOAD_TIMEOUT}</arg>
<doc>Sets the timeout that is used by various keywords.</doc>
<status status="PASS" starttime="20260224 12:05:52.395" endtime="20260224 12:05:52.415"/>
</kw>
<kw name="Setup Test Environment" library="base_page">
<doc>Setup test environment directories and logging</doc>
<kw name="Create Directory" library="OperatingSystem">
<arg>${SCREENSHOTS_DIR}</arg>
<doc>Creates the specified directory.</doc>
<msg timestamp="20260224 12:05:52.419" level="INFO" html="true">Directory '&lt;a href="file://D:\New_automation_\kfic-automation-framework\results\screenshots"&gt;D:\New_automation_\kfic-automation-framework\results\screenshots&lt;/a&gt;' already exists.</msg>
<status status="PASS" starttime="20260224 12:05:52.418" endtime="20260224 12:05:52.420"/>
</kw>
<kw name="Create Directory" library="OperatingSystem">
<arg>${REPORTS_DIR}</arg>
<doc>Creates the specified directory.</doc>
<msg timestamp="20260224 12:05:52.421" level="INFO" html="true">Directory '&lt;a href="file://D:\New_automation_\kfic-automation-framework\results\reports"&gt;D:\New_automation_\kfic-automation-framework\results\reports&lt;/a&gt;' already exists.</msg>
<status status="PASS" starttime="20260224 12:05:52.420" endtime="20260224 12:05:52.421"/>
</kw>
<kw name="Create Directory" library="OperatingSystem">
<arg>${LOGS_DIR}</arg>
<doc>Creates the specified directory.</doc>
<msg timestamp="20260224 12:05:52.422" level="INFO" html="true">Directory '&lt;a href="file://D:\New_automation_\kfic-automation-framework\results\logs"&gt;D:\New_automation_\kfic-automation-framework\results\logs&lt;/a&gt;' already exists.</msg>
<status status="PASS" starttime="20260224 12:05:52.422" endtime="20260224 12:05:52.423"/>
</kw>
<kw name="Log" library="BuiltIn">
<arg>Test environment setup completed</arg>
<doc>Logs the given message with the given level.</doc>
<msg timestamp="20260224 12:05:52.423" level="INFO">Test environment setup completed</msg>
<status status="PASS" starttime="20260224 12:05:52.423" endtime="20260224 12:05:52.424"/>
</kw>
<kw name="Log" library="BuiltIn">
<arg>Screenshots directory: ${SCREENSHOTS_DIR}</arg>
<doc>Logs the given message with the given level.</doc>
<msg timestamp="20260224 12:05:52.425" level="INFO">Screenshots directory: D:\New_automation_\kfic-automation-framework\config/../results/screenshots</msg>
<status status="PASS" starttime="20260224 12:05:52.424" endtime="20260224 12:05:52.426"/>
</kw>
<kw name="Log" library="BuiltIn">
<arg>Reports directory: ${REPORTS_DIR}</arg>
<doc>Logs the given message with the given level.</doc>
<msg timestamp="20260224 12:05:52.427" level="INFO">Reports directory: D:\New_automation_\kfic-automation-framework\config/../results/reports</msg>
<status status="PASS" starttime="20260224 12:05:52.426" endtime="20260224 12:05:52.427"/>
</kw>
<kw name="Log" library="BuiltIn">
<arg>Logs directory: ${LOGS_DIR}</arg>
<doc>Logs the given message with the given level.</doc>
<msg timestamp="20260224 12:05:52.429" level="INFO">Logs directory: D:\New_automation_\kfic-automation-framework\config/../results/logs</msg>
<status status="PASS" starttime="20260224 12:05:52.427" endtime="20260224 12:05:52.429"/>
</kw>
<status status="PASS" starttime="20260224 12:05:52.416" endtime="20260224 12:05:52.429"/>
</kw>
<kw name="Validate Environment" library="framework_config">
<doc>Validates if environment configuration is correct</doc>
<kw name="Dictionary Should Contain Key" library="Collections">
<arg>${URLS}</arg>
<arg>${ENVIRONMENT}</arg>
<doc>Fails if ``key`` is not found from ``dictionary``.</doc>
<status status="PASS" starttime="20260224 12:01:52.979" endtime="20260224 12:01:52.980"/>
</kw>
<kw name="Should Not Be Empty" library="BuiltIn">
<arg>${URLS.${ENVIRONMENT}}</arg>
<doc>Verifies that the given item is not empty.</doc>
<msg timestamp="20260224 12:01:52.983" level="INFO">Length is 67</msg>
<status status="PASS" starttime="20260224 12:01:52.981" endtime="20260224 12:01:52.983"/>
</kw>
<kw name="Log" library="BuiltIn">
<arg>Environment validation passed for: ${ENVIRONMENT}</arg>
<doc>Logs the given message with the given level.</doc>
<msg timestamp="20260224 12:01:52.985" level="INFO">Environment validation passed for: qc</msg>
<status status="PASS" starttime="20260224 12:01:52.984" endtime="20260224 12:01:52.985"/>
</kw>
<status status="PASS" starttime="20260224 12:01:52.979" endtime="20260224 12:01:52.985"/>
</kw>
<kw name="Get Environment URL" library="framework_config">
<var>${url}</var>
<doc>Returns URL based on current environment</doc>
<kw name="Get From Dictionary" library="Collections">
<var>${url}</var>
<arg>${URLS}</arg>
<arg>${ENVIRONMENT}</arg>
<doc>Returns a value from the given ``dictionary`` based on the given ``key``.</doc>
<msg timestamp="20260224 12:01:52.986" level="INFO">${url} = http://172.21.0.93:9092/Kiya.aiCBS-10.2.0/LoginPage?tid=139&amp;lang=en</msg>
<status status="PASS" starttime="20260224 12:01:52.986" endtime="20260224 12:01:52.986"/>
</kw>
<return>
<value>${url}</value>
<status status="PASS" starttime="20260224 12:01:52.986" endtime="20260224 12:01:52.987"/>
</return>
<msg timestamp="20260224 12:01:52.987" level="INFO">${url} = http://172.21.0.93:9092/Kiya.aiCBS-10.2.0/LoginPage?tid=139&amp;lang=en</msg>
<status status="PASS" starttime="20260224 12:01:52.985" endtime="20260224 12:01:52.987"/>
</kw>
<kw name="Log" library="BuiltIn">
<arg>Opening application: ${url}</arg>
<doc>Logs the given message with the given level.</doc>
<msg timestamp="20260224 12:01:52.989" level="INFO">Opening application: http://172.21.0.93:9092/Kiya.aiCBS-10.2.0/LoginPage?tid=139&amp;lang=en</msg>
<status status="PASS" starttime="20260224 12:01:52.988" endtime="20260224 12:01:52.990"/>
</kw>
<kw name="Evaluate" library="BuiltIn">
<var>${options}</var>
<arg>sys.modules['selenium.webdriver'].ChromeOptions()</arg>
<arg>sys, selenium.webdriver</arg>
<doc>Evaluates the given expression in Python and returns the result.</doc>
<msg timestamp="20260224 12:01:52.993" level="INFO">${options} = &lt;selenium.webdriver.chrome.options.Options object at 0x0000025D5AF80830&gt;</msg>
<status status="PASS" starttime="20260224 12:01:52.991" endtime="20260224 12:01:52.993"/>
</kw>
<kw name="Run Keyword If" library="BuiltIn">
<arg>${headless}</arg>
<arg>Call Method</arg>
<arg>${options}</arg>
<arg>add_argument</arg>
<arg>--headless</arg>
<doc>Runs the given keyword with the given arguments, if ``condition`` is true.</doc>
<status status="PASS" starttime="20260224 12:01:52.994" endtime="20260224 12:01:52.995"/>
</kw>
<kw name="Call Method" library="BuiltIn">
<arg>${options}</arg>
<arg>add_argument</arg>
<arg>--no-sandbox</arg>
<doc>Calls the named method of the given object with the provided arguments.</doc>
<status status="PASS" starttime="20260224 12:01:52.996" endtime="20260224 12:01:52.997"/>
</kw>
<kw name="Call Method" library="BuiltIn">
<arg>${options}</arg>
<arg>add_argument</arg>
<arg>--disable-dev-shm-usage</arg>
<doc>Calls the named method of the given object with the provided arguments.</doc>
<status status="PASS" starttime="20260224 12:01:52.997" endtime="20260224 12:01:52.997"/>
</kw>
<kw name="Call Method" library="BuiltIn">
<arg>${options}</arg>
<arg>add_argument</arg>
<arg>--disable-gpu</arg>
<doc>Calls the named method of the given object with the provided arguments.</doc>
<status status="PASS" starttime="20260224 12:01:52.998" endtime="20260224 12:01:52.998"/>
</kw>
<kw name="Call Method" library="BuiltIn">
<arg>${options}</arg>
<arg>add_argument</arg>
<arg>--disable-web-security</arg>
<doc>Calls the named method of the given object with the provided arguments.</doc>
<status status="PASS" starttime="20260224 12:01:52.998" endtime="20260224 12:01:52.999"/>
</kw>
<kw name="Call Method" library="BuiltIn">
<arg>${options}</arg>
<arg>add_argument</arg>
<arg>--allow-running-insecure-content</arg>
<doc>Calls the named method of the given object with the provided arguments.</doc>
<status status="PASS" starttime="20260224 12:01:52.999" endtime="20260224 12:01:53.000"/>
</kw>
<kw name="Open Browser" library="SeleniumLibrary">
<arg>${url}</arg>
<arg>${browser}</arg>
<arg>options=${options}</arg>
<doc>Opens a new browser instance to the optional ``url``.</doc>
<msg timestamp="20260224 12:01:53.002" level="INFO">Opening browser 'chrome' to base url 'http://172.21.0.93:9092/Kiya.aiCBS-10.2.0/LoginPage?tid=139&amp;lang=en'.</msg>
<status status="PASS" starttime="20260224 12:01:53.001" endtime="20260224 12:04:54.907"/>
</kw>
<kw name="Maximize Browser Window" library="SeleniumLibrary">
<doc>Maximizes current browser window.</doc>
<status status="PASS" starttime="20260224 12:04:54.909" endtime="20260224 12:05:52.609"/>
</kw>
<kw name="Set Selenium Implicit Wait" library="SeleniumLibrary">
<arg>${IMPLICIT_WAIT}</arg>
<doc>Sets the implicit wait value used by Selenium.</doc>
<status status="PASS" starttime="20260224 12:05:52.610" endtime="20260224 12:05:52.623"/>
</kw>
<kw name="Set Selenium Timeout" library="SeleniumLibrary">
<arg>${PAGE_LOAD_TIMEOUT}</arg>
<doc>Sets the timeout that is used by various keywords.</doc>
<status status="PASS" starttime="20260224 12:05:52.624" endtime="20260224 12:05:52.628"/>
</kw>
<kw name="Setup Test Environment" library="base_page">
<doc>Setup test environment directories and logging</doc>
<kw name="Create Directory" library="OperatingSystem">
<arg>${SCREENSHOTS_DIR}</arg>
<doc>Creates the specified directory.</doc>
<msg timestamp="20260224 12:05:52.632" level="INFO" html="true">Directory '&lt;a href="file://D:\New_automation_\kfic-automation-framework\results\screenshots"&gt;D:\New_automation_\kfic-automation-framework\results\screenshots&lt;/a&gt;' already exists.</msg>
<status status="PASS" starttime="20260224 12:05:52.630" endtime="20260224 12:05:52.632"/>
</kw>
<kw name="Create Directory" library="OperatingSystem">
<arg>${REPORTS_DIR}</arg>
<doc>Creates the specified directory.</doc>
<msg timestamp="20260224 12:05:52.634" level="INFO" html="true">Directory '&lt;a href="file://D:\New_automation_\kfic-automation-framework\results\reports"&gt;D:\New_automation_\kfic-automation-framework\results\reports&lt;/a&gt;' already exists.</msg>
<status status="PASS" starttime="20260224 12:05:52.633" endtime="20260224 12:05:52.634"/>
</kw>
<kw name="Create Directory" library="OperatingSystem">
<arg>${LOGS_DIR}</arg>
<doc>Creates the specified directory.</doc>
<msg timestamp="20260224 12:05:52.636" level="INFO" html="true">Directory '&lt;a href="file://D:\New_automation_\kfic-automation-framework\results\logs"&gt;D:\New_automation_\kfic-automation-framework\results\logs&lt;/a&gt;' already exists.</msg>
<status status="PASS" starttime="20260224 12:05:52.635" endtime="20260224 12:05:52.636"/>
</kw>
<kw name="Log" library="BuiltIn">
<arg>Test environment setup completed</arg>
<doc>Logs the given message with the given level.</doc>
<msg timestamp="20260224 12:05:52.637" level="INFO">Test environment setup completed</msg>
<status status="PASS" starttime="20260224 12:05:52.636" endtime="20260224 12:05:52.638"/>
</kw>
<kw name="Log" library="BuiltIn">
<arg>Screenshots directory: ${SCREENSHOTS_DIR}</arg>
<doc>Logs the given message with the given level.</doc>
<msg timestamp="20260224 12:05:52.639" level="INFO">Screenshots directory: D:\New_automation_\kfic-automation-framework\config/../results/screenshots</msg>
<status status="PASS" starttime="20260224 12:05:52.638" endtime="20260224 12:05:52.639"/>
</kw>
<kw name="Log" library="BuiltIn">
<arg>Reports directory: ${REPORTS_DIR}</arg>
<doc>Logs the given message with the given level.</doc>
<msg timestamp="20260224 12:05:52.640" level="INFO">Reports directory: D:\New_automation_\kfic-automation-framework\config/../results/reports</msg>
<status status="PASS" starttime="20260224 12:05:52.639" endtime="20260224 12:05:52.640"/>
</kw>
<kw name="Log" library="BuiltIn">
<arg>Logs directory: ${LOGS_DIR}</arg>
<doc>Logs the given message with the given level.</doc>
<msg timestamp="20260224 12:05:52.643" level="INFO">Logs directory: D:\New_automation_\kfic-automation-framework\config/../results/logs</msg>
<status status="PASS" starttime="20260224 12:05:52.641" endtime="20260224 12:05:52.643"/>
</kw>
<status status="PASS" starttime="20260224 12:05:52.629" endtime="20260224 12:05:52.643"/>
</kw>
<kw name="Validate Environment" library="framework_config">
<doc>Validates if environment configuration is correct</doc>
<kw name="Dictionary Should Contain Key" library="Collections">
<arg>${URLS}</arg>
<arg>${ENVIRONMENT}</arg>
<doc>Fails if ``key`` is not found from ``dictionary``.</doc>
<status status="PASS" starttime="20260224 12:01:52.983" endtime="20260224 12:01:52.984"/>
</kw>
<kw name="Should Not Be Empty" library="BuiltIn">
<arg>${URLS.${ENVIRONMENT}}</arg>
<doc>Verifies that the given item is not empty.</doc>
<msg timestamp="20260224 12:01:52.987" level="INFO">Length is 67</msg>
<status status="PASS" starttime="20260224 12:01:52.985" endtime="20260224 12:01:52.987"/>
</kw>
<kw name="Log" library="BuiltIn">
<arg>Environment validation passed for: ${ENVIRONMENT}</arg>
<doc>Logs the given message with the given level.</doc>
<msg timestamp="20260224 12:01:52.987" level="INFO">Environment validation passed for: qc</msg>
<status status="PASS" starttime="20260224 12:01:52.987" endtime="20260224 12:01:52.987"/>
</kw>
<status status="PASS" starttime="20260224 12:01:52.982" endtime="20260224 12:01:52.987"/>
</kw>
<kw name="Get Environment URL" library="framework_config">
<var>${url}</var>
<doc>Returns URL based on current environment</doc>
<kw name="Get From Dictionary" library="Collections">
<var>${url}</var>
<arg>${URLS}</arg>
<arg>${ENVIRONMENT}</arg>
<doc>Returns a value from the given ``dictionary`` based on the given ``key``.</doc>
<msg timestamp="20260224 12:01:52.991" level="INFO">${url} = http://172.21.0.93:9092/Kiya.aiCBS-10.2.0/LoginPage?tid=139&amp;lang=en</msg>
<status status="PASS" starttime="20260224 12:01:52.989" endtime="20260224 12:01:52.991"/>
</kw>
<return>
<value>${url}</value>
<status status="PASS" starttime="20260224 12:01:52.991" endtime="20260224 12:01:52.992"/>
</return>
<msg timestamp="20260224 12:01:52.992" level="INFO">${url} = http://172.21.0.93:9092/Kiya.aiCBS-10.2.0/LoginPage?tid=139&amp;lang=en</msg>
<status status="PASS" starttime="20260224 12:01:52.988" endtime="20260224 12:01:52.992"/>
</kw>
<kw name="Log" library="BuiltIn">
<arg>Opening application: ${url}</arg>
<doc>Logs the given message with the given level.</doc>
<msg timestamp="20260224 12:01:52.993" level="INFO">Opening application: http://172.21.0.93:9092/Kiya.aiCBS-10.2.0/LoginPage?tid=139&amp;lang=en</msg>
<status status="PASS" starttime="20260224 12:01:52.993" endtime="20260224 12:01:52.993"/>
</kw>
<kw name="Evaluate" library="BuiltIn">
<var>${options}</var>
<arg>sys.modules['selenium.webdriver'].ChromeOptions()</arg>
<arg>sys, selenium.webdriver</arg>
<doc>Evaluates the given expression in Python and returns the result.</doc>
<msg timestamp="20260224 12:01:52.995" level="INFO">${options} = &lt;selenium.webdriver.chrome.options.Options object at 0x000002123BEF0830&gt;</msg>
<status status="PASS" starttime="20260224 12:01:52.994" endtime="20260224 12:01:52.995"/>
</kw>
<kw name="Run Keyword If" library="BuiltIn">
<arg>${headless}</arg>
<arg>Call Method</arg>
<arg>${options}</arg>
<arg>add_argument</arg>
<arg>--headless</arg>
<doc>Runs the given keyword with the given arguments, if ``condition`` is true.</doc>
<status status="PASS" starttime="20260224 12:01:52.995" endtime="20260224 12:01:52.996"/>
</kw>
<kw name="Call Method" library="BuiltIn">
<arg>${options}</arg>
<arg>add_argument</arg>
<arg>--no-sandbox</arg>
<doc>Calls the named method of the given object with the provided arguments.</doc>
<status status="PASS" starttime="20260224 12:01:52.997" endtime="20260224 12:01:52.997"/>
</kw>
<kw name="Call Method" library="BuiltIn">
<arg>${options}</arg>
<arg>add_argument</arg>
<arg>--disable-dev-shm-usage</arg>
<doc>Calls the named method of the given object with the provided arguments.</doc>
<status status="PASS" starttime="20260224 12:01:52.998" endtime="20260224 12:01:52.999"/>
</kw>
<kw name="Call Method" library="BuiltIn">
<arg>${options}</arg>
<arg>add_argument</arg>
<arg>--disable-gpu</arg>
<doc>Calls the named method of the given object with the provided arguments.</doc>
<status status="PASS" starttime="20260224 12:01:52.999" endtime="20260224 12:01:53.000"/>
</kw>
<kw name="Call Method" library="BuiltIn">
<arg>${options}</arg>
<arg>add_argument</arg>
<arg>--disable-web-security</arg>
<doc>Calls the named method of the given object with the provided arguments.</doc>
<status status="PASS" starttime="20260224 12:01:53.001" endtime="20260224 12:01:53.002"/>
</kw>
<kw name="Call Method" library="BuiltIn">
<arg>${options}</arg>
<arg>add_argument</arg>
<arg>--allow-running-insecure-content</arg>
<doc>Calls the named method of the given object with the provided arguments.</doc>
<status status="PASS" starttime="20260224 12:01:53.002" endtime="20260224 12:01:53.003"/>
</kw>
<kw name="Open Browser" library="SeleniumLibrary">
<arg>${url}</arg>
<arg>${browser}</arg>
<arg>options=${options}</arg>
<doc>Opens a new browser instance to the optional ``url``.</doc>
<msg timestamp="20260224 12:01:53.005" level="INFO">Opening browser 'chrome' to base url 'http://172.21.0.93:9092/Kiya.aiCBS-10.2.0/LoginPage?tid=139&amp;lang=en'.</msg>
<status status="PASS" starttime="20260224 12:01:53.003" endtime="20260224 12:04:54.918"/>
</kw>
<kw name="Maximize Browser Window" library="SeleniumLibrary">
<doc>Maximizes current browser window.</doc>
<status status="PASS" starttime="20260224 12:04:54.919" endtime="20260224 12:05:57.699"/>
</kw>
<kw name="Set Selenium Implicit Wait" library="SeleniumLibrary">
<arg>${IMPLICIT_WAIT}</arg>
<doc>Sets the implicit wait value used by Selenium.</doc>
<status status="PASS" starttime="20260224 12:05:57.701" endtime="20260224 12:05:57.734"/>
</kw>
<kw name="Set Selenium Timeout" library="SeleniumLibrary">
<arg>${PAGE_LOAD_TIMEOUT}</arg>
<doc>Sets the timeout that is used by various keywords.</doc>
<status status="PASS" starttime="20260224 12:05:57.735" endtime="20260224 12:05:57.751"/>
</kw>
<kw name="Setup Test Environment" library="base_page">
<doc>Setup test environment directories and logging</doc>
<kw name="Create Directory" library="OperatingSystem">
<arg>${SCREENSHOTS_DIR}</arg>
<doc>Creates the specified directory.</doc>
<msg timestamp="20260224 12:05:57.755" level="INFO" html="true">Directory '&lt;a href="file://D:\New_automation_\kfic-automation-framework\results\screenshots"&gt;D:\New_automation_\kfic-automation-framework\results\screenshots&lt;/a&gt;' already exists.</msg>
<status status="PASS" starttime="20260224 12:05:57.754" endtime="20260224 12:05:57.755"/>
</kw>
<kw name="Create Directory" library="OperatingSystem">
<arg>${REPORTS_DIR}</arg>
<doc>Creates the specified directory.</doc>
<msg timestamp="20260224 12:05:57.756" level="INFO" html="true">Directory '&lt;a href="file://D:\New_automation_\kfic-automation-framework\results\reports"&gt;D:\New_automation_\kfic-automation-framework\results\reports&lt;/a&gt;' already exists.</msg>
<status status="PASS" starttime="20260224 12:05:57.755" endtime="20260224 12:05:57.756"/>
</kw>
<kw name="Create Directory" library="OperatingSystem">
<arg>${LOGS_DIR}</arg>
<doc>Creates the specified directory.</doc>
<msg timestamp="20260224 12:05:57.757" level="INFO" html="true">Directory '&lt;a href="file://D:\New_automation_\kfic-automation-framework\results\logs"&gt;D:\New_automation_\kfic-automation-framework\results\logs&lt;/a&gt;' already exists.</msg>
<status status="PASS" starttime="20260224 12:05:57.756" endtime="20260224 12:05:57.757"/>
</kw>
<kw name="Log" library="BuiltIn">
<arg>Test environment setup completed</arg>
<doc>Logs the given message with the given level.</doc>
<msg timestamp="20260224 12:05:57.758" level="INFO">Test environment setup completed</msg>
<status status="PASS" starttime="20260224 12:05:57.757" endtime="20260224 12:05:57.758"/>
</kw>
<kw name="Log" library="BuiltIn">
<arg>Screenshots directory: ${SCREENSHOTS_DIR}</arg>
<doc>Logs the given message with the given level.</doc>
<msg timestamp="20260224 12:05:57.759" level="INFO">Screenshots directory: D:\New_automation_\kfic-automation-framework\config/../results/screenshots</msg>
<status status="PASS" starttime="20260224 12:05:57.758" endtime="20260224 12:05:57.759"/>
</kw>
<kw name="Log" library="BuiltIn">
<arg>Reports directory: ${REPORTS_DIR}</arg>
<doc>Logs the given message with the given level.</doc>
<msg timestamp="20260224 12:05:57.760" level="INFO">Reports directory: D:\New_automation_\kfic-automation-framework\config/../results/reports</msg>
<status status="PASS" starttime="20260224 12:05:57.760" endtime="20260224 12:05:57.761"/>
</kw>
<kw name="Log" library="BuiltIn">
<arg>Logs directory: ${LOGS_DIR}</arg>
<doc>Logs the given message with the given level.</doc>
<msg timestamp="20260224 12:05:57.761" level="INFO">Logs directory: D:\New_automation_\kfic-automation-framework\config/../results/logs</msg>
<status status="PASS" starttime="20260224 12:05:57.761" endtime="20260224 12:05:57.762"/>
</kw>
<status status="PASS" starttime="20260224 12:05:57.752" endtime="20260224 12:05:57.762"/>
</kw>
<status status="PASS" starttime="20260224 12:01:52.981" endtime="20260224 12:05:52.429"/>
</kw>
<test id="s1-t1" name="TC001_Complete_Receipt_Generation_Workflow" line="10">
<kw name="Load Test Data From JSON" library="data_utils">
<var>${receipt_data}</var>
<arg>receipt_data.json</arg>
<doc>Loads test data from JSON file with error handling</doc>
<kw name="Join Path" library="OperatingSystem">
<var>${file_path}</var>
<arg>${TEST_DATA_PATH}</arg>
<arg>${file_name}</arg>
<doc>Joins the given path part(s) to the given base path.</doc>
<msg timestamp="20260224 12:05:52.436" level="INFO">${file_path} = D:\New_automation_\kfic-automation-framework\data\receipt_data.json</msg>
<status status="PASS" starttime="20260224 12:05:52.435" endtime="20260224 12:05:52.436"/>
</kw>
<kw name="File Should Exist" library="OperatingSystem">
<arg>${file_path}</arg>
<arg>Test data file not found: ${file_path}</arg>
<doc>Fails unless the given ``path`` points to an existing file.</doc>
<msg timestamp="20260224 12:05:52.438" level="INFO" html="true">File '&lt;a href="file://D:\New_automation_\kfic-automation-framework\data\receipt_data.json"&gt;D:\New_automation_\kfic-automation-framework\data\receipt_data.json&lt;/a&gt;' exists.</msg>
<status status="PASS" starttime="20260224 12:05:52.436" endtime="20260224 12:05:52.438"/>
</kw>
<kw name="Get File" library="OperatingSystem">
<var>${json_string}</var>
<arg>${file_path}</arg>
<doc>Returns the contents of a specified file.</doc>
<msg timestamp="20260224 12:05:52.439" level="INFO" html="true">Getting file '&lt;a href="file://D:\New_automation_\kfic-automation-framework\data\receipt_data.json"&gt;D:\New_automation_\kfic-automation-framework\data\receipt_data.json&lt;/a&gt;'.</msg>
<msg timestamp="20260224 12:05:52.452" level="INFO">${json_string} = {
  "receipt_data": {
    "bookSize": "1",
    "noOfBooks": "5",
    "startReceiptNo": "RCP001001",
    "bookPrefix": "BK",
    "receiptPrefix": "RCP"
  },
  "receipt_data_variant_a": {
    "bookSize"...</msg>
<status status="PASS" starttime="20260224 12:05:52.438" endtime="20260224 12:05:52.452"/>
</kw>
<kw name="Evaluate" library="BuiltIn">
<var>${json_data}</var>
<arg>json.loads('''${json_string}''')</arg>
<arg>json</arg>
<doc>Evaluates the given expression in Python and returns the result.</doc>
<msg timestamp="20260224 12:05:52.454" level="INFO">${json_data} = {'receipt_data': {'bookSize': '1', 'noOfBooks': '5', 'startReceiptNo': 'RCP001001', 'bookPrefix': 'BK', 'receiptPrefix': 'RCP'}, 'receipt_data_variant_a': {'bookSize': '1', 'noOfBooks': '3', 'startRec...</msg>
<status status="PASS" starttime="20260224 12:05:52.452" endtime="20260224 12:05:52.454"/>
</kw>
<kw name="Log" library="BuiltIn">
<arg>Loaded test data from: ${file_name}</arg>
<doc>Logs the given message with the given level.</doc>
<msg timestamp="20260224 12:05:52.456" level="INFO">Loaded test data from: receipt_data.json</msg>
<status status="PASS" starttime="20260224 12:05:52.454" endtime="20260224 12:05:52.456"/>
</kw>
<return>
<value>${json_data}</value>
<status status="PASS" starttime="20260224 12:05:52.456" endtime="20260224 12:05:52.457"/>
</return>
<msg timestamp="20260224 12:05:52.458" level="INFO">${receipt_data} = {'receipt_data': {'bookSize': '1', 'noOfBooks': '5', 'startReceiptNo': 'RCP001001', 'bookPrefix': 'BK', 'receiptPrefix': 'RCP'}, 'receipt_data_variant_a': {'bookSize': '1', 'noOfBooks': '3', 'startRec...</msg>
<status status="PASS" starttime="20260224 12:05:52.433" endtime="20260224 12:05:52.458"/>
</kw>
<kw name="Get From Dictionary" library="Collections">
<var>${receipt_info}</var>
<arg>${receipt_data}</arg>
<arg>receipt_data</arg>
<doc>Returns a value from the given ``dictionary`` based on the given ``key``.</doc>
<msg timestamp="20260224 12:05:52.459" level="INFO">${receipt_info} = {'bookSize': '1', 'noOfBooks': '5', 'startReceiptNo': 'RCP001001', 'bookPrefix': 'BK', 'receiptPrefix': 'RCP'}</msg>
<status status="PASS" starttime="20260224 12:05:52.458" endtime="20260224 12:05:52.459"/>
</kw>
<kw name="Get From Dictionary" library="Collections">
<var>${users_data}</var>
<arg>${receipt_data}</arg>
<arg>users</arg>
<doc>Returns a value from the given ``dictionary`` based on the given ``key``.</doc>
<msg timestamp="20260224 12:05:52.460" level="INFO">${users_data} = {'maker': {'username': 'infraadmin', 'password': 'Abcd#123'}, 'checker': {'username': 'kiyaadmin', 'password': 'Abcd#123'}}</msg>
<status status="PASS" starttime="20260224 12:05:52.460" endtime="20260224 12:05:52.460"/>
</kw>
<kw name="Complete Receipt Generation Workflow" library="receipt_workflow">
<arg>${receipt_info}</arg>
<arg>${users_data}</arg>
<doc>Completes full receipt generation workflow</doc>
<kw name="Get From Dictionary" library="Collections">
<var>${maker_user}</var>
<arg>${users_data}</arg>
<arg>maker</arg>
<doc>Returns a value from the given ``dictionary`` based on the given ``key``.</doc>
<msg timestamp="20260224 12:05:52.465" level="INFO">${maker_user} = {'username': 'infraadmin', 'password': 'Abcd#123'}</msg>
<status status="PASS" starttime="20260224 12:05:52.462" endtime="20260224 12:05:52.465"/>
</kw>
<kw name="Login To Application" library="login_page">
<arg>${maker_user['username']}</arg>
<arg>${maker_user['password']}</arg>
<doc>Complete login process with Re-Login handling</doc>
<kw name="Handle Re-Login If Present" library="login_page">
<doc>Handles Re-Login button if it appears</doc>
<kw name="Run Keyword And Return Status" library="BuiltIn">
<var>${relogin_present}</var>
<arg>Element Should Be Visible</arg>
<arg>${RELOGIN_BUTTON}</arg>
<doc>Runs the given keyword with given arguments and returns the status as a Boolean value.</doc>
<kw name="Element Should Be Visible" library="SeleniumLibrary">
<arg>${RELOGIN_BUTTON}</arg>
<doc>Verifies that the element identified by ``locator`` is visible.</doc>
<msg timestamp="20260224 12:06:08.092" level="INFO" html="true">&lt;/td&gt;&lt;/tr&gt;&lt;tr&gt;&lt;td colspan="3"&gt;&lt;a href="0-selenium-screenshot-1.png"&gt;&lt;img src="0-selenium-screenshot-1.png" width="800px"&gt;&lt;/a&gt;</msg>
<msg timestamp="20260224 12:06:08.094" level="FAIL">Element with locator 'id=relogin' not found.</msg>
<status status="FAIL" starttime="20260224 12:05:52.478" endtime="20260224 12:06:08.142"/>
</kw>
<msg timestamp="20260224 12:06:08.143" level="INFO">${relogin_present} = False</msg>
<status status="PASS" starttime="20260224 12:05:52.476" endtime="20260224 12:06:08.143"/>
</kw>
<kw name="Run Keyword If" library="BuiltIn">
<arg>${relogin_present}</arg>
<arg>Click Element</arg>
<arg>${RELOGIN_BUTTON}</arg>
<doc>Runs the given keyword with the given arguments, if ``condition`` is true.</doc>
<status status="PASS" starttime="20260224 12:06:08.144" endtime="20260224 12:06:08.145"/>
</kw>
<kw name="Run Keyword If" library="BuiltIn">
<arg>${relogin_present}</arg>
<arg>Wait For Page Load</arg>
<doc>Runs the given keyword with the given arguments, if ``condition`` is true.</doc>
<status status="PASS" starttime="20260224 12:06:08.146" endtime="20260224 12:06:08.147"/>
</kw>
<status status="PASS" starttime="20260224 12:05:52.473" endtime="20260224 12:06:08.147"/>
</kw>
<kw name="Enter Username" library="login_page">
<arg>${username}</arg>
<doc>Enters username in the login field</doc>
<kw name="Wait For Element And Input Text" library="base_page">
<arg>${USERNAME_FIELD}</arg>
<arg>${username}</arg>
<doc>Enhanced text input with validation</doc>
<kw name="Wait Until Element Is Visible" library="SeleniumLibrary">
<arg>${locator}</arg>
<arg>timeout=${timeout}</arg>
<doc>Waits until the element ``locator`` is visible.</doc>
<status status="PASS" starttime="20260224 12:06:08.151" endtime="20260224 12:06:08.540"/>
</kw>
<kw name="Wait Until Element Is Enabled" library="SeleniumLibrary">
<arg>${locator}</arg>
<arg>timeout=${timeout}</arg>
<doc>Waits until the element ``locator`` is enabled.</doc>
<status status="PASS" starttime="20260224 12:06:08.541" endtime="20260224 12:06:08.662"/>
</kw>
<kw name="Clear Element Text" library="SeleniumLibrary">
<arg>${locator}</arg>
<doc>Clears the value of the text-input-element identified by ``locator``.</doc>
<status status="PASS" starttime="20260224 12:06:08.663" endtime="20260224 12:06:08.830"/>
</kw>
<kw name="Sleep" library="BuiltIn">
<arg>0.5s</arg>
<doc>Pauses the test executed for the given time.</doc>
<msg timestamp="20260224 12:06:09.332" level="INFO">Slept 500 milliseconds</msg>
<status status="PASS" starttime="20260224 12:06:08.830" endtime="20260224 12:06:09.332"/>
</kw>
<kw name="Convert To String" library="BuiltIn">
<var>${text_string}</var>
<arg>${text}</arg>
<doc>Converts the given item to a Unicode string.</doc>
<msg timestamp="20260224 12:06:09.335" level="INFO">${text_string} = infraadmin</msg>
<status status="PASS" starttime="20260224 12:06:09.333" endtime="20260224 12:06:09.335"/>
</kw>
<kw name="Get Length" library="BuiltIn">
<var>${text_length}</var>
<arg>${text_string}</arg>
<doc>Returns and logs the length of the given item as an integer.</doc>
<msg timestamp="20260224 12:06:09.337" level="INFO">Length is 10</msg>
<msg timestamp="20260224 12:06:09.337" level="INFO">${text_length} = 10</msg>
<status status="PASS" starttime="20260224 12:06:09.336" endtime="20260224 12:06:09.337"/>
</kw>
<kw name="Run Keyword If" library="BuiltIn">
<arg>${text_length} &gt; 10</arg>
<arg>Input Text</arg>
<arg>${locator}</arg>
<arg>${text_string}</arg>
<arg>ELSE</arg>
<arg>Input Text</arg>
<arg>${locator}</arg>
<arg>${text_string}</arg>
<doc>Runs the given keyword with the given arguments, if ``condition`` is true.</doc>
<kw name="Input Text" library="SeleniumLibrary">
<arg>${locator}</arg>
<arg>${text_string}</arg>
<doc>Types the given ``text`` into the text field identified by ``locator``.</doc>
<msg timestamp="20260224 12:06:09.341" level="INFO">Typing text 'infraadmin' into text field 'id=loginId'.</msg>
<status status="PASS" starttime="20260224 12:06:09.339" endtime="20260224 12:06:09.818"/>
</kw>
<status status="PASS" starttime="20260224 12:06:09.338" endtime="20260224 12:06:09.819"/>
</kw>
<kw name="Sleep" library="BuiltIn">
<arg>0.5s</arg>
<doc>Pauses the test executed for the given time.</doc>
<msg timestamp="20260224 12:06:10.320" level="INFO">Slept 500 milliseconds</msg>
<status status="PASS" starttime="20260224 12:06:09.819" endtime="20260224 12:06:10.320"/>
</kw>
<kw name="Log" library="BuiltIn">
<arg>Text entered: ${text_string}</arg>
<doc>Logs the given message with the given level.</doc>
<msg timestamp="20260224 12:06:10.322" level="INFO">Text entered: infraadmin</msg>
<status status="PASS" starttime="20260224 12:06:10.321" endtime="20260224 12:06:10.322"/>
</kw>
<status status="PASS" starttime="20260224 12:06:08.149" endtime="20260224 12:06:10.323"/>
</kw>
<status status="PASS" starttime="20260224 12:06:08.148" endtime="20260224 12:06:10.323"/>
</kw>
<kw name="Enter Password" library="login_page">
<arg>${password}</arg>
<doc>Enters password in the login field</doc>
<kw name="Wait For Element And Input Text" library="base_page">
<arg>${PASSWORD_FIELD}</arg>
<arg>${password}</arg>
<doc>Enhanced text input with validation</doc>
<kw name="Wait Until Element Is Visible" library="SeleniumLibrary">
<arg>${locator}</arg>
<arg>timeout=${timeout}</arg>
<doc>Waits until the element ``locator`` is visible.</doc>
<status status="PASS" starttime="20260224 12:06:10.326" endtime="20260224 12:06:10.415"/>
</kw>
<kw name="Wait Until Element Is Enabled" library="SeleniumLibrary">
<arg>${locator}</arg>
<arg>timeout=${timeout}</arg>
<doc>Waits until the element ``locator`` is enabled.</doc>
<status status="PASS" starttime="20260224 12:06:10.415" endtime="20260224 12:06:10.512"/>
</kw>
<kw name="Clear Element Text" library="SeleniumLibrary">
<arg>${locator}</arg>
<doc>Clears the value of the text-input-element identified by ``locator``.</doc>
<status status="PASS" starttime="20260224 12:06:10.513" endtime="20260224 12:06:10.616"/>
</kw>
<kw name="Sleep" library="BuiltIn">
<arg>0.5s</arg>
<doc>Pauses the test executed for the given time.</doc>
<msg timestamp="20260224 12:06:11.118" level="INFO">Slept 500 milliseconds</msg>
<status status="PASS" starttime="20260224 12:06:10.617" endtime="20260224 12:06:11.119"/>
</kw>
<kw name="Convert To String" library="BuiltIn">
<var>${text_string}</var>
<arg>${text}</arg>
<doc>Converts the given item to a Unicode string.</doc>
<msg timestamp="20260224 12:06:11.120" level="INFO">${text_string} = Abcd#123</msg>
<status status="PASS" starttime="20260224 12:06:11.119" endtime="20260224 12:06:11.120"/>
</kw>
<kw name="Get Length" library="BuiltIn">
<var>${text_length}</var>
<arg>${text_string}</arg>
<doc>Returns and logs the length of the given item as an integer.</doc>
<msg timestamp="20260224 12:06:11.121" level="INFO">Length is 8</msg>
<msg timestamp="20260224 12:06:11.121" level="INFO">${text_length} = 8</msg>
<status status="PASS" starttime="20260224 12:06:11.121" endtime="20260224 12:06:11.121"/>
</kw>
<kw name="Run Keyword If" library="BuiltIn">
<arg>${text_length} &gt; 10</arg>
<arg>Input Text</arg>
<arg>${locator}</arg>
<arg>${text_string}</arg>
<arg>ELSE</arg>
<arg>Input Text</arg>
<arg>${locator}</arg>
<arg>${text_string}</arg>
<doc>Runs the given keyword with the given arguments, if ``condition`` is true.</doc>
<kw name="Input Text" library="SeleniumLibrary">
<arg>${locator}</arg>
<arg>${text_string}</arg>
<doc>Types the given ``text`` into the text field identified by ``locator``.</doc>
<msg timestamp="20260224 12:06:11.125" level="INFO">Typing text 'Abcd#123' into text field 'id=uiPwd'.</msg>
<status status="PASS" starttime="20260224 12:06:11.123" endtime="20260224 12:06:19.897"/>
</kw>
<status status="PASS" starttime="20260224 12:06:11.121" endtime="20260224 12:06:19.898"/>
</kw>
<kw name="Sleep" library="BuiltIn">
<arg>0.5s</arg>
<doc>Pauses the test executed for the given time.</doc>
<msg timestamp="20260224 12:06:20.400" level="INFO">Slept 500 milliseconds</msg>
<status status="PASS" starttime="20260224 12:06:19.898" endtime="20260224 12:06:20.400"/>
</kw>
<kw name="Log" library="BuiltIn">
<arg>Text entered: ${text_string}</arg>
<doc>Logs the given message with the given level.</doc>
<msg timestamp="20260224 12:06:20.401" level="INFO">Text entered: Abcd#123</msg>
<status status="PASS" starttime="20260224 12:06:20.401" endtime="20260224 12:06:20.402"/>
</kw>
<status status="PASS" starttime="20260224 12:06:10.325" endtime="20260224 12:06:20.402"/>
</kw>
<status status="PASS" starttime="20260224 12:06:10.323" endtime="20260224 12:06:20.402"/>
</kw>
<kw name="Click Login Button" library="login_page">
<doc>Clicks the login button</doc>
<kw name="Wait For Element And Click" library="base_page">
<arg>${LOGIN_BUTTON}</arg>
<doc>Enhanced element clicking with retry mechanism</doc>
<for flavor="IN RANGE">
<var>${i}</var>
<value>${retry_count}</value>
<iter>
<var name="${i}">0</var>
<kw name="Run Keyword And Return Status" library="BuiltIn">
<var>${success}</var>
<arg>Run Keywords</arg>
<arg>Wait Until Element Is Visible</arg>
<arg>${locator}</arg>
<arg>timeout=${timeout}</arg>
<arg>AND</arg>
<arg>Wait Until Element Is Enabled</arg>
<arg>${locator}</arg>
<arg>timeout=${timeout}</arg>
<arg>AND</arg>
<arg>Click Element</arg>
<arg>${locator}</arg>
<doc>Runs the given keyword with given arguments and returns the status as a Boolean value.</doc>
<kw name="Run Keywords" library="BuiltIn">
<arg>Wait Until Element Is Visible</arg>
<arg>${locator}</arg>
<arg>timeout=${timeout}</arg>
<arg>AND</arg>
<arg>Wait Until Element Is Enabled</arg>
<arg>${locator}</arg>
<arg>timeout=${timeout}</arg>
<arg>AND</arg>
<arg>Click Element</arg>
<arg>${locator}</arg>
<doc>Executes all the given keywords in a sequence.</doc>
<kw name="Wait Until Element Is Visible" library="SeleniumLibrary">
<arg>${locator}</arg>
<arg>timeout=${timeout}</arg>
<doc>Waits until the element ``locator`` is visible.</doc>
<status status="PASS" starttime="20260224 12:06:20.411" endtime="20260224 12:06:20.482"/>
</kw>
<kw name="Wait Until Element Is Enabled" library="SeleniumLibrary">
<arg>${locator}</arg>
<arg>timeout=${timeout}</arg>
<doc>Waits until the element ``locator`` is enabled.</doc>
<status status="PASS" starttime="20260224 12:06:20.483" endtime="20260224 12:06:20.586"/>
</kw>
<kw name="Click Element" library="SeleniumLibrary">
<arg>${locator}</arg>
<doc>Click the element identified by ``locator``.</doc>
<msg timestamp="20260224 12:06:20.588" level="INFO">Clicking element 'id=userLogin'.</msg>
<status status="PASS" starttime="20260224 12:06:20.586" endtime="20260224 12:09:23.732"/>
</kw>
<status status="PASS" starttime="20260224 12:06:20.410" endtime="20260224 12:09:23.734"/>
</kw>
<msg timestamp="20260224 12:09:23.734" level="INFO">${success} = True</msg>
<status status="PASS" starttime="20260224 12:06:20.409" endtime="20260224 12:09:23.735"/>
</kw>
<kw name="Exit For Loop If" library="BuiltIn">
<arg>${success}</arg>
<doc>Stops executing the enclosing FOR loop if the ``condition`` is true.</doc>
<msg timestamp="20260224 12:09:23.739" level="INFO">Exiting for loop altogether.</msg>
<status status="PASS" starttime="20260224 12:09:23.736" endtime="20260224 12:09:23.740"/>
</kw>
<kw name="Run Keyword If" library="BuiltIn">
<arg>${i} &lt; ${retry_count}-1</arg>
<arg>Run Keywords</arg>
<arg>Log</arg>
<arg>Retry ${i+1}: Element click failed, retrying...</arg>
<arg>AND</arg>
<arg>Sleep</arg>
<arg>${RETRY_DELAY}s</arg>
<doc>Runs the given keyword with the given arguments, if ``condition`` is true.</doc>
<status status="NOT RUN" starttime="20260224 12:09:23.741" endtime="20260224 12:09:23.742"/>
</kw>
<status status="PASS" starttime="20260224 12:06:20.408" endtime="20260224 12:09:23.743"/>
</iter>
<status status="PASS" starttime="20260224 12:06:20.407" endtime="20260224 12:09:23.744"/>
</for>
<kw name="Run Keyword Unless" library="BuiltIn">
<arg>${success}</arg>
<arg>Fail</arg>
<arg>Failed to click element ${locator} after ${retry_count} attempts</arg>
<doc>*DEPRECATED since RF 5.0. Use Native IF/ELSE or `Run Keyword If` instead.*</doc>
<msg timestamp="20260224 12:09:23.747" level="WARN">Keyword 'BuiltIn.Run Keyword Unless' is deprecated. </msg>
<status status="PASS" starttime="20260224 12:09:23.746" endtime="20260224 12:09:23.755"/>
</kw>
<status status="PASS" starttime="20260224 12:06:20.405" endtime="20260224 12:09:23.756"/>
</kw>
<kw name="Wait For Loading To Complete" library="base_page">
<doc>Wait for loading indicators to disappear</doc>
<kw name="Run Keyword And Return Status" library="BuiltIn">
<var>${loading_present}</var>
<arg>Wait Until Element Is Not Visible</arg>
<arg>${LOADING_SPINNER}</arg>
<arg>timeout=10s</arg>
<doc>Runs the given keyword with given arguments and returns the status as a Boolean value.</doc>
<kw name="Wait Until Element Is Not Visible" library="SeleniumLibrary">
<arg>${LOADING_SPINNER}</arg>
<arg>timeout=10s</arg>
<doc>Waits until the element ``locator`` is not visible.</doc>
<status status="PASS" starttime="20260224 12:09:23.760" endtime="20260224 12:09:38.812"/>
</kw>
<msg timestamp="20260224 12:09:38.817" level="INFO">${loading_present} = True</msg>
<status status="PASS" starttime="20260224 12:09:23.759" endtime="20260224 12:09:38.817"/>
</kw>
<kw name="Sleep" library="BuiltIn">
<arg>1s</arg>
<doc>Pauses the test executed for the given time.</doc>
<msg timestamp="20260224 12:09:39.819" level="INFO">Slept 1 second</msg>
<status status="PASS" starttime="20260224 12:09:38.817" endtime="20260224 12:09:39.819"/>
</kw>
<status status="PASS" starttime="20260224 12:09:23.756" endtime="20260224 12:09:39.820"/>
</kw>
<status status="PASS" starttime="20260224 12:06:20.403" endtime="20260224 12:09:39.820"/>
</kw>
<kw name="Wait For Page Load" library="base_page">
<doc>Enhanced page load waiting with multiple checks</doc>
<kw name="Wait For Condition" library="SeleniumLibrary">
<arg>return document.readyState == "complete"</arg>
<arg>timeout=${PAGE_LOAD_TIMEOUT}s</arg>
<doc>Waits until ``condition`` is true or ``timeout`` expires.</doc>
<status status="PASS" starttime="20260224 12:09:39.821" endtime="20260224 12:09:39.847"/>
</kw>
<kw name="Sleep" library="BuiltIn">
<arg>1s</arg>
<doc>Pauses the test executed for the given time.</doc>
<msg timestamp="20260224 12:09:40.850" level="INFO">Slept 1 second</msg>
<status status="PASS" starttime="20260224 12:09:39.848" endtime="20260224 12:09:40.851"/>
</kw>
<kw name="Run Keyword And Return Status" library="BuiltIn">
<var>${spinner_present}</var>
<arg>Wait Until Element Is Not Visible</arg>
<arg>${LOADING_SPINNER}</arg>
<arg>timeout=5s</arg>
<doc>Runs the given keyword with given arguments and returns the status as a Boolean value.</doc>
<kw name="Wait Until Element Is Not Visible" library="SeleniumLibrary">
<arg>${LOADING_SPINNER}</arg>
<arg>timeout=5s</arg>
<doc>Waits until the element ``locator`` is not visible.</doc>
<status status="PASS" starttime="20260224 12:09:40.852" endtime="20260224 12:09:55.927"/>
</kw>
<msg timestamp="20260224 12:09:55.928" level="INFO">${spinner_present} = True</msg>
<status status="PASS" starttime="20260224 12:09:40.851" endtime="20260224 12:09:55.928"/>
</kw>
<status status="PASS" starttime="20260224 12:09:39.820" endtime="20260224 12:09:55.928"/>
</kw>
<status status="PASS" starttime="20260224 12:05:52.465" endtime="20260224 12:09:55.928"/>
</kw>
<kw name="Navigate To Receipt Generation" library="receipt_management_page">
<doc>Navigates to receipt generation page</doc>
<kw name="Wait For Element And Click" library="base_page">
<arg>${MENU_BUTTON}</arg>
<doc>Enhanced element clicking with retry mechanism</doc>
<for flavor="IN RANGE">
<var>${i}</var>
<value>${retry_count}</value>
<iter>
<var name="${i}">0</var>
<kw name="Run Keyword And Return Status" library="BuiltIn">
<var>${success}</var>
<arg>Run Keywords</arg>
<arg>Wait Until Element Is Visible</arg>
<arg>${locator}</arg>
<arg>timeout=${timeout}</arg>
<arg>AND</arg>
<arg>Wait Until Element Is Enabled</arg>
<arg>${locator}</arg>
<arg>timeout=${timeout}</arg>
<arg>AND</arg>
<arg>Click Element</arg>
<arg>${locator}</arg>
<doc>Runs the given keyword with given arguments and returns the status as a Boolean value.</doc>
<kw name="Run Keywords" library="BuiltIn">
<arg>Wait Until Element Is Visible</arg>
<arg>${locator}</arg>
<arg>timeout=${timeout}</arg>
<arg>AND</arg>
<arg>Wait Until Element Is Enabled</arg>
<arg>${locator}</arg>
<arg>timeout=${timeout}</arg>
<arg>AND</arg>
<arg>Click Element</arg>
<arg>${locator}</arg>
<doc>Executes all the given keywords in a sequence.</doc>
<kw name="Wait Until Element Is Visible" library="SeleniumLibrary">
<arg>${locator}</arg>
<arg>timeout=${timeout}</arg>
<doc>Waits until the element ``locator`` is visible.</doc>
<msg timestamp="20260224 12:10:11.929" level="INFO" html="true">&lt;/td&gt;&lt;/tr&gt;&lt;tr&gt;&lt;td colspan="3"&gt;&lt;a href="0-selenium-screenshot-2.png"&gt;&lt;img src="0-selenium-screenshot-2.png" width="800px"&gt;&lt;/a&gt;</msg>
<msg timestamp="20260224 12:10:11.930" level="FAIL">Element 'xpath=//a[@data-original-title="Menu"]' not visible after 10 seconds.</msg>
<status status="FAIL" starttime="20260224 12:09:55.936" endtime="20260224 12:10:11.951"/>
</kw>
<status status="FAIL" starttime="20260224 12:09:55.935" endtime="20260224 12:10:11.956"/>
</kw>
<msg timestamp="20260224 12:10:11.956" level="INFO">${success} = False</msg>
<status status="PASS" starttime="20260224 12:09:55.933" endtime="20260224 12:10:11.956"/>
</kw>
<kw name="Exit For Loop If" library="BuiltIn">
<arg>${success}</arg>
<doc>Stops executing the enclosing FOR loop if the ``condition`` is true.</doc>
<status status="PASS" starttime="20260224 12:10:11.957" endtime="20260224 12:10:11.958"/>
</kw>
<kw name="Run Keyword If" library="BuiltIn">
<arg>${i} &lt; ${retry_count}-1</arg>
<arg>Run Keywords</arg>
<arg>Log</arg>
<arg>Retry ${i+1}: Element click failed, retrying...</arg>
<arg>AND</arg>
<arg>Sleep</arg>
<arg>${RETRY_DELAY}s</arg>
<doc>Runs the given keyword with the given arguments, if ``condition`` is true.</doc>
<kw name="Run Keywords" library="BuiltIn">
<arg>Log</arg>
<arg>Retry ${i+1}: Element click failed, retrying...</arg>
<arg>AND</arg>
<arg>Sleep</arg>
<arg>${RETRY_DELAY}s</arg>
<doc>Executes all the given keywords in a sequence.</doc>
<kw name="Log" library="BuiltIn">
<arg>Retry ${i+1}: Element click failed, retrying...</arg>
<doc>Logs the given message with the given level.</doc>
<msg timestamp="20260224 12:10:11.964" level="INFO">Retry 1: Element click failed, retrying...</msg>
<status status="PASS" starttime="20260224 12:10:11.961" endtime="20260224 12:10:11.965"/>
</kw>
<kw name="Sleep" library="BuiltIn">
<arg>${RETRY_DELAY}s</arg>
<doc>Pauses the test executed for the given time.</doc>
<msg timestamp="20260224 12:10:13.967" level="INFO">Slept 2 seconds</msg>
<status status="PASS" starttime="20260224 12:10:11.965" endtime="20260224 12:10:13.967"/>
</kw>
<status status="PASS" starttime="20260224 12:10:11.960" endtime="20260224 12:10:13.968"/>
</kw>
<status status="PASS" starttime="20260224 12:10:11.958" endtime="20260224 12:10:13.968"/>
</kw>
<status status="PASS" starttime="20260224 12:09:55.932" endtime="20260224 12:10:13.968"/>
</iter>
<iter>
<var name="${i}">1</var>
<kw name="Run Keyword And Return Status" library="BuiltIn">
<var>${success}</var>
<arg>Run Keywords</arg>
<arg>Wait Until Element Is Visible</arg>
<arg>${locator}</arg>
<arg>timeout=${timeout}</arg>
<arg>AND</arg>
<arg>Wait Until Element Is Enabled</arg>
<arg>${locator}</arg>
<arg>timeout=${timeout}</arg>
<arg>AND</arg>
<arg>Click Element</arg>
<arg>${locator}</arg>
<doc>Runs the given keyword with given arguments and returns the status as a Boolean value.</doc>
<kw name="Run Keywords" library="BuiltIn">
<arg>Wait Until Element Is Visible</arg>
<arg>${locator}</arg>
<arg>timeout=${timeout}</arg>
<arg>AND</arg>
<arg>Wait Until Element Is Enabled</arg>
<arg>${locator}</arg>
<arg>timeout=${timeout}</arg>
<arg>AND</arg>
<arg>Click Element</arg>
<arg>${locator}</arg>
<doc>Executes all the given keywords in a sequence.</doc>
<kw name="Wait Until Element Is Visible" library="SeleniumLibrary">
<arg>${locator}</arg>
<arg>timeout=${timeout}</arg>
<doc>Waits until the element ``locator`` is visible.</doc>
<msg timestamp="20260224 12:10:30.165" level="INFO" html="true">&lt;/td&gt;&lt;/tr&gt;&lt;tr&gt;&lt;td colspan="3"&gt;&lt;a href="0-selenium-screenshot-3.png"&gt;&lt;img src="0-selenium-screenshot-3.png" width="800px"&gt;&lt;/a&gt;</msg>
<msg timestamp="20260224 12:10:30.166" level="FAIL">Element 'xpath=//a[@data-original-title="Menu"]' not visible after 10 seconds.</msg>
<status status="FAIL" starttime="20260224 12:10:13.972" endtime="20260224 12:10:30.172"/>
</kw>
<status status="FAIL" starttime="20260224 12:10:13.971" endtime="20260224 12:10:30.172"/>
</kw>
<msg timestamp="20260224 12:10:30.173" level="INFO">${success} = False</msg>
<status status="PASS" starttime="20260224 12:10:13.970" endtime="20260224 12:10:30.173"/>
</kw>
<kw name="Exit For Loop If" library="BuiltIn">
<arg>${success}</arg>
<doc>Stops executing the enclosing FOR loop if the ``condition`` is true.</doc>
<status status="PASS" starttime="20260224 12:10:30.173" endtime="20260224 12:10:30.174"/>
</kw>
<kw name="Run Keyword If" library="BuiltIn">
<arg>${i} &lt; ${retry_count}-1</arg>
<arg>Run Keywords</arg>
<arg>Log</arg>
<arg>Retry ${i+1}: Element click failed, retrying...</arg>
<arg>AND</arg>
<arg>Sleep</arg>
<arg>${RETRY_DELAY}s</arg>
<doc>Runs the given keyword with the given arguments, if ``condition`` is true.</doc>
<kw name="Run Keywords" library="BuiltIn">
<arg>Log</arg>
<arg>Retry ${i+1}: Element click failed, retrying...</arg>
<arg>AND</arg>
<arg>Sleep</arg>
<arg>${RETRY_DELAY}s</arg>
<doc>Executes all the given keywords in a sequence.</doc>
<kw name="Log" library="BuiltIn">
<arg>Retry ${i+1}: Element click failed, retrying...</arg>
<doc>Logs the given message with the given level.</doc>
<msg timestamp="20260224 12:10:30.182" level="INFO">Retry 2: Element click failed, retrying...</msg>
<status status="PASS" starttime="20260224 12:10:30.179" endtime="20260224 12:10:30.182"/>
</kw>
<kw name="Sleep" library="BuiltIn">
<arg>${RETRY_DELAY}s</arg>
<doc>Pauses the test executed for the given time.</doc>
<msg timestamp="20260224 12:10:32.185" level="INFO">Slept 2 seconds</msg>
<status status="PASS" starttime="20260224 12:10:30.182" endtime="20260224 12:10:32.185"/>
</kw>
<status status="PASS" starttime="20260224 12:10:30.178" endtime="20260224 12:10:32.186"/>
</kw>
<status status="PASS" starttime="20260224 12:10:30.176" endtime="20260224 12:10:32.186"/>
</kw>
<status status="PASS" starttime="20260224 12:10:13.969" endtime="20260224 12:10:32.187"/>
</iter>
<iter>
<var name="${i}">2</var>
<kw name="Run Keyword And Return Status" library="BuiltIn">
<var>${success}</var>
<arg>Run Keywords</arg>
<arg>Wait Until Element Is Visible</arg>
<arg>${locator}</arg>
<arg>timeout=${timeout}</arg>
<arg>AND</arg>
<arg>Wait Until Element Is Enabled</arg>
<arg>${locator}</arg>
<arg>timeout=${timeout}</arg>
<arg>AND</arg>
<arg>Click Element</arg>
<arg>${locator}</arg>
<doc>Runs the given keyword with given arguments and returns the status as a Boolean value.</doc>
<kw name="Run Keywords" library="BuiltIn">
<arg>Wait Until Element Is Visible</arg>
<arg>${locator}</arg>
<arg>timeout=${timeout}</arg>
<arg>AND</arg>
<arg>Wait Until Element Is Enabled</arg>
<arg>${locator}</arg>
<arg>timeout=${timeout}</arg>
<arg>AND</arg>
<arg>Click Element</arg>
<arg>${locator}</arg>
<doc>Executes all the given keywords in a sequence.</doc>
<kw name="Wait Until Element Is Visible" library="SeleniumLibrary">
<arg>${locator}</arg>
<arg>timeout=${timeout}</arg>
<doc>Waits until the element ``locator`` is visible.</doc>
<msg timestamp="20260224 12:10:48.799" level="INFO" html="true">&lt;/td&gt;&lt;/tr&gt;&lt;tr&gt;&lt;td colspan="3"&gt;&lt;a href="0-selenium-screenshot-4.png"&gt;&lt;img src="0-selenium-screenshot-4.png" width="800px"&gt;&lt;/a&gt;</msg>
<msg timestamp="20260224 12:10:48.800" level="FAIL">Element 'xpath=//a[@data-original-title="Menu"]' not visible after 10 seconds.</msg>
<status status="FAIL" starttime="20260224 12:10:32.191" endtime="20260224 12:10:48.803"/>
</kw>
<status status="FAIL" starttime="20260224 12:10:32.190" endtime="20260224 12:10:48.804"/>
</kw>
<msg timestamp="20260224 12:10:48.805" level="INFO">${success} = False</msg>
<status status="PASS" starttime="20260224 12:10:32.189" endtime="20260224 12:10:48.805"/>
</kw>
<kw name="Exit For Loop If" library="BuiltIn">
<arg>${success}</arg>
<doc>Stops executing the enclosing FOR loop if the ``condition`` is true.</doc>
<status status="PASS" starttime="20260224 12:10:48.806" endtime="20260224 12:10:48.807"/>
</kw>
<kw name="Run Keyword If" library="BuiltIn">
<arg>${i} &lt; ${retry_count}-1</arg>
<arg>Run Keywords</arg>
<arg>Log</arg>
<arg>Retry ${i+1}: Element click failed, retrying...</arg>
<arg>AND</arg>
<arg>Sleep</arg>
<arg>${RETRY_DELAY}s</arg>
<doc>Runs the given keyword with the given arguments, if ``condition`` is true.</doc>
<status status="PASS" starttime="20260224 12:10:48.807" endtime="20260224 12:10:48.809"/>
</kw>
<status status="PASS" starttime="20260224 12:10:32.188" endtime="20260224 12:10:48.809"/>
</iter>
<status status="PASS" starttime="20260224 12:09:55.931" endtime="20260224 12:10:48.810"/>
</for>
<kw name="Run Keyword Unless" library="BuiltIn">
<arg>${success}</arg>
<arg>Fail</arg>
<arg>Failed to click element ${locator} after ${retry_count} attempts</arg>
<doc>*DEPRECATED since RF 5.0. Use Native IF/ELSE or `Run Keyword If` instead.*</doc>
<msg timestamp="20260224 12:10:48.811" level="WARN">Keyword 'BuiltIn.Run Keyword Unless' is deprecated. </msg>
<kw name="Fail" library="BuiltIn">
<arg>Failed to click element ${locator} after ${retry_count} attempts</arg>
<doc>Fails the test with the given message and optionally alters its tags.</doc>
<msg timestamp="20260224 12:10:48.824" level="FAIL">Failed to click element xpath=//a[@data-original-title="Menu"] after 3 attempts</msg>
<status status="FAIL" starttime="20260224 12:10:48.813" endtime="20260224 12:10:48.824"/>
</kw>
<status status="FAIL" starttime="20260224 12:10:48.810" endtime="20260224 12:10:48.863"/>
</kw>
<status status="FAIL" starttime="20260224 12:09:55.930" endtime="20260224 12:10:48.968"/>
</kw>
<kw name="Execute Javascript" library="SeleniumLibrary">
<arg>document.querySelector('#Transaction').scrollIntoView(true);</arg>
<doc>Executes the given JavaScript code with possible arguments.</doc>
<status status="NOT RUN" starttime="20260224 12:10:48.971" endtime="20260224 12:10:48.973"/>
</kw>
<kw name="Wait For Element And Click" library="base_page">
<arg>${CONFIGURATION_MENU}</arg>
<doc>Enhanced element clicking with retry mechanism</doc>
<status status="NOT RUN" starttime="20260224 12:10:48.973" endtime="20260224 12:10:48.976"/>
</kw>
<kw name="Wait For Element And Click" library="base_page">
<arg>${RECEIPT_MANAGEMENT_MENU}</arg>
<doc>Enhanced element clicking with retry mechanism</doc>
<status status="NOT RUN" starttime="20260224 12:10:48.977" endtime="20260224 12:10:48.977"/>
</kw>
<kw name="Wait For Element And Click" library="base_page">
<arg>${RECEIPT_GENERATION_MENU}</arg>
<doc>Enhanced element clicking with retry mechanism</doc>
<status status="NOT RUN" starttime="20260224 12:10:48.978" endtime="20260224 12:10:48.978"/>
</kw>
<status status="FAIL" starttime="20260224 12:09:55.929" endtime="20260224 12:10:48.979"/>
</kw>
<kw name="Fill Receipt Details" library="receipt_management_page">
<arg>${receipt_data}</arg>
<doc>Fills receipt generation form</doc>
<status status="NOT RUN" starttime="20260224 12:10:48.979" endtime="20260224 12:10:48.980"/>
</kw>
<kw name="Generate Receipt" library="receipt_management_page">
<doc>Generates receipt and saves</doc>
<status status="NOT RUN" starttime="20260224 12:10:48.980" endtime="20260224 12:10:48.981"/>
</kw>
<kw name="Logout From Application">
<status status="NOT RUN" starttime="20260224 12:10:49.044" endtime="20260224 12:10:49.045"/>
</kw>
<kw name="Get From Dictionary" library="Collections">
<var>${checker_user}</var>
<arg>${users_data}</arg>
<arg>checker</arg>
<doc>Returns a value from the given ``dictionary`` based on the given ``key``.</doc>
<status status="NOT RUN" starttime="20260224 12:10:49.046" endtime="20260224 12:10:49.047"/>
</kw>
<kw name="Login To Application" library="login_page">
<arg>${checker_user['username']}</arg>
<arg>${checker_user['password']}</arg>
<doc>Complete login process with Re-Login handling</doc>
<status status="NOT RUN" starttime="20260224 12:10:49.047" endtime="20260224 12:10:49.048"/>
</kw>
<kw name="Navigate To Receipt Generation" library="receipt_management_page">
<doc>Navigates to receipt generation page</doc>
<status status="NOT RUN" starttime="20260224 12:10:49.052" endtime="20260224 12:10:49.053"/>
</kw>
<kw name="Search And Approve Receipt" library="receipt_management_page">
<arg>${receipt_data['startReceiptNo']}</arg>
<doc>Searches and approves receipt</doc>
<status status="NOT RUN" starttime="20260224 12:10:49.053" endtime="20260224 12:10:49.053"/>
</kw>
<kw name="Logout From Application">
<status status="NOT RUN" starttime="20260224 12:10:49.070" endtime="20260224 12:10:49.071"/>
</kw>
<status status="FAIL" starttime="20260224 12:05:52.461" endtime="20260224 12:10:49.071"/>
</kw>
<doc>Test complete receipt generation and approval workflow</doc>
<tag>critical</tag>
<tag>lms</tag>
<tag>receipt_management</tag>
<tag>workflow</tag>
<status status="FAIL" starttime="20260224 12:05:52.430" endtime="20260224 12:10:49.227">Failed to click element xpath=//a[@data-original-title="Menu"] after 3 attempts</status>
</test>
<test id="s1-t2" name="TC002_Generate_Receipt_Only" line="18">
<kw name="Load Test Data From JSON" library="data_utils">
<var>${receipt_data}</var>
<arg>receipt_data.json</arg>
<doc>Loads test data from JSON file with error handling</doc>
<kw name="Join Path" library="OperatingSystem">
<var>${file_path}</var>
<arg>${TEST_DATA_PATH}</arg>
<arg>${file_name}</arg>
<doc>Joins the given path part(s) to the given base path.</doc>
<msg timestamp="20260224 12:05:52.649" level="INFO">${file_path} = D:\New_automation_\kfic-automation-framework\data\receipt_data.json</msg>
<status status="PASS" starttime="20260224 12:05:52.647" endtime="20260224 12:05:52.649"/>
</kw>
<kw name="File Should Exist" library="OperatingSystem">
<arg>${file_path}</arg>
<arg>Test data file not found: ${file_path}</arg>
<doc>Fails unless the given ``path`` points to an existing file.</doc>
<msg timestamp="20260224 12:05:52.651" level="INFO" html="true">File '&lt;a href="file://D:\New_automation_\kfic-automation-framework\data\receipt_data.json"&gt;D:\New_automation_\kfic-automation-framework\data\receipt_data.json&lt;/a&gt;' exists.</msg>
<status status="PASS" starttime="20260224 12:05:52.650" endtime="20260224 12:05:52.652"/>
</kw>
<kw name="Get File" library="OperatingSystem">
<var>${json_string}</var>
<arg>${file_path}</arg>
<doc>Returns the contents of a specified file.</doc>
<msg timestamp="20260224 12:05:52.653" level="INFO" html="true">Getting file '&lt;a href="file://D:\New_automation_\kfic-automation-framework\data\receipt_data.json"&gt;D:\New_automation_\kfic-automation-framework\data\receipt_data.json&lt;/a&gt;'.</msg>
<msg timestamp="20260224 12:05:52.655" level="INFO">${json_string} = {
  "receipt_data": {
    "bookSize": "1",
    "noOfBooks": "5",
    "startReceiptNo": "RCP001001",
    "bookPrefix": "BK",
    "receiptPrefix": "RCP"
  },
  "receipt_data_variant_a": {
    "bookSize"...</msg>
<status status="PASS" starttime="20260224 12:05:52.653" endtime="20260224 12:05:52.655"/>
</kw>
<kw name="Evaluate" library="BuiltIn">
<var>${json_data}</var>
<arg>json.loads('''${json_string}''')</arg>
<arg>json</arg>
<doc>Evaluates the given expression in Python and returns the result.</doc>
<msg timestamp="20260224 12:05:52.657" level="INFO">${json_data} = {'receipt_data': {'bookSize': '1', 'noOfBooks': '5', 'startReceiptNo': 'RCP001001', 'bookPrefix': 'BK', 'receiptPrefix': 'RCP'}, 'receipt_data_variant_a': {'bookSize': '1', 'noOfBooks': '3', 'startRec...</msg>
<status status="PASS" starttime="20260224 12:05:52.656" endtime="20260224 12:05:52.657"/>
</kw>
<kw name="Log" library="BuiltIn">
<arg>Loaded test data from: ${file_name}</arg>
<doc>Logs the given message with the given level.</doc>
<msg timestamp="20260224 12:05:52.659" level="INFO">Loaded test data from: receipt_data.json</msg>
<status status="PASS" starttime="20260224 12:05:52.657" endtime="20260224 12:05:52.659"/>
</kw>
<return>
<value>${json_data}</value>
<status status="PASS" starttime="20260224 12:05:52.659" endtime="20260224 12:05:52.659"/>
</return>
<msg timestamp="20260224 12:05:52.660" level="INFO">${receipt_data} = {'receipt_data': {'bookSize': '1', 'noOfBooks': '5', 'startReceiptNo': 'RCP001001', 'bookPrefix': 'BK', 'receiptPrefix': 'RCP'}, 'receipt_data_variant_a': {'bookSize': '1', 'noOfBooks': '3', 'startRec...</msg>
<status status="PASS" starttime="20260224 12:05:52.646" endtime="20260224 12:05:52.660"/>
</kw>
<kw name="Get From Dictionary" library="Collections">
<var>${receipt_info}</var>
<arg>${receipt_data}</arg>
<arg>receipt_data</arg>
<doc>Returns a value from the given ``dictionary`` based on the given ``key``.</doc>
<msg timestamp="20260224 12:05:52.662" level="INFO">${receipt_info} = {'bookSize': '1', 'noOfBooks': '5', 'startReceiptNo': 'RCP001001', 'bookPrefix': 'BK', 'receiptPrefix': 'RCP'}</msg>
<status status="PASS" starttime="20260224 12:05:52.661" endtime="20260224 12:05:52.662"/>
</kw>
<kw name="Get From Dictionary" library="Collections">
<var>${maker_user}</var>
<arg>${receipt_data['users']}</arg>
<arg>maker</arg>
<doc>Returns a value from the given ``dictionary`` based on the given ``key``.</doc>
<msg timestamp="20260224 12:05:52.666" level="INFO">${maker_user} = {'username': 'infraadmin', 'password': 'Abcd#123'}</msg>
<status status="PASS" starttime="20260224 12:05:52.663" endtime="20260224 12:05:52.666"/>
</kw>
<kw name="Generate Receipt Only" library="receipt_workflow">
<arg>${receipt_info}</arg>
<arg>${maker_user}</arg>
<doc>Generates receipt without approval</doc>
<kw name="Login To Application" library="login_page">
<arg>${user_data['username']}</arg>
<arg>${user_data['password']}</arg>
<doc>Complete login process with Re-Login handling</doc>
<kw name="Handle Re-Login If Present" library="login_page">
<doc>Handles Re-Login button if it appears</doc>
<kw name="Run Keyword And Return Status" library="BuiltIn">
<var>${relogin_present}</var>
<arg>Element Should Be Visible</arg>
<arg>${RELOGIN_BUTTON}</arg>
<doc>Runs the given keyword with given arguments and returns the status as a Boolean value.</doc>
<kw name="Element Should Be Visible" library="SeleniumLibrary">
<arg>${RELOGIN_BUTTON}</arg>
<doc>Verifies that the element identified by ``locator`` is visible.</doc>
<msg timestamp="20260224 12:06:08.322" level="INFO" html="true">&lt;/td&gt;&lt;/tr&gt;&lt;tr&gt;&lt;td colspan="3"&gt;&lt;a href="1-selenium-screenshot-1.png"&gt;&lt;img src="1-selenium-screenshot-1.png" width="800px"&gt;&lt;/a&gt;</msg>
<msg timestamp="20260224 12:06:08.322" level="FAIL">Element with locator 'id=relogin' not found.</msg>
<status status="FAIL" starttime="20260224 12:05:52.678" endtime="20260224 12:06:08.333"/>
</kw>
<msg timestamp="20260224 12:06:08.333" level="INFO">${relogin_present} = False</msg>
<status status="PASS" starttime="20260224 12:05:52.675" endtime="20260224 12:06:08.333"/>
</kw>
<kw name="Run Keyword If" library="BuiltIn">
<arg>${relogin_present}</arg>
<arg>Click Element</arg>
<arg>${RELOGIN_BUTTON}</arg>
<doc>Runs the given keyword with the given arguments, if ``condition`` is true.</doc>
<status status="PASS" starttime="20260224 12:06:08.334" endtime="20260224 12:06:08.336"/>
</kw>
<kw name="Run Keyword If" library="BuiltIn">
<arg>${relogin_present}</arg>
<arg>Wait For Page Load</arg>
<doc>Runs the given keyword with the given arguments, if ``condition`` is true.</doc>
<status status="PASS" starttime="20260224 12:06:08.336" endtime="20260224 12:06:08.337"/>
</kw>
<status status="PASS" starttime="20260224 12:05:52.673" endtime="20260224 12:06:08.338"/>
</kw>
<kw name="Enter Username" library="login_page">
<arg>${username}</arg>
<doc>Enters username in the login field</doc>
<kw name="Wait For Element And Input Text" library="base_page">
<arg>${USERNAME_FIELD}</arg>
<arg>${username}</arg>
<doc>Enhanced text input with validation</doc>
<kw name="Wait Until Element Is Visible" library="SeleniumLibrary">
<arg>${locator}</arg>
<arg>timeout=${timeout}</arg>
<doc>Waits until the element ``locator`` is visible.</doc>
<status status="PASS" starttime="20260224 12:06:08.341" endtime="20260224 12:06:08.539"/>
</kw>
<kw name="Wait Until Element Is Enabled" library="SeleniumLibrary">
<arg>${locator}</arg>
<arg>timeout=${timeout}</arg>
<doc>Waits until the element ``locator`` is enabled.</doc>
<status status="PASS" starttime="20260224 12:06:08.540" endtime="20260224 12:06:08.639"/>
</kw>
<kw name="Clear Element Text" library="SeleniumLibrary">
<arg>${locator}</arg>
<doc>Clears the value of the text-input-element identified by ``locator``.</doc>
<status status="PASS" starttime="20260224 12:06:08.640" endtime="20260224 12:06:08.800"/>
</kw>
<kw name="Sleep" library="BuiltIn">
<arg>0.5s</arg>
<doc>Pauses the test executed for the given time.</doc>
<msg timestamp="20260224 12:06:09.302" level="INFO">Slept 500 milliseconds</msg>
<status status="PASS" starttime="20260224 12:06:08.800" endtime="20260224 12:06:09.302"/>
</kw>
<kw name="Convert To String" library="BuiltIn">
<var>${text_string}</var>
<arg>${text}</arg>
<doc>Converts the given item to a Unicode string.</doc>
<msg timestamp="20260224 12:06:09.303" level="INFO">${text_string} = infraadmin</msg>
<status status="PASS" starttime="20260224 12:06:09.303" endtime="20260224 12:06:09.303"/>
</kw>
<kw name="Get Length" library="BuiltIn">
<var>${text_length}</var>
<arg>${text_string}</arg>
<doc>Returns and logs the length of the given item as an integer.</doc>
<msg timestamp="20260224 12:06:09.305" level="INFO">Length is 10</msg>
<msg timestamp="20260224 12:06:09.305" level="INFO">${text_length} = 10</msg>
<status status="PASS" starttime="20260224 12:06:09.304" endtime="20260224 12:06:09.305"/>
</kw>
<kw name="Run Keyword If" library="BuiltIn">
<arg>${text_length} &gt; 10</arg>
<arg>Input Text</arg>
<arg>${locator}</arg>
<arg>${text_string}</arg>
<arg>ELSE</arg>
<arg>Input Text</arg>
<arg>${locator}</arg>
<arg>${text_string}</arg>
<doc>Runs the given keyword with the given arguments, if ``condition`` is true.</doc>
<kw name="Input Text" library="SeleniumLibrary">
<arg>${locator}</arg>
<arg>${text_string}</arg>
<doc>Types the given ``text`` into the text field identified by ``locator``.</doc>
<msg timestamp="20260224 12:06:09.312" level="INFO">Typing text 'infraadmin' into text field 'id=loginId'.</msg>
<status status="PASS" starttime="20260224 12:06:09.308" endtime="20260224 12:06:09.762"/>
</kw>
<status status="PASS" starttime="20260224 12:06:09.306" endtime="20260224 12:06:09.762"/>
</kw>
<kw name="Sleep" library="BuiltIn">
<arg>0.5s</arg>
<doc>Pauses the test executed for the given time.</doc>
<msg timestamp="20260224 12:06:10.264" level="INFO">Slept 500 milliseconds</msg>
<status status="PASS" starttime="20260224 12:06:09.763" endtime="20260224 12:06:10.265"/>
</kw>
<kw name="Log" library="BuiltIn">
<arg>Text entered: ${text_string}</arg>
<doc>Logs the given message with the given level.</doc>
<msg timestamp="20260224 12:06:10.267" level="INFO">Text entered: infraadmin</msg>
<status status="PASS" starttime="20260224 12:06:10.266" endtime="20260224 12:06:10.267"/>
</kw>
<status status="PASS" starttime="20260224 12:06:08.339" endtime="20260224 12:06:10.268"/>
</kw>
<status status="PASS" starttime="20260224 12:06:08.338" endtime="20260224 12:06:10.268"/>
</kw>
<kw name="Enter Password" library="login_page">
<arg>${password}</arg>
<doc>Enters password in the login field</doc>
<kw name="Wait For Element And Input Text" library="base_page">
<arg>${PASSWORD_FIELD}</arg>
<arg>${password}</arg>
<doc>Enhanced text input with validation</doc>
<kw name="Wait Until Element Is Visible" library="SeleniumLibrary">
<arg>${locator}</arg>
<arg>timeout=${timeout}</arg>
<doc>Waits until the element ``locator`` is visible.</doc>
<status status="PASS" starttime="20260224 12:06:10.272" endtime="20260224 12:06:10.353"/>
</kw>
<kw name="Wait Until Element Is Enabled" library="SeleniumLibrary">
<arg>${locator}</arg>
<arg>timeout=${timeout}</arg>
<doc>Waits until the element ``locator`` is enabled.</doc>
<status status="PASS" starttime="20260224 12:06:10.353" endtime="20260224 12:06:10.458"/>
</kw>
<kw name="Clear Element Text" library="SeleniumLibrary">
<arg>${locator}</arg>
<doc>Clears the value of the text-input-element identified by ``locator``.</doc>
<status status="PASS" starttime="20260224 12:06:10.459" endtime="20260224 12:06:10.564"/>
</kw>
<kw name="Sleep" library="BuiltIn">
<arg>0.5s</arg>
<doc>Pauses the test executed for the given time.</doc>
<msg timestamp="20260224 12:06:11.065" level="INFO">Slept 500 milliseconds</msg>
<status status="PASS" starttime="20260224 12:06:10.564" endtime="20260224 12:06:11.066"/>
</kw>
<kw name="Convert To String" library="BuiltIn">
<var>${text_string}</var>
<arg>${text}</arg>
<doc>Converts the given item to a Unicode string.</doc>
<msg timestamp="20260224 12:06:11.068" level="INFO">${text_string} = Abcd#123</msg>
<status status="PASS" starttime="20260224 12:06:11.066" endtime="20260224 12:06:11.068"/>
</kw>
<kw name="Get Length" library="BuiltIn">
<var>${text_length}</var>
<arg>${text_string}</arg>
<doc>Returns and logs the length of the given item as an integer.</doc>
<msg timestamp="20260224 12:06:11.070" level="INFO">Length is 8</msg>
<msg timestamp="20260224 12:06:11.070" level="INFO">${text_length} = 8</msg>
<status status="PASS" starttime="20260224 12:06:11.068" endtime="20260224 12:06:11.070"/>
</kw>
<kw name="Run Keyword If" library="BuiltIn">
<arg>${text_length} &gt; 10</arg>
<arg>Input Text</arg>
<arg>${locator}</arg>
<arg>${text_string}</arg>
<arg>ELSE</arg>
<arg>Input Text</arg>
<arg>${locator}</arg>
<arg>${text_string}</arg>
<doc>Runs the given keyword with the given arguments, if ``condition`` is true.</doc>
<kw name="Input Text" library="SeleniumLibrary">
<arg>${locator}</arg>
<arg>${text_string}</arg>
<doc>Types the given ``text`` into the text field identified by ``locator``.</doc>
<msg timestamp="20260224 12:06:11.074" level="INFO">Typing text 'Abcd#123' into text field 'id=uiPwd'.</msg>
<status status="PASS" starttime="20260224 12:06:11.072" endtime="20260224 12:06:19.884"/>
</kw>
<status status="PASS" starttime="20260224 12:06:11.071" endtime="20260224 12:06:19.885"/>
</kw>
<kw name="Sleep" library="BuiltIn">
<arg>0.5s</arg>
<doc>Pauses the test executed for the given time.</doc>
<msg timestamp="20260224 12:06:20.387" level="INFO">Slept 500 milliseconds</msg>
<status status="PASS" starttime="20260224 12:06:19.885" endtime="20260224 12:06:20.387"/>
</kw>
<kw name="Log" library="BuiltIn">
<arg>Text entered: ${text_string}</arg>
<doc>Logs the given message with the given level.</doc>
<msg timestamp="20260224 12:06:20.389" level="INFO">Text entered: Abcd#123</msg>
<status status="PASS" starttime="20260224 12:06:20.388" endtime="20260224 12:06:20.389"/>
</kw>
<status status="PASS" starttime="20260224 12:06:10.270" endtime="20260224 12:06:20.389"/>
</kw>
<status status="PASS" starttime="20260224 12:06:10.269" endtime="20260224 12:06:20.389"/>
</kw>
<kw name="Click Login Button" library="login_page">
<doc>Clicks the login button</doc>
<kw name="Wait For Element And Click" library="base_page">
<arg>${LOGIN_BUTTON}</arg>
<doc>Enhanced element clicking with retry mechanism</doc>
<for flavor="IN RANGE">
<var>${i}</var>
<value>${retry_count}</value>
<iter>
<var name="${i}">0</var>
<kw name="Run Keyword And Return Status" library="BuiltIn">
<var>${success}</var>
<arg>Run Keywords</arg>
<arg>Wait Until Element Is Visible</arg>
<arg>${locator}</arg>
<arg>timeout=${timeout}</arg>
<arg>AND</arg>
<arg>Wait Until Element Is Enabled</arg>
<arg>${locator}</arg>
<arg>timeout=${timeout}</arg>
<arg>AND</arg>
<arg>Click Element</arg>
<arg>${locator}</arg>
<doc>Runs the given keyword with given arguments and returns the status as a Boolean value.</doc>
<kw name="Run Keywords" library="BuiltIn">
<arg>Wait Until Element Is Visible</arg>
<arg>${locator}</arg>
<arg>timeout=${timeout}</arg>
<arg>AND</arg>
<arg>Wait Until Element Is Enabled</arg>
<arg>${locator}</arg>
<arg>timeout=${timeout}</arg>
<arg>AND</arg>
<arg>Click Element</arg>
<arg>${locator}</arg>
<doc>Executes all the given keywords in a sequence.</doc>
<kw name="Wait Until Element Is Visible" library="SeleniumLibrary">
<arg>${locator}</arg>
<arg>timeout=${timeout}</arg>
<doc>Waits until the element ``locator`` is visible.</doc>
<status status="PASS" starttime="20260224 12:06:20.393" endtime="20260224 12:06:20.457"/>
</kw>
<kw name="Wait Until Element Is Enabled" library="SeleniumLibrary">
<arg>${locator}</arg>
<arg>timeout=${timeout}</arg>
<doc>Waits until the element ``locator`` is enabled.</doc>
<status status="PASS" starttime="20260224 12:06:20.458" endtime="20260224 12:06:20.540"/>
</kw>
<kw name="Click Element" library="SeleniumLibrary">
<arg>${locator}</arg>
<doc>Click the element identified by ``locator``.</doc>
<msg timestamp="20260224 12:06:20.543" level="INFO">Clicking element 'id=userLogin'.</msg>
<status status="PASS" starttime="20260224 12:06:20.540" endtime="20260224 12:10:09.933"/>
</kw>
<status status="PASS" starttime="20260224 12:06:20.392" endtime="20260224 12:10:09.933"/>
</kw>
<msg timestamp="20260224 12:10:09.934" level="INFO">${success} = True</msg>
<status status="PASS" starttime="20260224 12:06:20.392" endtime="20260224 12:10:09.934"/>
</kw>
<kw name="Exit For Loop If" library="BuiltIn">
<arg>${success}</arg>
<doc>Stops executing the enclosing FOR loop if the ``condition`` is true.</doc>
<msg timestamp="20260224 12:10:09.938" level="INFO">Exiting for loop altogether.</msg>
<status status="PASS" starttime="20260224 12:10:09.935" endtime="20260224 12:10:09.939"/>
</kw>
<kw name="Run Keyword If" library="BuiltIn">
<arg>${i} &lt; ${retry_count}-1</arg>
<arg>Run Keywords</arg>
<arg>Log</arg>
<arg>Retry ${i+1}: Element click failed, retrying...</arg>
<arg>AND</arg>
<arg>Sleep</arg>
<arg>${RETRY_DELAY}s</arg>
[...]
<status status="PASS" starttime="20260224 12:13:01.141" endtime="20260224 12:13:03.143"/>
</kw>
<kw name="Click Element" library="SeleniumLibrary">
<arg>id:dt-pendingdata</arg>
<doc>Click the element identified by ``locator``.</doc>
<msg timestamp="20260224 12:13:03.147" level="INFO">Clicking element 'id:dt-pendingdata'.</msg>
<status status="PASS" starttime="20260224 12:13:03.144" endtime="20260224 12:13:03.560"/>
</kw>
<kw name="Set Variable" library="BuiltIn">
<var>${approve_locator}</var>
<arg>xpath=//tr[td[text()="${receipt_no}"]]//a[contains(@class, 'auth-reject')]</arg>
<doc>Returns the given values which can then be assigned to a variables.</doc>
<msg timestamp="20260224 12:13:03.562" level="INFO">${approve_locator} = xpath=//tr[td[text()="RCP001001"]]//a[contains(@class, 'auth-reject')]</msg>
<status status="PASS" starttime="20260224 12:13:03.560" endtime="20260224 12:13:03.562"/>
</kw>
<kw name="Wait For Element And Click" library="base_page">
<arg>${approve_locator}</arg>
<doc>Enhanced element clicking with retry mechanism</doc>
<for flavor="IN RANGE">
<var>${i}</var>
<value>${retry_count}</value>
<iter>
<var name="${i}">0</var>
<kw name="Run Keyword And Return Status" library="BuiltIn">
<var>${success}</var>
<arg>Run Keywords</arg>
<arg>Wait Until Element Is Visible</arg>
<arg>${locator}</arg>
<arg>timeout=${timeout}</arg>
<arg>AND</arg>
<arg>Wait Until Element Is Enabled</arg>
<arg>${locator}</arg>
<arg>timeout=${timeout}</arg>
<arg>AND</arg>
<arg>Click Element</arg>
<arg>${locator}</arg>
<doc>Runs the given keyword with given arguments and returns the status as a Boolean value.</doc>
<kw name="Run Keywords" library="BuiltIn">
<arg>Wait Until Element Is Visible</arg>
<arg>${locator}</arg>
<arg>timeout=${timeout}</arg>
<arg>AND</arg>
<arg>Wait Until Element Is Enabled</arg>
<arg>${locator}</arg>
<arg>timeout=${timeout}</arg>
<arg>AND</arg>
<arg>Click Element</arg>
<arg>${locator}</arg>
<doc>Executes all the given keywords in a sequence.</doc>
<kw name="Wait Until Element Is Visible" library="SeleniumLibrary">
<arg>${locator}</arg>
<arg>timeout=${timeout}</arg>
<doc>Waits until the element ``locator`` is visible.</doc>
<msg timestamp="20260224 12:13:19.135" level="INFO" html="true">&lt;/td&gt;&lt;/tr&gt;&lt;tr&gt;&lt;td colspan="3"&gt;&lt;a href="2-selenium-screenshot-2.png"&gt;&lt;img src="2-selenium-screenshot-2.png" width="800px"&gt;&lt;/a&gt;</msg>
<msg timestamp="20260224 12:13:19.136" level="FAIL">Element 'xpath=//tr[td[text()="RCP001001"]]//a[contains(@class, 'auth-reject')]' not visible after 10 seconds.</msg>
<status status="FAIL" starttime="20260224 12:13:03.567" endtime="20260224 12:13:19.145"/>
</kw>
<status status="FAIL" starttime="20260224 12:13:03.567" endtime="20260224 12:13:19.148"/>
</kw>
<msg timestamp="20260224 12:13:19.149" level="INFO">${success} = False</msg>
<status status="PASS" starttime="20260224 12:13:03.566" endtime="20260224 12:13:19.149"/>
</kw>
<kw name="Exit For Loop If" library="BuiltIn">
<arg>${success}</arg>
<doc>Stops executing the enclosing FOR loop if the ``condition`` is true.</doc>
<status status="PASS" starttime="20260224 12:13:19.150" endtime="20260224 12:13:19.150"/>
</kw>
<kw name="Run Keyword If" library="BuiltIn">
<arg>${i} &lt; ${retry_count}-1</arg>
<arg>Run Keywords</arg>
<arg>Log</arg>
<arg>Retry ${i+1}: Element click failed, retrying...</arg>
<arg>AND</arg>
<arg>Sleep</arg>
<arg>${RETRY_DELAY}s</arg>
<doc>Runs the given keyword with the given arguments, if ``condition`` is true.</doc>
<kw name="Run Keywords" library="BuiltIn">
<arg>Log</arg>
<arg>Retry ${i+1}: Element click failed, retrying...</arg>
<arg>AND</arg>
<arg>Sleep</arg>
<arg>${RETRY_DELAY}s</arg>
<doc>Executes all the given keywords in a sequence.</doc>
<kw name="Log" library="BuiltIn">
<arg>Retry ${i+1}: Element click failed, retrying...</arg>
<doc>Logs the given message with the given level.</doc>
<msg timestamp="20260224 12:13:19.157" level="INFO">Retry 1: Element click failed, retrying...</msg>
<status status="PASS" starttime="20260224 12:13:19.154" endtime="20260224 12:13:19.158"/>
</kw>
<kw name="Sleep" library="BuiltIn">
<arg>${RETRY_DELAY}s</arg>
<doc>Pauses the test executed for the given time.</doc>
<msg timestamp="20260224 12:13:21.160" level="INFO">Slept 2 seconds</msg>
<status status="PASS" starttime="20260224 12:13:19.158" endtime="20260224 12:13:21.160"/>
</kw>
<status status="PASS" starttime="20260224 12:13:19.152" endtime="20260224 12:13:21.160"/>
</kw>
<status status="PASS" starttime="20260224 12:13:19.151" endtime="20260224 12:13:21.161"/>
</kw>
<status status="PASS" starttime="20260224 12:13:03.565" endtime="20260224 12:13:21.161"/>
</iter>
<iter>
<var name="${i}">1</var>
<kw name="Run Keyword And Return Status" library="BuiltIn">
<var>${success}</var>
<arg>Run Keywords</arg>
<arg>Wait Until Element Is Visible</arg>
<arg>${locator}</arg>
<arg>timeout=${timeout}</arg>
<arg>AND</arg>
<arg>Wait Until Element Is Enabled</arg>
<arg>${locator}</arg>
<arg>timeout=${timeout}</arg>
<arg>AND</arg>
<arg>Click Element</arg>
<arg>${locator}</arg>
<doc>Runs the given keyword with given arguments and returns the status as a Boolean value.</doc>
<kw name="Run Keywords" library="BuiltIn">
<arg>Wait Until Element Is Visible</arg>
<arg>${locator}</arg>
<arg>timeout=${timeout}</arg>
<arg>AND</arg>
<arg>Wait Until Element Is Enabled</arg>
<arg>${locator}</arg>
<arg>timeout=${timeout}</arg>
<arg>AND</arg>
<arg>Click Element</arg>
<arg>${locator}</arg>
<doc>Executes all the given keywords in a sequence.</doc>
<kw name="Wait Until Element Is Visible" library="SeleniumLibrary">
<arg>${locator}</arg>
<arg>timeout=${timeout}</arg>
<doc>Waits until the element ``locator`` is visible.</doc>
<msg timestamp="20260224 12:13:36.709" level="INFO" html="true">&lt;/td&gt;&lt;/tr&gt;&lt;tr&gt;&lt;td colspan="3"&gt;&lt;a href="2-selenium-screenshot-3.png"&gt;&lt;img src="2-selenium-screenshot-3.png" width="800px"&gt;&lt;/a&gt;</msg>
<msg timestamp="20260224 12:13:36.710" level="FAIL">Element 'xpath=//tr[td[text()="RCP001001"]]//a[contains(@class, 'auth-reject')]' not visible after 10 seconds.</msg>
<status status="FAIL" starttime="20260224 12:13:21.164" endtime="20260224 12:13:36.715"/>
</kw>
<status status="FAIL" starttime="20260224 12:13:21.163" endtime="20260224 12:13:36.715"/>
</kw>
<msg timestamp="20260224 12:13:36.716" level="INFO">${success} = False</msg>
<status status="PASS" starttime="20260224 12:13:21.162" endtime="20260224 12:13:36.716"/>
</kw>
<kw name="Exit For Loop If" library="BuiltIn">
<arg>${success}</arg>
<doc>Stops executing the enclosing FOR loop if the ``condition`` is true.</doc>
<status status="PASS" starttime="20260224 12:13:36.717" endtime="20260224 12:13:36.717"/>
</kw>
<kw name="Run Keyword If" library="BuiltIn">
<arg>${i} &lt; ${retry_count}-1</arg>
<arg>Run Keywords</arg>
<arg>Log</arg>
<arg>Retry ${i+1}: Element click failed, retrying...</arg>
<arg>AND</arg>
<arg>Sleep</arg>
<arg>${RETRY_DELAY}s</arg>
<doc>Runs the given keyword with the given arguments, if ``condition`` is true.</doc>
<kw name="Run Keywords" library="BuiltIn">
<arg>Log</arg>
<arg>Retry ${i+1}: Element click failed, retrying...</arg>
<arg>AND</arg>
<arg>Sleep</arg>
<arg>${RETRY_DELAY}s</arg>
<doc>Executes all the given keywords in a sequence.</doc>
<kw name="Log" library="BuiltIn">
<arg>Retry ${i+1}: Element click failed, retrying...</arg>
<doc>Logs the given message with the given level.</doc>
<msg timestamp="20260224 12:13:36.724" level="INFO">Retry 2: Element click failed, retrying...</msg>
<status status="PASS" starttime="20260224 12:13:36.720" endtime="20260224 12:13:36.724"/>
</kw>
<kw name="Sleep" library="BuiltIn">
<arg>${RETRY_DELAY}s</arg>
<doc>Pauses the test executed for the given time.</doc>
<msg timestamp="20260224 12:13:38.731" level="INFO">Slept 2 seconds</msg>
<status status="PASS" starttime="20260224 12:13:36.725" endtime="20260224 12:13:38.731"/>
</kw>
<status status="PASS" starttime="20260224 12:13:36.719" endtime="20260224 12:13:38.732"/>
</kw>
<status status="PASS" starttime="20260224 12:13:36.718" endtime="20260224 12:13:38.734"/>
</kw>
<status status="PASS" starttime="20260224 12:13:21.161" endtime="20260224 12:13:38.734"/>
</iter>
<iter>
<var name="${i}">2</var>
<kw name="Run Keyword And Return Status" library="BuiltIn">
<var>${success}</var>
<arg>Run Keywords</arg>
<arg>Wait Until Element Is Visible</arg>
<arg>${locator}</arg>
<arg>timeout=${timeout}</arg>
<arg>AND</arg>
<arg>Wait Until Element Is Enabled</arg>
<arg>${locator}</arg>
<arg>timeout=${timeout}</arg>
<arg>AND</arg>
<arg>Click Element</arg>
<arg>${locator}</arg>
<doc>Runs the given keyword with given arguments and returns the status as a Boolean value.</doc>
<kw name="Run Keywords" library="BuiltIn">
<arg>Wait Until Element Is Visible</arg>
<arg>${locator}</arg>
<arg>timeout=${timeout}</arg>
<arg>AND</arg>
<arg>Wait Until Element Is Enabled</arg>
<arg>${locator}</arg>
<arg>timeout=${timeout}</arg>
<arg>AND</arg>
<arg>Click Element</arg>
<arg>${locator}</arg>
<doc>Executes all the given keywords in a sequence.</doc>
<kw name="Wait Until Element Is Visible" library="SeleniumLibrary">
<arg>${locator}</arg>
<arg>timeout=${timeout}</arg>
<doc>Waits until the element ``locator`` is visible.</doc>
<msg timestamp="20260224 12:13:54.414" level="INFO" html="true">&lt;/td&gt;&lt;/tr&gt;&lt;tr&gt;&lt;td colspan="3"&gt;&lt;a href="2-selenium-screenshot-4.png"&gt;&lt;img src="2-selenium-screenshot-4.png" width="800px"&gt;&lt;/a&gt;</msg>
<msg timestamp="20260224 12:13:54.415" level="FAIL">Element 'xpath=//tr[td[text()="RCP001001"]]//a[contains(@class, 'auth-reject')]' not visible after 10 seconds.</msg>
<status status="FAIL" starttime="20260224 12:13:38.737" endtime="20260224 12:13:54.418"/>
</kw>
<status status="FAIL" starttime="20260224 12:13:38.736" endtime="20260224 12:13:54.419"/>
</kw>
<msg timestamp="20260224 12:13:54.419" level="INFO">${success} = False</msg>
<status status="PASS" starttime="20260224 12:13:38.735" endtime="20260224 12:13:54.419"/>
</kw>
<kw name="Exit For Loop If" library="BuiltIn">
<arg>${success}</arg>
<doc>Stops executing the enclosing FOR loop if the ``condition`` is true.</doc>
<status status="PASS" starttime="20260224 12:13:54.419" endtime="20260224 12:13:54.420"/>
</kw>
<kw name="Run Keyword If" library="BuiltIn">
<arg>${i} &lt; ${retry_count}-1</arg>
<arg>Run Keywords</arg>
<arg>Log</arg>
<arg>Retry ${i+1}: Element click failed, retrying...</arg>
<arg>AND</arg>
<arg>Sleep</arg>
<arg>${RETRY_DELAY}s</arg>
<doc>Runs the given keyword with the given arguments, if ``condition`` is true.</doc>
<status status="PASS" starttime="20260224 12:13:54.421" endtime="20260224 12:13:54.422"/>
</kw>
<status status="PASS" starttime="20260224 12:13:38.735" endtime="20260224 12:13:54.422"/>
</iter>
<status status="PASS" starttime="20260224 12:13:03.564" endtime="20260224 12:13:54.423"/>
</for>
<kw name="Run Keyword Unless" library="BuiltIn">
<arg>${success}</arg>
<arg>Fail</arg>
<arg>Failed to click element ${locator} after ${retry_count} attempts</arg>
<doc>*DEPRECATED since RF 5.0. Use Native IF/ELSE or `Run Keyword If` instead.*</doc>
<msg timestamp="20260224 12:13:54.424" level="WARN">Keyword 'BuiltIn.Run Keyword Unless' is deprecated. </msg>
<kw name="Fail" library="BuiltIn">
<arg>Failed to click element ${locator} after ${retry_count} attempts</arg>
<doc>Fails the test with the given message and optionally alters its tags.</doc>
<msg timestamp="20260224 12:13:54.428" level="FAIL">Failed to click element xpath=//tr[td[text()="RCP001001"]]//a[contains(@class, 'auth-reject')] after 3 attempts</msg>
<status status="FAIL" starttime="20260224 12:13:54.426" endtime="20260224 12:13:54.429"/>
</kw>
<status status="FAIL" starttime="20260224 12:13:54.423" endtime="20260224 12:13:54.649"/>
</kw>
<status status="FAIL" starttime="20260224 12:13:03.562" endtime="20260224 12:13:54.650"/>
</kw>
<kw name="Execute Javascript" library="SeleniumLibrary">
<arg>document.getElementById("idApprove").click()</arg>
<doc>Executes the given JavaScript code with possible arguments.</doc>
<status status="NOT RUN" starttime="20260224 12:13:54.650" endtime="20260224 12:13:54.651"/>
</kw>
<kw name="Wait For Element And Click" library="base_page">
<arg>${APPROVE_SUBMIT_BUTTON}</arg>
<doc>Enhanced element clicking with retry mechanism</doc>
<status status="NOT RUN" starttime="20260224 12:13:54.651" endtime="20260224 12:13:54.651"/>
</kw>
<status status="FAIL" starttime="20260224 12:12:57.762" endtime="20260224 12:13:54.652"/>
</kw>
<kw name="Logout From Application">
<status status="NOT RUN" starttime="20260224 12:13:54.674" endtime="20260224 12:13:54.674"/>
</kw>
<status status="FAIL" starttime="20260224 12:05:57.783" endtime="20260224 12:13:54.675"/>
</kw>
<doc>Test receipt approval only</doc>
<tag>approval</tag>
<tag>lms</tag>
<tag>receipt_management</tag>
<tag>smoke</tag>
<status status="FAIL" starttime="20260224 12:05:57.762" endtime="20260224 12:13:54.678">Failed to click element xpath=//tr[td[text()="RCP001001"]]//a[contains(@class, 'auth-reject')] after 3 attempts</status>
</test>
<kw name="Close Application" library="base_page" type="TEARDOWN">
<doc>Enhanced browser cleanup</doc>
<kw name="Run Keyword And Return Status" library="BuiltIn">
<var>${browsers_open}</var>
<arg>Get Window Handles</arg>
<doc>Runs the given keyword with given arguments and returns the status as a Boolean value.</doc>
<kw name="Get Window Handles" library="SeleniumLibrary">
<doc>Returns all child window handles of the selected browser as a list.</doc>
<status status="PASS" starttime="20260224 12:10:49.246" endtime="20260224 12:10:49.322"/>
</kw>
<msg timestamp="20260224 12:10:49.323" level="INFO">${browsers_open} = True</msg>
<status status="PASS" starttime="20260224 12:10:49.243" endtime="20260224 12:10:49.323"/>
</kw>
<kw name="Run Keyword If" library="BuiltIn">
<arg>${browsers_open}</arg>
<arg>Close All Browsers</arg>
<doc>Runs the given keyword with the given arguments, if ``condition`` is true.</doc>
<kw name="Close All Browsers" library="SeleniumLibrary">
<doc>Closes all open browsers and resets the browser cache.</doc>
<status status="PASS" starttime="20260224 12:10:49.325" endtime="20260224 12:11:16.231"/>
</kw>
<status status="PASS" starttime="20260224 12:10:49.323" endtime="20260224 12:11:16.232"/>
</kw>
<kw name="Log" library="BuiltIn">
<arg>Application closed successfully</arg>
<doc>Logs the given message with the given level.</doc>
<msg timestamp="20260224 12:11:16.234" level="INFO">Application closed successfully</msg>
<status status="PASS" starttime="20260224 12:11:16.233" endtime="20260224 12:11:16.234"/>
</kw>
<kw name="Run Keyword And Return Status" library="BuiltIn">
<var>${browsers_open}</var>
<arg>Get Window Handles</arg>
<doc>Runs the given keyword with given arguments and returns the status as a Boolean value.</doc>
<kw name="Get Window Handles" library="SeleniumLibrary">
<doc>Returns all child window handles of the selected browser as a list.</doc>
<status status="PASS" starttime="20260224 12:13:46.055" endtime="20260224 12:13:46.061"/>
</kw>
<msg timestamp="20260224 12:13:46.061" level="INFO">${browsers_open} = True</msg>
<status status="PASS" starttime="20260224 12:13:46.054" endtime="20260224 12:13:46.062"/>
</kw>
<kw name="Run Keyword If" library="BuiltIn">
<arg>${browsers_open}</arg>
<arg>Close All Browsers</arg>
<doc>Runs the given keyword with the given arguments, if ``condition`` is true.</doc>
<kw name="Close All Browsers" library="SeleniumLibrary">
<doc>Closes all open browsers and resets the browser cache.</doc>
<status status="PASS" starttime="20260224 12:13:46.063" endtime="20260224 12:13:52.806"/>
</kw>
<status status="PASS" starttime="20260224 12:13:46.062" endtime="20260224 12:13:52.807"/>
</kw>
<kw name="Log" library="BuiltIn">
<arg>Application closed successfully</arg>
<doc>Logs the given message with the given level.</doc>
<msg timestamp="20260224 12:13:52.809" level="INFO">Application closed successfully</msg>
<status status="PASS" starttime="20260224 12:13:52.808" endtime="20260224 12:13:52.809"/>
</kw>
<kw name="Run Keyword And Return Status" library="BuiltIn">
<var>${browsers_open}</var>
<arg>Get Window Handles</arg>
<doc>Runs the given keyword with given arguments and returns the status as a Boolean value.</doc>
<kw name="Get Window Handles" library="SeleniumLibrary">
<doc>Returns all child window handles of the selected browser as a list.</doc>
<status status="PASS" starttime="20260224 12:13:54.689" endtime="20260224 12:13:54.694"/>
</kw>
<msg timestamp="20260224 12:13:54.694" level="INFO">${browsers_open} = True</msg>
<status status="PASS" starttime="20260224 12:13:54.688" endtime="20260224 12:13:54.694"/>
</kw>
<kw name="Run Keyword If" library="BuiltIn">
<arg>${browsers_open}</arg>
<arg>Close All Browsers</arg>
<doc>Runs the given keyword with the given arguments, if ``condition`` is true.</doc>
<kw name="Close All Browsers" library="SeleniumLibrary">
<doc>Closes all open browsers and resets the browser cache.</doc>
<status status="PASS" starttime="20260224 12:13:54.695" endtime="20260224 12:14:01.516"/>
</kw>
<status status="PASS" starttime="20260224 12:13:54.695" endtime="20260224 12:14:01.517"/>
</kw>
<kw name="Log" library="BuiltIn">
<arg>Application closed successfully</arg>
<doc>Logs the given message with the given level.</doc>
<msg timestamp="20260224 12:14:01.518" level="INFO">Application closed successfully</msg>
<status status="PASS" starttime="20260224 12:14:01.517" endtime="20260224 12:14:01.518"/>
</kw>
<status status="PASS" starttime="20260224 12:10:49.241" endtime="20260224 12:11:16.234"/>
</kw>
<doc>Receipt Management Test Suite</doc>
<status status="FAIL" starttime="20260224 12:01:50.994" endtime="20260224 12:14:01.518"/>
</suite>
<statistics>
<total>
<stat pass="0" fail="3" skip="0">All Tests</stat>
</total>
<tag>
<stat pass="0" fail="1" skip="0">approval</stat>
<stat pass="0" fail="1" skip="0">critical</stat>
<stat pass="0" fail="1" skip="0">generation</stat>
<stat pass="0" fail="3" skip="0">lms</stat>
<stat pass="0" fail="3" skip="0">receipt_management</stat>
<stat pass="0" fail="2" skip="0">smoke</stat>
<stat pass="0" fail="1" skip="0">workflow</stat>
</tag>
<suite>
<stat pass="0" fail="3" skip="0" id="s1" name="Receipt Management">Receipt Management</stat>
</suite>
</statistics>
<errors>
<msg timestamp="20260224 12:09:23.747" level="WARN">Keyword 'BuiltIn.Run Keyword Unless' is deprecated. </msg>
<msg timestamp="20260224 12:10:48.811" level="WARN">Keyword 'BuiltIn.Run Keyword Unless' is deprecated. </msg>
<msg timestamp="20260224 12:10:09.945" level="WARN">Keyword 'BuiltIn.Run Keyword Unless' is deprecated. </msg>
<msg timestamp="20260224 12:10:47.819" level="WARN">Keyword 'BuiltIn.Run Keyword Unless' is deprecated. </msg>
<msg timestamp="20260224 12:10:54.465" level="WARN">Keyword 'BuiltIn.Run Keyword Unless' is deprecated. </msg>
<msg timestamp="20260224 12:10:59.450" level="WARN">Keyword 'BuiltIn.Run Keyword Unless' is deprecated. </msg>
<msg timestamp="20260224 12:12:56.477" level="WARN">Keyword 'BuiltIn.Run Keyword Unless' is deprecated. </msg>
<msg timestamp="20260224 12:13:45.983" level="WARN">Keyword 'BuiltIn.Run Keyword Unless' is deprecated. </msg>
<msg timestamp="20260224 12:10:10.055" level="WARN">Keyword 'BuiltIn.Run Keyword Unless' is deprecated. </msg>
<msg timestamp="20260224 12:10:48.723" level="WARN">Keyword 'BuiltIn.Run Keyword Unless' is deprecated. </msg>
<msg timestamp="20260224 12:10:54.881" level="WARN">Keyword 'BuiltIn.Run Keyword Unless' is deprecated. </msg>
<msg timestamp="20260224 12:11:00.300" level="WARN">Keyword 'BuiltIn.Run Keyword Unless' is deprecated. </msg>
<msg timestamp="20260224 12:12:57.760" level="WARN">Keyword 'BuiltIn.Run Keyword Unless' is deprecated. </msg>
<msg timestamp="20260224 12:13:54.424" level="WARN">Keyword 'BuiltIn.Run Keyword Unless' is deprecated. </msg>
</errors>
</robot>
