<?xml version="1.0" encoding="UTF-8"?>
<robot generator="Rebot 6.1.1 (Python 3.13.1 on win32)" generated="20260213 16:38:11.221" rpa="false" schemaversion="4">
<suite id="s1" name="Receipt Management" source="D:\New_automation_\kfic-automation-framework\tests\lms\receipt_management.robot">
<kw name="Open Application" library="base_page" type="SETUP">
<doc>Opens the application with enhanced browser configuration</doc>
<kw name="Validate Environment" library="framework_config">
<doc>Validates if environment configuration is correct</doc>
<kw name="Dictionary Should Contain Key" library="Collections">
<arg>${URLS}</arg>
<arg>${ENVIRONMENT}</arg>
<doc>Fails if ``key`` is not found from ``dictionary``.</doc>
<status status="PASS" starttime="20260213 16:31:15.227" endtime="20260213 16:31:15.227"/>
</kw>
<kw name="Should Not Be Empty" library="BuiltIn">
<arg>${URLS.${ENVIRONMENT}}</arg>
<doc>Verifies that the given item is not empty.</doc>
<msg timestamp="20260213 16:31:15.229" level="INFO">Length is 67</msg>
<status status="PASS" starttime="20260213 16:31:15.227" endtime="20260213 16:31:15.229"/>
</kw>
<kw name="Log" library="BuiltIn">
<arg>Environment validation passed for: ${ENVIRONMENT}</arg>
<doc>Logs the given message with the given level.</doc>
<msg timestamp="20260213 16:31:15.230" level="INFO">Environment validation passed for: qc</msg>
<status status="PASS" starttime="20260213 16:31:15.229" endtime="20260213 16:31:15.230"/>
</kw>
<status status="PASS" starttime="20260213 16:31:15.226" endtime="20260213 16:31:15.230"/>
</kw>
<kw name="Get Environment URL" library="framework_config">
<var>${url}</var>
<doc>Returns URL based on current environment</doc>
<kw name="Get From Dictionary" library="Collections">
<var>${url}</var>
<arg>${URLS}</arg>
<arg>${ENVIRONMENT}</arg>
<doc>Returns a value from the given ``dictionary`` based on the given ``key``.</doc>
<msg timestamp="20260213 16:31:15.231" level="INFO">${url} = http://172.21.0.93:9092/Kiya.aiCBS-10.2.0/LoginPage?tid=139&amp;lang=en</msg>
<status status="PASS" starttime="20260213 16:31:15.230" endtime="20260213 16:31:15.231"/>
</kw>
<return>
<value>${url}</value>
<status status="PASS" starttime="20260213 16:31:15.231" endtime="20260213 16:31:15.231"/>
</return>
<msg timestamp="20260213 16:31:15.231" level="INFO">${url} = http://172.21.0.93:9092/Kiya.aiCBS-10.2.0/LoginPage?tid=139&amp;lang=en</msg>
<status status="PASS" starttime="20260213 16:31:15.230" endtime="20260213 16:31:15.231"/>
</kw>
<kw name="Log" library="BuiltIn">
<arg>Opening application: ${url}</arg>
<doc>Logs the given message with the given level.</doc>
<msg timestamp="20260213 16:31:15.232" level="INFO">Opening application: http://172.21.0.93:9092/Kiya.aiCBS-10.2.0/LoginPage?tid=139&amp;lang=en</msg>
<status status="PASS" starttime="20260213 16:31:15.232" endtime="20260213 16:31:15.232"/>
</kw>
<kw name="Evaluate" library="BuiltIn">
<var>${options}</var>
<arg>sys.modules['selenium.webdriver'].ChromeOptions()</arg>
<arg>sys, selenium.webdriver</arg>
<doc>Evaluates the given expression in Python and returns the result.</doc>
<msg timestamp="20260213 16:31:15.233" level="INFO">${options} = &lt;selenium.webdriver.chrome.options.Options object at 0x000001E6CA990830&gt;</msg>
<status status="PASS" starttime="20260213 16:31:15.232" endtime="20260213 16:31:15.233"/>
</kw>
<kw name="Run Keyword If" library="BuiltIn">
<arg>${headless}</arg>
<arg>Call Method</arg>
<arg>${options}</arg>
<arg>add_argument</arg>
<arg>--headless</arg>
<doc>Runs the given keyword with the given arguments, if ``condition`` is true.</doc>
<status status="PASS" starttime="20260213 16:31:15.233" endtime="20260213 16:31:15.233"/>
</kw>
<kw name="Call Method" library="BuiltIn">
<arg>${options}</arg>
<arg>add_argument</arg>
<arg>--no-sandbox</arg>
<doc>Calls the named method of the given object with the provided arguments.</doc>
<status status="PASS" starttime="20260213 16:31:15.233" endtime="20260213 16:31:15.234"/>
</kw>
<kw name="Call Method" library="BuiltIn">
<arg>${options}</arg>
<arg>add_argument</arg>
<arg>--disable-dev-shm-usage</arg>
<doc>Calls the named method of the given object with the provided arguments.</doc>
<status status="PASS" starttime="20260213 16:31:15.234" endtime="20260213 16:31:15.234"/>
</kw>
<kw name="Call Method" library="BuiltIn">
<arg>${options}</arg>
<arg>add_argument</arg>
<arg>--disable-gpu</arg>
<doc>Calls the named method of the given object with the provided arguments.</doc>
<status status="PASS" starttime="20260213 16:31:15.234" endtime="20260213 16:31:15.235"/>
</kw>
<kw name="Call Method" library="BuiltIn">
<arg>${options}</arg>
<arg>add_argument</arg>
<arg>--disable-web-security</arg>
<doc>Calls the named method of the given object with the provided arguments.</doc>
<status status="PASS" starttime="20260213 16:31:15.235" endtime="20260213 16:31:15.235"/>
</kw>
<kw name="Call Method" library="BuiltIn">
<arg>${options}</arg>
<arg>add_argument</arg>
<arg>--allow-running-insecure-content</arg>
<doc>Calls the named method of the given object with the provided arguments.</doc>
<status status="PASS" starttime="20260213 16:31:15.235" endtime="20260213 16:31:15.236"/>
</kw>
<kw name="Open Browser" library="SeleniumLibrary">
<arg>${url}</arg>
<arg>${browser}</arg>
<arg>options=${options}</arg>
<doc>Opens a new browser instance to the optional ``url``.</doc>
<msg timestamp="20260213 16:31:15.237" level="INFO">Opening browser 'chrome' to base url 'http://172.21.0.93:9092/Kiya.aiCBS-10.2.0/LoginPage?tid=139&amp;lang=en'.</msg>
<status status="PASS" starttime="20260213 16:31:15.236" endtime="20260213 16:31:58.171"/>
</kw>
<kw name="Maximize Browser Window" library="SeleniumLibrary">
<doc>Maximizes current browser window.</doc>
<status status="PASS" starttime="20260213 16:31:58.171" endtime="20260213 16:31:58.223"/>
</kw>
<kw name="Set Selenium Implicit Wait" library="SeleniumLibrary">
<arg>${IMPLICIT_WAIT}</arg>
<doc>Sets the implicit wait value used by Selenium.</doc>
<status status="PASS" starttime="20260213 16:31:58.224" endtime="20260213 16:31:58.226"/>
</kw>
<kw name="Set Selenium Timeout" library="SeleniumLibrary">
<arg>${PAGE_LOAD_TIMEOUT}</arg>
<doc>Sets the timeout that is used by various keywords.</doc>
<status status="PASS" starttime="20260213 16:31:58.227" endtime="20260213 16:31:58.243"/>
</kw>
<kw name="Setup Test Environment" library="base_page">
<doc>Setup test environment directories and logging</doc>
<kw name="Create Directory" library="OperatingSystem">
<arg>${SCREENSHOTS_DIR}</arg>
<doc>Creates the specified directory.</doc>
<msg timestamp="20260213 16:31:58.245" level="INFO" html="true">Directory '&lt;a href="file://D:\New_automation_\kfic-automation-framework\results\screenshots"&gt;D:\New_automation_\kfic-automation-framework\results\screenshots&lt;/a&gt;' already exists.</msg>
<status status="PASS" starttime="20260213 16:31:58.245" endtime="20260213 16:31:58.246"/>
</kw>
<kw name="Create Directory" library="OperatingSystem">
<arg>${REPORTS_DIR}</arg>
<doc>Creates the specified directory.</doc>
<msg timestamp="20260213 16:31:58.246" level="INFO" html="true">Directory '&lt;a href="file://D:\New_automation_\kfic-automation-framework\results\reports"&gt;D:\New_automation_\kfic-automation-framework\results\reports&lt;/a&gt;' already exists.</msg>
<status status="PASS" starttime="20260213 16:31:58.246" endtime="20260213 16:31:58.246"/>
</kw>
<kw name="Create Directory" library="OperatingSystem">
<arg>${LOGS_DIR}</arg>
<doc>Creates the specified directory.</doc>
<msg timestamp="20260213 16:31:58.247" level="INFO" html="true">Directory '&lt;a href="file://D:\New_automation_\kfic-automation-framework\results\logs"&gt;D:\New_automation_\kfic-automation-framework\results\logs&lt;/a&gt;' already exists.</msg>
<status status="PASS" starttime="20260213 16:31:58.247" endtime="20260213 16:31:58.247"/>
</kw>
<kw name="Log" library="BuiltIn">
<arg>Test environment setup completed</arg>
<doc>Logs the given message with the given level.</doc>
<msg timestamp="20260213 16:31:58.248" level="INFO">Test environment setup completed</msg>
<status status="PASS" starttime="20260213 16:31:58.247" endtime="20260213 16:31:58.248"/>
</kw>
<kw name="Log" library="BuiltIn">
<arg>Screenshots directory: ${SCREENSHOTS_DIR}</arg>
<doc>Logs the given message with the given level.</doc>
<msg timestamp="20260213 16:31:58.249" level="INFO">Screenshots directory: D:\New_automation_\kfic-automation-framework\config/../results/screenshots</msg>
<status status="PASS" starttime="20260213 16:31:58.248" endtime="20260213 16:31:58.249"/>
</kw>
<kw name="Log" library="BuiltIn">
<arg>Reports directory: ${REPORTS_DIR}</arg>
<doc>Logs the given message with the given level.</doc>
<msg timestamp="20260213 16:31:58.249" level="INFO">Reports directory: D:\New_automation_\kfic-automation-framework\config/../results/reports</msg>
<status status="PASS" starttime="20260213 16:31:58.249" endtime="20260213 16:31:58.249"/>
</kw>
<kw name="Log" library="BuiltIn">
<arg>Logs directory: ${LOGS_DIR}</arg>
<doc>Logs the given message with the given level.</doc>
<msg timestamp="20260213 16:31:58.250" level="INFO">Logs directory: D:\New_automation_\kfic-automation-framework\config/../results/logs</msg>
<status status="PASS" starttime="20260213 16:31:58.250" endtime="20260213 16:31:58.250"/>
</kw>
<status status="PASS" starttime="20260213 16:31:58.244" endtime="20260213 16:31:58.251"/>
</kw>
<kw name="Validate Environment" library="framework_config">
<doc>Validates if environment configuration is correct</doc>
<kw name="Dictionary Should Contain Key" library="Collections">
<arg>${URLS}</arg>
<arg>${ENVIRONMENT}</arg>
<doc>Fails if ``key`` is not found from ``dictionary``.</doc>
<status status="PASS" starttime="20260213 16:31:15.233" endtime="20260213 16:31:15.233"/>
</kw>
<kw name="Should Not Be Empty" library="BuiltIn">
<arg>${URLS.${ENVIRONMENT}}</arg>
<doc>Verifies that the given item is not empty.</doc>
<msg timestamp="20260213 16:31:15.234" level="INFO">Length is 67</msg>
<status status="PASS" starttime="20260213 16:31:15.233" endtime="20260213 16:31:15.234"/>
</kw>
<kw name="Log" library="BuiltIn">
<arg>Environment validation passed for: ${ENVIRONMENT}</arg>
<doc>Logs the given message with the given level.</doc>
<msg timestamp="20260213 16:31:15.235" level="INFO">Environment validation passed for: qc</msg>
<status status="PASS" starttime="20260213 16:31:15.234" endtime="20260213 16:31:15.235"/>
</kw>
<status status="PASS" starttime="20260213 16:31:15.232" endtime="20260213 16:31:15.235"/>
</kw>
<kw name="Get Environment URL" library="framework_config">
<var>${url}</var>
<doc>Returns URL based on current environment</doc>
<kw name="Get From Dictionary" library="Collections">
<var>${url}</var>
<arg>${URLS}</arg>
<arg>${ENVIRONMENT}</arg>
<doc>Returns a value from the given ``dictionary`` based on the given ``key``.</doc>
<msg timestamp="20260213 16:31:15.235" level="INFO">${url} = http://172.21.0.93:9092/Kiya.aiCBS-10.2.0/LoginPage?tid=139&amp;lang=en</msg>
<status status="PASS" starttime="20260213 16:31:15.235" endtime="20260213 16:31:15.235"/>
</kw>
<return>
<value>${url}</value>
<status status="PASS" starttime="20260213 16:31:15.235" endtime="20260213 16:31:15.236"/>
</return>
<msg timestamp="20260213 16:31:15.236" level="INFO">${url} = http://172.21.0.93:9092/Kiya.aiCBS-10.2.0/LoginPage?tid=139&amp;lang=en</msg>
<status status="PASS" starttime="20260213 16:31:15.235" endtime="20260213 16:31:15.236"/>
</kw>
<kw name="Log" library="BuiltIn">
<arg>Opening application: ${url}</arg>
<doc>Logs the given message with the given level.</doc>
<msg timestamp="20260213 16:31:15.236" level="INFO">Opening application: http://172.21.0.93:9092/Kiya.aiCBS-10.2.0/LoginPage?tid=139&amp;lang=en</msg>
<status status="PASS" starttime="20260213 16:31:15.236" endtime="20260213 16:31:15.236"/>
</kw>
<kw name="Evaluate" library="BuiltIn">
<var>${options}</var>
<arg>sys.modules['selenium.webdriver'].ChromeOptions()</arg>
<arg>sys, selenium.webdriver</arg>
<doc>Evaluates the given expression in Python and returns the result.</doc>
<msg timestamp="20260213 16:31:15.237" level="INFO">${options} = &lt;selenium.webdriver.chrome.options.Options object at 0x00000197AEC20830&gt;</msg>
<status status="PASS" starttime="20260213 16:31:15.236" endtime="20260213 16:31:15.237"/>
</kw>
<kw name="Run Keyword If" library="BuiltIn">
<arg>${headless}</arg>
<arg>Call Method</arg>
<arg>${options}</arg>
<arg>add_argument</arg>
<arg>--headless</arg>
<doc>Runs the given keyword with the given arguments, if ``condition`` is true.</doc>
<status status="PASS" starttime="20260213 16:31:15.237" endtime="20260213 16:31:15.237"/>
</kw>
<kw name="Call Method" library="BuiltIn">
<arg>${options}</arg>
<arg>add_argument</arg>
<arg>--no-sandbox</arg>
<doc>Calls the named method of the given object with the provided arguments.</doc>
<status status="PASS" starttime="20260213 16:31:15.237" endtime="20260213 16:31:15.237"/>
</kw>
<kw name="Call Method" library="BuiltIn">
<arg>${options}</arg>
<arg>add_argument</arg>
<arg>--disable-dev-shm-usage</arg>
<doc>Calls the named method of the given object with the provided arguments.</doc>
<status status="PASS" starttime="20260213 16:31:15.237" endtime="20260213 16:31:15.238"/>
</kw>
<kw name="Call Method" library="BuiltIn">
<arg>${options}</arg>
<arg>add_argument</arg>
<arg>--disable-gpu</arg>
<doc>Calls the named method of the given object with the provided arguments.</doc>
<status status="PASS" starttime="20260213 16:31:15.238" endtime="20260213 16:31:15.238"/>
</kw>
<kw name="Call Method" library="BuiltIn">
<arg>${options}</arg>
<arg>add_argument</arg>
<arg>--disable-web-security</arg>
<doc>Calls the named method of the given object with the provided arguments.</doc>
<status status="PASS" starttime="20260213 16:31:15.238" endtime="20260213 16:31:15.239"/>
</kw>
<kw name="Call Method" library="BuiltIn">
<arg>${options}</arg>
<arg>add_argument</arg>
<arg>--allow-running-insecure-content</arg>
<doc>Calls the named method of the given object with the provided arguments.</doc>
<status status="PASS" starttime="20260213 16:31:15.239" endtime="20260213 16:31:15.239"/>
</kw>
<kw name="Open Browser" library="SeleniumLibrary">
<arg>${url}</arg>
<arg>${browser}</arg>
<arg>options=${options}</arg>
<doc>Opens a new browser instance to the optional ``url``.</doc>
<msg timestamp="20260213 16:31:15.240" level="INFO">Opening browser 'chrome' to base url 'http://172.21.0.93:9092/Kiya.aiCBS-10.2.0/LoginPage?tid=139&amp;lang=en'.</msg>
<status status="PASS" starttime="20260213 16:31:15.239" endtime="20260213 16:31:51.371"/>
</kw>
<kw name="Maximize Browser Window" library="SeleniumLibrary">
<doc>Maximizes current browser window.</doc>
<status status="PASS" starttime="20260213 16:31:51.372" endtime="20260213 16:31:51.443"/>
</kw>
<kw name="Set Selenium Implicit Wait" library="SeleniumLibrary">
<arg>${IMPLICIT_WAIT}</arg>
<doc>Sets the implicit wait value used by Selenium.</doc>
<status status="PASS" starttime="20260213 16:31:51.444" endtime="20260213 16:31:51.449"/>
</kw>
<kw name="Set Selenium Timeout" library="SeleniumLibrary">
<arg>${PAGE_LOAD_TIMEOUT}</arg>
<doc>Sets the timeout that is used by various keywords.</doc>
<status status="PASS" starttime="20260213 16:31:51.450" endtime="20260213 16:31:51.462"/>
</kw>
<kw name="Setup Test Environment" library="base_page">
<doc>Setup test environment directories and logging</doc>
<kw name="Create Directory" library="OperatingSystem">
<arg>${SCREENSHOTS_DIR}</arg>
<doc>Creates the specified directory.</doc>
<msg timestamp="20260213 16:31:51.463" level="INFO" html="true">Directory '&lt;a href="file://D:\New_automation_\kfic-automation-framework\results\screenshots"&gt;D:\New_automation_\kfic-automation-framework\results\screenshots&lt;/a&gt;' already exists.</msg>
<status status="PASS" starttime="20260213 16:31:51.463" endtime="20260213 16:31:51.464"/>
</kw>
<kw name="Create Directory" library="OperatingSystem">
<arg>${REPORTS_DIR}</arg>
<doc>Creates the specified directory.</doc>
<msg timestamp="20260213 16:31:51.464" level="INFO" html="true">Directory '&lt;a href="file://D:\New_automation_\kfic-automation-framework\results\reports"&gt;D:\New_automation_\kfic-automation-framework\results\reports&lt;/a&gt;' already exists.</msg>
<status status="PASS" starttime="20260213 16:31:51.464" endtime="20260213 16:31:51.464"/>
</kw>
<kw name="Create Directory" library="OperatingSystem">
<arg>${LOGS_DIR}</arg>
<doc>Creates the specified directory.</doc>
<msg timestamp="20260213 16:31:51.465" level="INFO" html="true">Directory '&lt;a href="file://D:\New_automation_\kfic-automation-framework\results\logs"&gt;D:\New_automation_\kfic-automation-framework\results\logs&lt;/a&gt;' already exists.</msg>
<status status="PASS" starttime="20260213 16:31:51.465" endtime="20260213 16:31:51.465"/>
</kw>
<kw name="Log" library="BuiltIn">
<arg>Test environment setup completed</arg>
<doc>Logs the given message with the given level.</doc>
<msg timestamp="20260213 16:31:51.466" level="INFO">Test environment setup completed</msg>
<status status="PASS" starttime="20260213 16:31:51.466" endtime="20260213 16:31:51.467"/>
</kw>
<kw name="Log" library="BuiltIn">
<arg>Screenshots directory: ${SCREENSHOTS_DIR}</arg>
<doc>Logs the given message with the given level.</doc>
<msg timestamp="20260213 16:31:51.468" level="INFO">Screenshots directory: D:\New_automation_\kfic-automation-framework\config/../results/screenshots</msg>
<status status="PASS" starttime="20260213 16:31:51.467" endtime="20260213 16:31:51.468"/>
</kw>
<kw name="Log" library="BuiltIn">
<arg>Reports directory: ${REPORTS_DIR}</arg>
<doc>Logs the given message with the given level.</doc>
<msg timestamp="20260213 16:31:51.468" level="INFO">Reports directory: D:\New_automation_\kfic-automation-framework\config/../results/reports</msg>
<status status="PASS" starttime="20260213 16:31:51.468" endtime="20260213 16:31:51.469"/>
</kw>
<kw name="Log" library="BuiltIn">
<arg>Logs directory: ${LOGS_DIR}</arg>
<doc>Logs the given message with the given level.</doc>
<msg timestamp="20260213 16:31:51.469" level="INFO">Logs directory: D:\New_automation_\kfic-automation-framework\config/../results/logs</msg>
<status status="PASS" starttime="20260213 16:31:51.469" endtime="20260213 16:31:51.469"/>
</kw>
<status status="PASS" starttime="20260213 16:31:51.462" endtime="20260213 16:31:51.469"/>
</kw>
<kw name="Validate Environment" library="framework_config">
<doc>Validates if environment configuration is correct</doc>
<kw name="Dictionary Should Contain Key" library="Collections">
<arg>${URLS}</arg>
<arg>${ENVIRONMENT}</arg>
<doc>Fails if ``key`` is not found from ``dictionary``.</doc>
<status status="PASS" starttime="20260213 16:31:15.239" endtime="20260213 16:31:15.239"/>
</kw>
<kw name="Should Not Be Empty" library="BuiltIn">
<arg>${URLS.${ENVIRONMENT}}</arg>
<doc>Verifies that the given item is not empty.</doc>
<msg timestamp="20260213 16:31:15.241" level="INFO">Length is 67</msg>
<status status="PASS" starttime="20260213 16:31:15.239" endtime="20260213 16:31:15.241"/>
</kw>
<kw name="Log" library="BuiltIn">
<arg>Environment validation passed for: ${ENVIRONMENT}</arg>
<doc>Logs the given message with the given level.</doc>
<msg timestamp="20260213 16:31:15.242" level="INFO">Environment validation passed for: qc</msg>
<status status="PASS" starttime="20260213 16:31:15.241" endtime="20260213 16:31:15.242"/>
</kw>
<status status="PASS" starttime="20260213 16:31:15.238" endtime="20260213 16:31:15.242"/>
</kw>
<kw name="Get Environment URL" library="framework_config">
<var>${url}</var>
<doc>Returns URL based on current environment</doc>
<kw name="Get From Dictionary" library="Collections">
<var>${url}</var>
<arg>${URLS}</arg>
<arg>${ENVIRONMENT}</arg>
<doc>Returns a value from the given ``dictionary`` based on the given ``key``.</doc>
<msg timestamp="20260213 16:31:15.243" level="INFO">${url} = http://172.21.0.93:9092/Kiya.aiCBS-10.2.0/LoginPage?tid=139&amp;lang=en</msg>
<status status="PASS" starttime="20260213 16:31:15.242" endtime="20260213 16:31:15.243"/>
</kw>
<return>
<value>${url}</value>
<status status="PASS" starttime="20260213 16:31:15.243" endtime="20260213 16:31:15.244"/>
</return>
<msg timestamp="20260213 16:31:15.244" level="INFO">${url} = http://172.21.0.93:9092/Kiya.aiCBS-10.2.0/LoginPage?tid=139&amp;lang=en</msg>
<status status="PASS" starttime="20260213 16:31:15.242" endtime="20260213 16:31:15.244"/>
</kw>
<kw name="Log" library="BuiltIn">
<arg>Opening application: ${url}</arg>
<doc>Logs the given message with the given level.</doc>
<msg timestamp="20260213 16:31:15.245" level="INFO">Opening application: http://172.21.0.93:9092/Kiya.aiCBS-10.2.0/LoginPage?tid=139&amp;lang=en</msg>
<status status="PASS" starttime="20260213 16:31:15.245" endtime="20260213 16:31:15.245"/>
</kw>
<kw name="Evaluate" library="BuiltIn">
<var>${options}</var>
<arg>sys.modules['selenium.webdriver'].ChromeOptions()</arg>
<arg>sys, selenium.webdriver</arg>
<doc>Evaluates the given expression in Python and returns the result.</doc>
<msg timestamp="20260213 16:31:15.247" level="INFO">${options} = &lt;selenium.webdriver.chrome.options.Options object at 0x000002689FAF0830&gt;</msg>
<status status="PASS" starttime="20260213 16:31:15.245" endtime="20260213 16:31:15.247"/>
</kw>
<kw name="Run Keyword If" library="BuiltIn">
<arg>${headless}</arg>
<arg>Call Method</arg>
<arg>${options}</arg>
<arg>add_argument</arg>
<arg>--headless</arg>
<doc>Runs the given keyword with the given arguments, if ``condition`` is true.</doc>
<status status="PASS" starttime="20260213 16:31:15.247" endtime="20260213 16:31:15.248"/>
</kw>
<kw name="Call Method" library="BuiltIn">
<arg>${options}</arg>
<arg>add_argument</arg>
<arg>--no-sandbox</arg>
<doc>Calls the named method of the given object with the provided arguments.</doc>
<status status="PASS" starttime="20260213 16:31:15.248" endtime="20260213 16:31:15.248"/>
</kw>
<kw name="Call Method" library="BuiltIn">
<arg>${options}</arg>
<arg>add_argument</arg>
<arg>--disable-dev-shm-usage</arg>
<doc>Calls the named method of the given object with the provided arguments.</doc>
<status status="PASS" starttime="20260213 16:31:15.248" endtime="20260213 16:31:15.249"/>
</kw>
<kw name="Call Method" library="BuiltIn">
<arg>${options}</arg>
<arg>add_argument</arg>
<arg>--disable-gpu</arg>
<doc>Calls the named method of the given object with the provided arguments.</doc>
<status status="PASS" starttime="20260213 16:31:15.249" endtime="20260213 16:31:15.249"/>
</kw>
<kw name="Call Method" library="BuiltIn">
<arg>${options}</arg>
<arg>add_argument</arg>
<arg>--disable-web-security</arg>
<doc>Calls the named method of the given object with the provided arguments.</doc>
<status status="PASS" starttime="20260213 16:31:15.249" endtime="20260213 16:31:15.250"/>
</kw>
<kw name="Call Method" library="BuiltIn">
<arg>${options}</arg>
<arg>add_argument</arg>
<arg>--allow-running-insecure-content</arg>
<doc>Calls the named method of the given object with the provided arguments.</doc>
<status status="PASS" starttime="20260213 16:31:15.250" endtime="20260213 16:31:15.250"/>
</kw>
<kw name="Open Browser" library="SeleniumLibrary">
<arg>${url}</arg>
<arg>${browser}</arg>
<arg>options=${options}</arg>
<doc>Opens a new browser instance to the optional ``url``.</doc>
<msg timestamp="20260213 16:31:15.251" level="INFO">Opening browser 'chrome' to base url 'http://172.21.0.93:9092/Kiya.aiCBS-10.2.0/LoginPage?tid=139&amp;lang=en'.</msg>
<status status="PASS" starttime="20260213 16:31:15.251" endtime="20260213 16:31:32.533"/>
</kw>
<kw name="Maximize Browser Window" library="SeleniumLibrary">
<doc>Maximizes current browser window.</doc>
<status status="PASS" starttime="20260213 16:31:32.534" endtime="20260213 16:31:51.605"/>
</kw>
<kw name="Set Selenium Implicit Wait" library="SeleniumLibrary">
<arg>${IMPLICIT_WAIT}</arg>
<doc>Sets the implicit wait value used by Selenium.</doc>
<status status="PASS" starttime="20260213 16:31:51.605" endtime="20260213 16:31:51.607"/>
</kw>
<kw name="Set Selenium Timeout" library="SeleniumLibrary">
<arg>${PAGE_LOAD_TIMEOUT}</arg>
<doc>Sets the timeout that is used by various keywords.</doc>
<status status="PASS" starttime="20260213 16:31:51.608" endtime="20260213 16:31:51.610"/>
</kw>
<kw name="Setup Test Environment" library="base_page">
<doc>Setup test environment directories and logging</doc>
<kw name="Create Directory" library="OperatingSystem">
<arg>${SCREENSHOTS_DIR}</arg>
<doc>Creates the specified directory.</doc>
<msg timestamp="20260213 16:31:51.611" level="INFO" html="true">Directory '&lt;a href="file://D:\New_automation_\kfic-automation-framework\results\screenshots"&gt;D:\New_automation_\kfic-automation-framework\results\screenshots&lt;/a&gt;' already exists.</msg>
<status status="PASS" starttime="20260213 16:31:51.610" endtime="20260213 16:31:51.611"/>
</kw>
<kw name="Create Directory" library="OperatingSystem">
<arg>${REPORTS_DIR}</arg>
<doc>Creates the specified directory.</doc>
<msg timestamp="20260213 16:31:51.612" level="INFO" html="true">Directory '&lt;a href="file://D:\New_automation_\kfic-automation-framework\results\reports"&gt;D:\New_automation_\kfic-automation-framework\results\reports&lt;/a&gt;' already exists.</msg>
<status status="PASS" starttime="20260213 16:31:51.611" endtime="20260213 16:31:51.612"/>
</kw>
<kw name="Create Directory" library="OperatingSystem">
<arg>${LOGS_DIR}</arg>
<doc>Creates the specified directory.</doc>
<msg timestamp="20260213 16:31:51.613" level="INFO" html="true">Directory '&lt;a href="file://D:\New_automation_\kfic-automation-framework\results\logs"&gt;D:\New_automation_\kfic-automation-framework\results\logs&lt;/a&gt;' already exists.</msg>
<status status="PASS" starttime="20260213 16:31:51.612" endtime="20260213 16:31:51.613"/>
</kw>
<kw name="Log" library="BuiltIn">
<arg>Test environment setup completed</arg>
<doc>Logs the given message with the given level.</doc>
<msg timestamp="20260213 16:31:51.613" level="INFO">Test environment setup completed</msg>
<status status="PASS" starttime="20260213 16:31:51.613" endtime="20260213 16:31:51.614"/>
</kw>
<kw name="Log" library="BuiltIn">
<arg>Screenshots directory: ${SCREENSHOTS_DIR}</arg>
<doc>Logs the given message with the given level.</doc>
<msg timestamp="20260213 16:31:51.616" level="INFO">Screenshots directory: D:\New_automation_\kfic-automation-framework\config/../results/screenshots</msg>
<status status="PASS" starttime="20260213 16:31:51.614" endtime="20260213 16:31:51.616"/>
</kw>
<kw name="Log" library="BuiltIn">
<arg>Reports directory: ${REPORTS_DIR}</arg>
<doc>Logs the given message with the given level.</doc>
<msg timestamp="20260213 16:31:51.617" level="INFO">Reports directory: D:\New_automation_\kfic-automation-framework\config/../results/reports</msg>
<status status="PASS" starttime="20260213 16:31:51.617" endtime="20260213 16:31:51.617"/>
</kw>
<kw name="Log" library="BuiltIn">
<arg>Logs directory: ${LOGS_DIR}</arg>
<doc>Logs the given message with the given level.</doc>
<msg timestamp="20260213 16:31:51.618" level="INFO">Logs directory: D:\New_automation_\kfic-automation-framework\config/../results/logs</msg>
<status status="PASS" starttime="20260213 16:31:51.617" endtime="20260213 16:31:51.618"/>
</kw>
<status status="PASS" starttime="20260213 16:31:51.610" endtime="20260213 16:31:51.618"/>
</kw>
<status status="PASS" starttime="20260213 16:31:15.225" endtime="20260213 16:31:58.251"/>
</kw>
<test id="s1-t1" name="TC001_Complete_Receipt_Generation_Workflow" line="10">
<kw name="Load Test Data From JSON" library="data_utils">
<var>${receipt_data}</var>
<arg>receipt_data.json</arg>
<doc>Loads test data from JSON file with error handling</doc>
<kw name="Join Path" library="OperatingSystem">
<var>${file_path}</var>
<arg>${TEST_DATA_PATH}</arg>
<arg>${file_name}</arg>
<doc>Joins the given path part(s) to the given base path.</doc>
<msg timestamp="20260213 16:31:58.253" level="INFO">${file_path} = D:\New_automation_\kfic-automation-framework\data\receipt_data.json</msg>
<status status="PASS" starttime="20260213 16:31:58.253" endtime="20260213 16:31:58.253"/>
</kw>
<kw name="File Should Exist" library="OperatingSystem">
<arg>${file_path}</arg>
<arg>Test data file not found: ${file_path}</arg>
<doc>Fails unless the given ``path`` points to an existing file.</doc>
<msg timestamp="20260213 16:31:58.254" level="INFO" html="true">File '&lt;a href="file://D:\New_automation_\kfic-automation-framework\data\receipt_data.json"&gt;D:\New_automation_\kfic-automation-framework\data\receipt_data.json&lt;/a&gt;' exists.</msg>
<status status="PASS" starttime="20260213 16:31:58.254" endtime="20260213 16:31:58.254"/>
</kw>
<kw name="Get File" library="OperatingSystem">
<var>${json_string}</var>
<arg>${file_path}</arg>
<doc>Returns the contents of a specified file.</doc>
<msg timestamp="20260213 16:31:58.255" level="INFO" html="true">Getting file '&lt;a href="file://D:\New_automation_\kfic-automation-framework\data\receipt_data.json"&gt;D:\New_automation_\kfic-automation-framework\data\receipt_data.json&lt;/a&gt;'.</msg>
<msg timestamp="20260213 16:31:58.255" level="INFO">${json_string} = {
  "receipt_data": {
    "bookSize": "1",
    "noOfBooks": "5",
    "startReceiptNo": "RCP001001",
    "bookPrefix": "BK",
    "receiptPrefix": "RCP"
  },
  "receipt_data_variant_a": {
    "bookSize"...</msg>
<status status="PASS" starttime="20260213 16:31:58.254" endtime="20260213 16:31:58.255"/>
</kw>
<kw name="Evaluate" library="BuiltIn">
<var>${json_data}</var>
<arg>json.loads('''${json_string}''')</arg>
<arg>json</arg>
<doc>Evaluates the given expression in Python and returns the result.</doc>
<msg timestamp="20260213 16:31:58.256" level="INFO">${json_data} = {'receipt_data': {'bookSize': '1', 'noOfBooks': '5', 'startReceiptNo': 'RCP001001', 'bookPrefix': 'BK', 'receiptPrefix': 'RCP'}, 'receipt_data_variant_a': {'bookSize': '1', 'noOfBooks': '3', 'startRec...</msg>
<status status="PASS" starttime="20260213 16:31:58.255" endtime="20260213 16:31:58.256"/>
</kw>
<kw name="Log" library="BuiltIn">
<arg>Loaded test data from: ${file_name}</arg>
<doc>Logs the given message with the given level.</doc>
<msg timestamp="20260213 16:31:58.256" level="INFO">Loaded test data from: receipt_data.json</msg>
<status status="PASS" starttime="20260213 16:31:58.256" endtime="20260213 16:31:58.256"/>
</kw>
<return>
<value>${json_data}</value>
<status status="PASS" starttime="20260213 16:31:58.256" endtime="20260213 16:31:58.257"/>
</return>
<msg timestamp="20260213 16:31:58.257" level="INFO">${receipt_data} = {'receipt_data': {'bookSize': '1', 'noOfBooks': '5', 'startReceiptNo': 'RCP001001', 'bookPrefix': 'BK', 'receiptPrefix': 'RCP'}, 'receipt_data_variant_a': {'bookSize': '1', 'noOfBooks': '3', 'startRec...</msg>
<status status="PASS" starttime="20260213 16:31:58.252" endtime="20260213 16:31:58.257"/>
</kw>
<kw name="Get From Dictionary" library="Collections">
<var>${receipt_info}</var>
<arg>${receipt_data}</arg>
<arg>receipt_data</arg>
<doc>Returns a value from the given ``dictionary`` based on the given ``key``.</doc>
<msg timestamp="20260213 16:31:58.258" level="INFO">${receipt_info} = {'bookSize': '1', 'noOfBooks': '5', 'startReceiptNo': 'RCP001001', 'bookPrefix': 'BK', 'receiptPrefix': 'RCP'}</msg>
<status status="PASS" starttime="20260213 16:31:58.257" endtime="20260213 16:31:58.258"/>
</kw>
<kw name="Get From Dictionary" library="Collections">
<var>${users_data}</var>
<arg>${receipt_data}</arg>
<arg>users</arg>
<doc>Returns a value from the given ``dictionary`` based on the given ``key``.</doc>
<msg timestamp="20260213 16:31:58.258" level="INFO">${users_data} = {'maker': {'username': 'infraadmin', 'password': 'Abcd#123'}, 'checker': {'username': 'kiyaadmin', 'password': 'Abcd#123'}}</msg>
<status status="PASS" starttime="20260213 16:31:58.258" endtime="20260213 16:31:58.258"/>
</kw>
<kw name="Complete Receipt Generation Workflow" library="receipt_workflow">
<arg>${receipt_info}</arg>
<arg>${users_data}</arg>
<doc>Completes full receipt generation workflow</doc>
<kw name="Get From Dictionary" library="Collections">
<var>${maker_user}</var>
<arg>${users_data}</arg>
<arg>maker</arg>
<doc>Returns a value from the given ``dictionary`` based on the given ``key``.</doc>
<msg timestamp="20260213 16:31:58.260" level="INFO">${maker_user} = {'username': 'infraadmin', 'password': 'Abcd#123'}</msg>
<status status="PASS" starttime="20260213 16:31:58.259" endtime="20260213 16:31:58.260"/>
</kw>
<kw name="Login To Application" library="login_page">
<arg>${maker_user['username']}</arg>
<arg>${maker_user['password']}</arg>
<doc>Complete login process with Re-Login handling</doc>
<kw name="Handle Re-Login If Present" library="login_page">
<doc>Handles Re-Login button if it appears</doc>
<kw name="Run Keyword And Return Status" library="BuiltIn">
<var>${relogin_present}</var>
<arg>Element Should Be Visible</arg>
<arg>${RELOGIN_BUTTON}</arg>
<doc>Runs the given keyword with given arguments and returns the status as a Boolean value.</doc>
<kw name="Element Should Be Visible" library="SeleniumLibrary">
<arg>${RELOGIN_BUTTON}</arg>
<doc>Verifies that the element identified by ``locator`` is visible.</doc>
<msg timestamp="20260213 16:32:13.622" level="INFO" html="true">&lt;/td&gt;&lt;/tr&gt;&lt;tr&gt;&lt;td colspan="3"&gt;&lt;a href="0-selenium-screenshot-1.png"&gt;&lt;img src="0-selenium-screenshot-1.png" width="800px"&gt;&lt;/a&gt;</msg>
<msg timestamp="20260213 16:32:13.623" level="FAIL">Element with locator 'id=relogin' not found.</msg>
<status status="FAIL" starttime="20260213 16:31:58.264" endtime="20260213 16:32:13.633"/>
</kw>
<msg timestamp="20260213 16:32:13.634" level="INFO">${relogin_present} = False</msg>
<status status="PASS" starttime="20260213 16:31:58.263" endtime="20260213 16:32:13.634"/>
</kw>
<kw name="Run Keyword If" library="BuiltIn">
<arg>${relogin_present}</arg>
<arg>Click Element</arg>
<arg>${RELOGIN_BUTTON}</arg>
<doc>Runs the given keyword with the given arguments, if ``condition`` is true.</doc>
<status status="PASS" starttime="20260213 16:32:13.634" endtime="20260213 16:32:13.635"/>
</kw>
<kw name="Run Keyword If" library="BuiltIn">
<arg>${relogin_present}</arg>
<arg>Wait For Page Load</arg>
<doc>Runs the given keyword with the given arguments, if ``condition`` is true.</doc>
<status status="PASS" starttime="20260213 16:32:13.635" endtime="20260213 16:32:13.636"/>
</kw>
<status status="PASS" starttime="20260213 16:31:58.263" endtime="20260213 16:32:13.636"/>
</kw>
<kw name="Enter Username" library="login_page">
<arg>${username}</arg>
<doc>Enters username in the login field</doc>
<kw name="Wait For Element And Input Text" library="base_page">
<arg>${USERNAME_FIELD}</arg>
<arg>${username}</arg>
<doc>Enhanced text input with validation</doc>
<kw name="Wait Until Element Is Visible" library="SeleniumLibrary">
<arg>${locator}</arg>
<arg>timeout=${timeout}</arg>
<doc>Waits until the element ``locator`` is visible.</doc>
<status status="PASS" starttime="20260213 16:32:13.638" endtime="20260213 16:32:13.677"/>
</kw>
<kw name="Wait Until Element Is Enabled" library="SeleniumLibrary">
<arg>${locator}</arg>
<arg>timeout=${timeout}</arg>
<doc>Waits until the element ``locator`` is enabled.</doc>
<status status="PASS" starttime="20260213 16:32:13.677" endtime="20260213 16:32:13.731"/>
</kw>
<kw name="Clear Element Text" library="SeleniumLibrary">
<arg>${locator}</arg>
<doc>Clears the value of the text-input-element identified by ``locator``.</doc>
<status status="PASS" starttime="20260213 16:32:13.732" endtime="20260213 16:32:13.819"/>
</kw>
<kw name="Sleep" library="BuiltIn">
<arg>0.5s</arg>
<doc>Pauses the test executed for the given time.</doc>
<msg timestamp="20260213 16:32:14.321" level="INFO">Slept 500 milliseconds</msg>
<status status="PASS" starttime="20260213 16:32:13.820" endtime="20260213 16:32:14.321"/>
</kw>
<kw name="Convert To String" library="BuiltIn">
<var>${text_string}</var>
<arg>${text}</arg>
<doc>Converts the given item to a Unicode string.</doc>
<msg timestamp="20260213 16:32:14.323" level="INFO">${text_string} = infraadmin</msg>
<status status="PASS" starttime="20260213 16:32:14.322" endtime="20260213 16:32:14.323"/>
</kw>
<kw name="Get Length" library="BuiltIn">
<var>${text_length}</var>
<arg>${text_string}</arg>
<doc>Returns and logs the length of the given item as an integer.</doc>
<msg timestamp="20260213 16:32:14.324" level="INFO">Length is 10</msg>
<msg timestamp="20260213 16:32:14.324" level="INFO">${text_length} = 10</msg>
<status status="PASS" starttime="20260213 16:32:14.323" endtime="20260213 16:32:14.324"/>
</kw>
<kw name="Run Keyword If" library="BuiltIn">
<arg>${text_length} &gt; 10</arg>
<arg>Input Text</arg>
<arg>${locator}</arg>
<arg>${text_string}</arg>
<arg>ELSE</arg>
<arg>Input Text</arg>
<arg>${locator}</arg>
<arg>${text_string}</arg>
<doc>Runs the given keyword with the given arguments, if ``condition`` is true.</doc>
<kw name="Input Text" library="SeleniumLibrary">
<arg>${locator}</arg>
<arg>${text_string}</arg>
<doc>Types the given ``text`` into the text field identified by ``locator``.</doc>
<msg timestamp="20260213 16:32:14.328" level="INFO">Typing text 'infraadmin' into text field 'id=loginId'.</msg>
<status status="PASS" starttime="20260213 16:32:14.326" endtime="20260213 16:32:14.474"/>
</kw>
<status status="PASS" starttime="20260213 16:32:14.325" endtime="20260213 16:32:14.474"/>
</kw>
<kw name="Sleep" library="BuiltIn">
<arg>0.5s</arg>
<doc>Pauses the test executed for the given time.</doc>
<msg timestamp="20260213 16:32:14.975" level="INFO">Slept 500 milliseconds</msg>
<status status="PASS" starttime="20260213 16:32:14.474" endtime="20260213 16:32:14.976"/>
</kw>
<kw name="Log" library="BuiltIn">
<arg>Text entered: ${text_string}</arg>
<doc>Logs the given message with the given level.</doc>
<msg timestamp="20260213 16:32:14.976" level="INFO">Text entered: infraadmin</msg>
<status status="PASS" starttime="20260213 16:32:14.976" endtime="20260213 16:32:14.976"/>
</kw>
<status status="PASS" starttime="20260213 16:32:13.637" endtime="20260213 16:32:14.976"/>
</kw>
<status status="PASS" starttime="20260213 16:32:13.637" endtime="20260213 16:32:14.976"/>
</kw>
<kw name="Enter Password" library="login_page">
<arg>${password}</arg>
<doc>Enters password in the login field</doc>
<kw name="Wait For Element And Input Text" library="base_page">
<arg>${PASSWORD_FIELD}</arg>
<arg>${password}</arg>
<doc>Enhanced text input with validation</doc>
<kw name="Wait Until Element Is Visible" library="SeleniumLibrary">
<arg>${locator}</arg>
<arg>timeout=${timeout}</arg>
<doc>Waits until the element ``locator`` is visible.</doc>
<status status="PASS" starttime="20260213 16:32:14.977" endtime="20260213 16:32:15.017"/>
</kw>
<kw name="Wait Until Element Is Enabled" library="SeleniumLibrary">
<arg>${locator}</arg>
<arg>timeout=${timeout}</arg>
<doc>Waits until the element ``locator`` is enabled.</doc>
<status status="PASS" starttime="20260213 16:32:15.017" endtime="20260213 16:32:15.050"/>
</kw>
<kw name="Clear Element Text" library="SeleniumLibrary">
<arg>${locator}</arg>
<doc>Clears the value of the text-input-element identified by ``locator``.</doc>
<status status="PASS" starttime="20260213 16:32:15.050" endtime="20260213 16:32:15.092"/>
</kw>
<kw name="Sleep" library="BuiltIn">
<arg>0.5s</arg>
<doc>Pauses the test executed for the given time.</doc>
<msg timestamp="20260213 16:32:15.593" level="INFO">Slept 500 milliseconds</msg>
<status status="PASS" starttime="20260213 16:32:15.092" endtime="20260213 16:32:15.593"/>
</kw>
<kw name="Convert To String" library="BuiltIn">
<var>${text_string}</var>
<arg>${text}</arg>
<doc>Converts the given item to a Unicode string.</doc>
<msg timestamp="20260213 16:32:15.595" level="INFO">${text_string} = Abcd#123</msg>
<status status="PASS" starttime="20260213 16:32:15.594" endtime="20260213 16:32:15.595"/>
</kw>
<kw name="Get Length" library="BuiltIn">
<var>${text_length}</var>
<arg>${text_string}</arg>
<doc>Returns and logs the length of the given item as an integer.</doc>
<msg timestamp="20260213 16:32:15.597" level="INFO">Length is 8</msg>
<msg timestamp="20260213 16:32:15.597" level="INFO">${text_length} = 8</msg>
<status status="PASS" starttime="20260213 16:32:15.596" endtime="20260213 16:32:15.597"/>
</kw>
<kw name="Run Keyword If" library="BuiltIn">
<arg>${text_length} &gt; 10</arg>
<arg>Input Text</arg>
<arg>${locator}</arg>
<arg>${text_string}</arg>
<arg>ELSE</arg>
<arg>Input Text</arg>
<arg>${locator}</arg>
<arg>${text_string}</arg>
<doc>Runs the given keyword with the given arguments, if ``condition`` is true.</doc>
<kw name="Input Text" library="SeleniumLibrary">
<arg>${locator}</arg>
<arg>${text_string}</arg>
<doc>Types the given ``text`` into the text field identified by ``locator``.</doc>
<msg timestamp="20260213 16:32:15.601" level="INFO">Typing text 'Abcd#123' into text field 'id=uiPwd'.</msg>
<status status="PASS" starttime="20260213 16:32:15.599" endtime="20260213 16:32:20.182"/>
</kw>
<status status="PASS" starttime="20260213 16:32:15.598" endtime="20260213 16:32:20.182"/>
</kw>
<kw name="Sleep" library="BuiltIn">
<arg>0.5s</arg>
<doc>Pauses the test executed for the given time.</doc>
<msg timestamp="20260213 16:32:20.684" level="INFO">Slept 500 milliseconds</msg>
<status status="PASS" starttime="20260213 16:32:20.182" endtime="20260213 16:32:20.684"/>
</kw>
<kw name="Log" library="BuiltIn">
<arg>Text entered: ${text_string}</arg>
<doc>Logs the given message with the given level.</doc>
<msg timestamp="20260213 16:32:20.685" level="INFO">Text entered: Abcd#123</msg>
<status status="PASS" starttime="20260213 16:32:20.684" endtime="20260213 16:32:20.685"/>
</kw>
<status status="PASS" starttime="20260213 16:32:14.977" endtime="20260213 16:32:20.685"/>
</kw>
<status status="PASS" starttime="20260213 16:32:14.976" endtime="20260213 16:32:20.685"/>
</kw>
<kw name="Click Login Button" library="login_page">
<doc>Clicks the login button</doc>
<kw name="Wait For Element And Click" library="base_page">
<arg>${LOGIN_BUTTON}</arg>
<doc>Enhanced element clicking with retry mechanism</doc>
<for flavor="IN RANGE">
<var>${i}</var>
<value>${retry_count}</value>
<iter>
<var name="${i}">0</var>
<kw name="Run Keyword And Return Status" library="BuiltIn">
<var>${success}</var>
<arg>Run Keywords</arg>
<arg>Wait Until Element Is Visible</arg>
<arg>${locator}</arg>
<arg>timeout=${timeout}</arg>
<arg>AND</arg>
<arg>Wait Until Element Is Enabled</arg>
<arg>${locator}</arg>
<arg>timeout=${timeout}</arg>
<arg>AND</arg>
<arg>Click Element</arg>
<arg>${locator}</arg>
<doc>Runs the given keyword with given arguments and returns the status as a Boolean value.</doc>
<kw name="Run Keywords" library="BuiltIn">
<arg>Wait Until Element Is Visible</arg>
<arg>${locator}</arg>
<arg>timeout=${timeout}</arg>
<arg>AND</arg>
<arg>Wait Until Element Is Enabled</arg>
<arg>${locator}</arg>
<arg>timeout=${timeout}</arg>
<arg>AND</arg>
<arg>Click Element</arg>
<arg>${locator}</arg>
<doc>Executes all the given keywords in a sequence.</doc>
<kw name="Wait Until Element Is Visible" library="SeleniumLibrary">
<arg>${locator}</arg>
<arg>timeout=${timeout}</arg>
<doc>Waits until the element ``locator`` is visible.</doc>
<status status="PASS" starttime="20260213 16:32:20.689" endtime="20260213 16:32:20.727"/>
</kw>
<kw name="Wait Until Element Is Enabled" library="SeleniumLibrary">
<arg>${locator}</arg>
<arg>timeout=${timeout}</arg>
<doc>Waits until the element ``locator`` is enabled.</doc>
<status status="PASS" starttime="20260213 16:32:20.727" endtime="20260213 16:32:20.767"/>
</kw>
<kw name="Click Element" library="SeleniumLibrary">
<arg>${locator}</arg>
<doc>Click the element identified by ``locator``.</doc>
<msg timestamp="20260213 16:32:20.769" level="INFO">Clicking element 'id=userLogin'.</msg>
<status status="PASS" starttime="20260213 16:32:20.768" endtime="20260213 16:33:35.931"/>
</kw>
<status status="PASS" starttime="20260213 16:32:20.689" endtime="20260213 16:33:35.931"/>
</kw>
<msg timestamp="20260213 16:33:35.932" level="INFO">${success} = True</msg>
<status status="PASS" starttime="20260213 16:32:20.688" endtime="20260213 16:33:35.932"/>
</kw>
<kw name="Exit For Loop If" library="BuiltIn">
<arg>${success}</arg>
<doc>Stops executing the enclosing FOR loop if the ``condition`` is true.</doc>
<msg timestamp="20260213 16:33:35.933" level="INFO">Exiting for loop altogether.</msg>
<status status="PASS" starttime="20260213 16:33:35.933" endtime="20260213 16:33:35.934"/>
</kw>
<kw name="Run Keyword If" library="BuiltIn">
<arg>${i} &lt; ${retry_count}-1</arg>
<arg>Run Keywords</arg>
<arg>Log</arg>
<arg>Retry ${i+1}: Element click failed, retrying...</arg>
<arg>AND</arg>
<arg>Sleep</arg>
<arg>${RETRY_DELAY}s</arg>
<doc>Runs the given keyword with the given arguments, if ``condition`` is true.</doc>
<status status="NOT RUN" starttime="20260213 16:33:35.935" endtime="20260213 16:33:35.935"/>
</kw>
<status status="PASS" starttime="20260213 16:32:20.687" endtime="20260213 16:33:35.935"/>
</iter>
<status status="PASS" starttime="20260213 16:32:20.687" endtime="20260213 16:33:35.935"/>
</for>
<kw name="Run Keyword Unless" library="BuiltIn">
<arg>${success}</arg>
<arg>Fail</arg>
<arg>Failed to click element ${locator} after ${retry_count} attempts</arg>
<doc>*DEPRECATED since RF 5.0. Use Native IF/ELSE or `Run Keyword If` instead.*</doc>
<msg timestamp="20260213 16:33:35.936" level="WARN">Keyword 'BuiltIn.Run Keyword Unless' is deprecated. </msg>
<status status="PASS" starttime="20260213 16:33:35.936" endtime="20260213 16:33:35.937"/>
</kw>
<status status="PASS" starttime="20260213 16:32:20.686" endtime="20260213 16:33:35.937"/>
</kw>
<kw name="Wait For Loading To Complete" library="base_page">
<doc>Wait for loading indicators to disappear</doc>
<kw name="Run Keyword And Return Status" library="BuiltIn">
<var>${loading_present}</var>
<arg>Wait Until Element Is Not Visible</arg>
<arg>${LOADING_SPINNER}</arg>
<arg>timeout=10s</arg>
<doc>Runs the given keyword with given arguments and returns the status as a Boolean value.</doc>
<kw name="Wait Until Element Is Not Visible" library="SeleniumLibrary">
<arg>${LOADING_SPINNER}</arg>
<arg>timeout=10s</arg>
<doc>Waits until the element ``locator`` is not visible.</doc>
<status status="PASS" starttime="20260213 16:33:35.938" endtime="20260213 16:33:51.028"/>
</kw>
<msg timestamp="20260213 16:33:51.029" level="INFO">${loading_present} = True</msg>
<status status="PASS" starttime="20260213 16:33:35.938" endtime="20260213 16:33:51.029"/>
</kw>
<kw name="Sleep" library="BuiltIn">
<arg>1s</arg>
<doc>Pauses the test executed for the given time.</doc>
<msg timestamp="20260213 16:33:52.031" level="INFO">Slept 1 second</msg>
<status status="PASS" starttime="20260213 16:33:51.030" endtime="20260213 16:33:52.031"/>
</kw>
<status status="PASS" starttime="20260213 16:33:35.937" endtime="20260213 16:33:52.031"/>
</kw>
<status status="PASS" starttime="20260213 16:32:20.685" endtime="20260213 16:33:52.031"/>
</kw>
<kw name="Wait For Page Load" library="base_page">
<doc>Enhanced page load waiting with multiple checks</doc>
<kw name="Wait For Condition" library="SeleniumLibrary">
<arg>return document.readyState == "complete"</arg>
<arg>timeout=${PAGE_LOAD_TIMEOUT}s</arg>
<doc>Waits until ``condition`` is true or ``timeout`` expires.</doc>
<status status="PASS" starttime="20260213 16:33:52.032" endtime="20260213 16:33:52.042"/>
</kw>
<kw name="Sleep" library="BuiltIn">
<arg>1s</arg>
<doc>Pauses the test executed for the given time.</doc>
<msg timestamp="20260213 16:33:53.043" level="INFO">Slept 1 second</msg>
<status status="PASS" starttime="20260213 16:33:52.042" endtime="20260213 16:33:53.044"/>
</kw>
<kw name="Run Keyword And Return Status" library="BuiltIn">
<var>${spinner_present}</var>
<arg>Wait Until Element Is Not Visible</arg>
<arg>${LOADING_SPINNER}</arg>
<arg>timeout=5s</arg>
<doc>Runs the given keyword with given arguments and returns the status as a Boolean value.</doc>
<kw name="Wait Until Element Is Not Visible" library="SeleniumLibrary">
<arg>${LOADING_SPINNER}</arg>
<arg>timeout=5s</arg>
<doc>Waits until the element ``locator`` is not visible.</doc>
<status status="PASS" starttime="20260213 16:33:53.044" endtime="20260213 16:34:08.079"/>
</kw>
<msg timestamp="20260213 16:34:08.079" level="INFO">${spinner_present} = True</msg>
<status status="PASS" starttime="20260213 16:33:53.044" endtime="20260213 16:34:08.079"/>
</kw>
<status status="PASS" starttime="20260213 16:33:52.032" endtime="20260213 16:34:08.080"/>
</kw>
<status status="PASS" starttime="20260213 16:31:58.260" endtime="20260213 16:34:08.080"/>
</kw>
<kw name="Navigate To Receipt Generation" library="receipt_management_page">
<doc>Navigates to receipt generation page</doc>
<kw name="Wait For Element And Click" library="base_page">
<arg>${MENU_BUTTON}</arg>
<doc>Enhanced element clicking with retry mechanism</doc>
<for flavor="IN RANGE">
<var>${i}</var>
<value>${retry_count}</value>
<iter>
<var name="${i}">0</var>
<kw name="Run Keyword And Return Status" library="BuiltIn">
<var>${success}</var>
<arg>Run Keywords</arg>
<arg>Wait Until Element Is Visible</arg>
<arg>${locator}</arg>
<arg>timeout=${timeout}</arg>
<arg>AND</arg>
<arg>Wait Until Element Is Enabled</arg>
<arg>${locator}</arg>
<arg>timeout=${timeout}</arg>
<arg>AND</arg>
<arg>Click Element</arg>
<arg>${locator}</arg>
<doc>Runs the given keyword with given arguments and returns the status as a Boolean value.</doc>
<kw name="Run Keywords" library="BuiltIn">
<arg>Wait Until Element Is Visible</arg>
<arg>${locator}</arg>
<arg>timeout=${timeout}</arg>
<arg>AND</arg>
<arg>Wait Until Element Is Enabled</arg>
<arg>${locator}</arg>
<arg>timeout=${timeout}</arg>
<arg>AND</arg>
<arg>Click Element</arg>
<arg>${locator}</arg>
<doc>Executes all the given keywords in a sequence.</doc>
<kw name="Wait Until Element Is Visible" library="SeleniumLibrary">
<arg>${locator}</arg>
<arg>timeout=${timeout}</arg>
<doc>Waits until the element ``locator`` is visible.</doc>
<status status="PASS" starttime="20260213 16:34:08.085" endtime="20260213 16:34:08.128"/>
</kw>
<kw name="Wait Until Element Is Enabled" library="SeleniumLibrary">
<arg>${locator}</arg>
<arg>timeout=${timeout}</arg>
<doc>Waits until the element ``locator`` is enabled.</doc>
<status status="PASS" starttime="20260213 16:34:08.129" endtime="20260213 16:34:08.180"/>
</kw>
<kw name="Click Element" library="SeleniumLibrary">
<arg>${locator}</arg>
<doc>Click the element identified by ``locator``.</doc>
<msg timestamp="20260213 16:34:08.182" level="INFO">Clicking element 'xpath=//a[@data-original-title="Menu"]'.</msg>
<status status="PASS" starttime="20260213 16:34:08.181" endtime="20260213 16:34:08.429"/>
</kw>
<status status="PASS" starttime="20260213 16:34:08.084" endtime="20260213 16:34:08.429"/>
</kw>
<msg timestamp="20260213 16:34:08.430" level="INFO">${success} = True</msg>
<status status="PASS" starttime="20260213 16:34:08.084" endtime="20260213 16:34:08.430"/>
</kw>
<kw name="Exit For Loop If" library="BuiltIn">
<arg>${success}</arg>
<doc>Stops executing the enclosing FOR loop if the ``condition`` is true.</doc>
<msg timestamp="20260213 16:34:08.431" level="INFO">Exiting for loop altogether.</msg>
<status status="PASS" starttime="20260213 16:34:08.430" endtime="20260213 16:34:08.431"/>
</kw>
<kw name="Run Keyword If" library="BuiltIn">
<arg>${i} &lt; ${retry_count}-1</arg>
<arg>Run Keywords</arg>
<arg>Log</arg>
<arg>Retry ${i+1}: Element click failed, retrying...</arg>
<arg>AND</arg>
<arg>Sleep</arg>
<arg>${RETRY_DELAY}s</arg>
<doc>Runs the given keyword with the given arguments, if ``condition`` is true.</doc>
<status status="NOT RUN" starttime="20260213 16:34:08.431" endtime="20260213 16:34:08.432"/>
</kw>
<status status="PASS" starttime="20260213 16:34:08.083" endtime="20260213 16:34:08.432"/>
</iter>
<status status="PASS" starttime="20260213 16:34:08.082" endtime="20260213 16:34:08.432"/>
</for>
<kw name="Run Keyword Unless" library="BuiltIn">
<arg>${success}</arg>
<arg>Fail</arg>
<arg>Failed to click element ${locator} after ${retry_count} attempts</arg>
<doc>*DEPRECATED since RF 5.0. Use Native IF/ELSE or `Run Keyword If` instead.*</doc>
<msg timestamp="20260213 16:34:08.433" level="WARN">Keyword 'BuiltIn.Run Keyword Unless' is deprecated. </msg>
<status status="PASS" starttime="20260213 16:34:08.432" endtime="20260213 16:34:08.433"/>
</kw>
<status status="PASS" starttime="20260213 16:34:08.081" endtime="20260213 16:34:08.434"/>
</kw>
<kw name="Execute Javascript" library="SeleniumLibrary">
<arg>document.querySelector('#Transaction').scrollIntoView(true);</arg>
<doc>Executes the given JavaScript code with possible arguments.</doc>
<msg timestamp="20260213 16:34:08.435" level="INFO">Executing JavaScript:
document.querySelector('#Transaction').scrollIntoView(true);
Without any arguments.</msg>
<status status="PASS" starttime="20260213 16:34:08.434" endtime="20260213 16:34:08.494"/>
</kw>
<kw name="Wait For Element And Click" library="base_page">
<arg>${CONFIGURATION_MENU}</arg>
<doc>Enhanced element clicking with retry mechanism</doc>
<for flavor="IN RANGE">
<var>${i}</var>
<value>${retry_count}</value>
<iter>
<var name="${i}">0</var>
<kw name="Run Keyword And Return Status" library="BuiltIn">
<var>${success}</var>
<arg>Run Keywords</arg>
<arg>Wait Until Element Is Visible</arg>
<arg>${locator}</arg>
<arg>timeout=${timeout}</arg>
<arg>AND</arg>
<arg>Wait Until Element Is Enabled</arg>
<arg>${locator}</arg>
<arg>timeout=${timeout}</arg>
<arg>AND</arg>
<arg>Click Element</arg>
<arg>${locator}</arg>
<doc>Runs the given keyword with given arguments and returns the status as a Boolean value.</doc>
<kw name="Run Keywords" library="BuiltIn">
<arg>Wait Until Element Is Visible</arg>
<arg>${locator}</arg>
<arg>timeout=${timeout}</arg>
<arg>AND</arg>
<arg>Wait Until Element Is Enabled</arg>
<arg>${locator}</arg>
<arg>timeout=${timeout}</arg>
<arg>AND</arg>
<arg>Click Element</arg>
<arg>${locator}</arg>
<doc>Executes all the given keywords in a sequence.</doc>
<kw name="Wait Until Element Is Visible" library="SeleniumLibrary">
<arg>${locator}</arg>
<arg>timeout=${timeout}</arg>
<doc>Waits until the element ``locator`` is visible.</doc>
<status status="PASS" starttime="20260213 16:34:08.499" endtime="20260213 16:34:08.587"/>
</kw>
<kw name="Wait Until Element Is Enabled" library="SeleniumLibrary">
<arg>${locator}</arg>
<arg>timeout=${timeout}</arg>
<doc>Waits until the element ``locator`` is enabled.</doc>
<status status="PASS" starttime="20260213 16:34:08.588" endtime="20260213 16:34:08.653"/>
</kw>
<kw name="Click Element" library="SeleniumLibrary">
<arg>${locator}</arg>
<doc>Click the element identified by ``locator``.</doc>
<msg timestamp="20260213 16:34:08.655" level="INFO">Clicking element 'id=Configuration'.</msg>
<status status="PASS" starttime="20260213 16:34:08.654" endtime="20260213 16:34:08.968"/>
</kw>
<status status="PASS" starttime="20260213 16:34:08.498" endtime="20260213 16:34:08.968"/>
</kw>
<msg timestamp="20260213 16:34:08.968" level="INFO">${success} = True</msg>
<status status="PASS" starttime="20260213 16:34:08.497" endtime="20260213 16:34:08.968"/>
</kw>
<kw name="Exit For Loop If" library="BuiltIn">
<arg>${success}</arg>
<doc>Stops executing the enclosing FOR loop if the ``condition`` is true.</doc>
<msg timestamp="20260213 16:34:08.969" level="INFO">Exiting for loop altogether.</msg>
<status status="PASS" starttime="20260213 16:34:08.968" endtime="20260213 16:34:08.969"/>
</kw>
<kw name="Run Keyword If" library="BuiltIn">
<arg>${i} &lt; ${retry_count}-1</arg>
<arg>Run Keywords</arg>
<arg>Log</arg>
<arg>Retry ${i+1}: Element click failed, retrying...</arg>
<arg>AND</arg>
<arg>Sleep</arg>
<arg>${RETRY_DELAY}s</arg>
<doc>Runs the given keyword with the given arguments, if ``condition`` is true.</doc>
<status status="NOT RUN" starttime="20260213 16:34:08.969" endtime="20260213 16:34:08.970"/>
</kw>
<status status="PASS" starttime="20260213 16:34:08.496" endtime="20260213 16:34:08.970"/>
</iter>
<status status="PASS" starttime="20260213 16:34:08.495" endtime="20260213 16:34:08.970"/>
</for>
<kw name="Run Keyword Unless" library="BuiltIn">
<arg>${success}</arg>
<arg>Fail</arg>
<arg>Failed to click element ${locator} after ${retry_count} attempts</arg>
<doc>*DEPRECATED since RF 5.0. Use Native IF/ELSE or `Run Keyword If` instead.*</doc>
<msg timestamp="20260213 16:34:08.971" level="WARN">Keyword 'BuiltIn.Run Keyword Unless' is deprecated. </msg>
<status status="PASS" starttime="20260213 16:34:08.970" endtime="20260213 16:34:08.971"/>
</kw>
<status status="PASS" starttime="20260213 16:34:08.494" endtime="20260213 16:34:08.971"/>
</kw>
<kw name="Wait For Element And Click" library="base_page">
<arg>${RECEIPT_MANAGEMENT_MENU}</arg>
<doc>Enhanced element clicking with retry mechanism</doc>
<for flavor="IN RANGE">
<var>${i}</var>
<value>${retry_count}</value>
<iter>
<var name="${i}">0</var>
<kw name="Run Keyword And Return Status" library="BuiltIn">
<var>${success}</var>
<arg>Run Keywords</arg>
<arg>Wait Until Element Is Visible</arg>
<arg>${locator}</arg>
<arg>timeout=${timeout}</arg>
<arg>AND</arg>
<arg>Wait Until Element Is Enabled</arg>
<arg>${locator}</arg>
<arg>timeout=${timeout}</arg>
<arg>AND</arg>
<arg>Click Element</arg>
<arg>${locator}</arg>
<doc>Runs the given keyword with given arguments and returns the status as a Boolean value.</doc>
<kw name="Run Keywords" library="BuiltIn">
<arg>Wait Until Element Is Visible</arg>
<arg>${locator}</arg>
<arg>timeout=${timeout}</arg>
<arg>AND</arg>
<arg>Wait Until Element Is Enabled</arg>
<arg>${locator}</arg>
<arg>timeout=${timeout}</arg>
<arg>AND</arg>
<arg>Click Element</arg>
<arg>${locator}</arg>
<doc>Executes all the given keywords in a sequence.</doc>
<kw name="Wait Until Element Is Visible" library="SeleniumLibrary">
<arg>${locator}</arg>
<arg>timeout=${timeout}</arg>
<doc>Waits until the element ``locator`` is visible.</doc>
<status status="PASS" starttime="20260213 16:34:08.975" endtime="20260213 16:34:09.023"/>
</kw>
<kw name="Wait Until Element Is Enabled" library="SeleniumLibrary">
<arg>${locator}</arg>
<arg>timeout=${timeout}</arg>
<doc>Waits until the element ``locator`` is enabled.</doc>
<status status="PASS" starttime="20260213 16:34:09.024" endtime="20260213 16:34:09.069"/>
</kw>
<kw name="Click Element" library="SeleniumLibrary">
<arg>${locator}</arg>
<doc>Click the element identified by ``locator``.</doc>
<msg timestamp="20260213 16:34:09.071" level="INFO">Clicking element 'id=RECEIPTMANAGEMENT'.</msg>
<status status="PASS" starttime="20260213 16:34:09.069" endtime="20260213 16:34:09.254"/>
</kw>
<status status="PASS" starttime="20260213 16:34:08.973" endtime="20260213 16:34:09.255"/>
</kw>
<msg timestamp="20260213 16:34:09.255" level="INFO">${success} = True</msg>
<status status="PASS" starttime="20260213 16:34:08.973" endtime="20260213 16:34:09.255"/>
</kw>
<kw name="Exit For Loop If" library="BuiltIn">
<arg>${success}</arg>
<doc>Stops executing the enclosing FOR loop if the ``condition`` is true.</doc>
<msg timestamp="20260213 16:34:09.256" level="INFO">Exiting for loop altogether.</msg>
<status status="PASS" starttime="20260213 16:34:09.255" endtime="20260213 16:34:09.256"/>
</kw>
<kw name="Run Keyword If" library="BuiltIn">
<arg>${i} &lt; ${retry_count}-1</arg>
<arg>Run Keywords</arg>
<arg>Log</arg>
<arg>Retry ${i+1}: Element click failed, retrying...</arg>
<arg>AND</arg>
<arg>Sleep</arg>
<arg>${RETRY_DELAY}s</arg>
<doc>Runs the given keyword with the given arguments, if ``condition`` is true.</doc>
<status status="NOT RUN" starttime="20260213 16:34:09.256" endtime="20260213 16:34:09.256"/>
</kw>
<status status="PASS" starttime="20260213 16:34:08.972" endtime="20260213 16:34:09.256"/>
</iter>
<status status="PASS" starttime="20260213 16:34:08.972" endtime="20260213 16:34:09.256"/>
</for>
<kw name="Run Keyword Unless" library="BuiltIn">
<arg>${success}</arg>
<arg>Fail</arg>
<arg>Failed to click element ${locator} after ${retry_count} attempts</arg>
<doc>*DEPRECATED since RF 5.0. Use Native IF/ELSE or `Run Keyword If` instead.*</doc>
<msg timestamp="20260213 16:34:09.257" level="WARN">Keyword 'BuiltIn.Run Keyword Unless' is deprecated. </msg>
<status status="PASS" starttime="20260213 16:34:09.256" endtime="20260213 16:34:09.257"/>
</kw>
<status status="PASS" starttime="20260213 16:34:08.971" endtime="20260213 16:34:09.257"/>
</kw>
<kw name="Wait For Element And Click" library="base_page">
<arg>${RECEIPT_GENERATION_MENU}</arg>
<doc>Enhanced element clicking with retry mechanism</doc>
<for flavor="IN RANGE">
<var>${i}</var>
<value>${retry_count}</value>
<iter>
<var name="${i}">0</var>
<kw name="Run Keyword And Return Status" library="BuiltIn">
<var>${success}</var>
<arg>Run Keywords</arg>
<arg>Wait Until Element Is Visible</arg>
<arg>${locator}</arg>
<arg>timeout=${timeout}</arg>
<arg>AND</arg>
<arg>Wait Until Element Is Enabled</arg>
<arg>${locator}</arg>
<arg>timeout=${timeout}</arg>
<arg>AND</arg>
<arg>Click Element</arg>
<arg>${locator}</arg>
<doc>Runs the given keyword with given arguments and returns the status as a Boolean value.</doc>
<kw name="Run Keywords" library="BuiltIn">
<arg>Wait Until Element Is Visible</arg>
<arg>${locator}</arg>
<arg>timeout=${timeout}</arg>
<arg>AND</arg>
<arg>Wait Until Element Is Enabled</arg>
<arg>${locator}</arg>
<arg>timeout=${timeout}</arg>
<arg>AND</arg>
<arg>Click Element</arg>
<arg>${locator}</arg>
<doc>Executes all the given keywords in a sequence.</doc>
<kw name="Wait Until Element Is Visible" library="SeleniumLibrary">
<arg>${locator}</arg>
<arg>timeout=${timeout}</arg>
<doc>Waits until the element ``locator`` is visible.</doc>
<status status="PASS" starttime="20260213 16:34:09.260" endtime="20260213 16:34:09.296"/>
</kw>
<kw name="Wait Until Element Is Enabled" library="SeleniumLibrary">
<arg>${locator}</arg>
<arg>timeout=${timeout}</arg>
<doc>Waits until the element ``locator`` is enabled.</doc>
<status status="PASS" starttime="20260213 16:34:09.297" endtime="20260213 16:34:09.340"/>
</kw>
<kw name="Click Element" library="SeleniumLibrary">
<arg>${locator}</arg>
<doc>Click the element identified by ``locator``.</doc>
<msg timestamp="20260213 16:34:09.342" level="INFO">Clicking element 'id=RECEIPTGENERATION'.</msg>
<status status="PASS" starttime="20260213 16:34:09.341" endtime="20260213 16:37:10.185"/>
</kw>
<status status="PASS" starttime="20260213 16:34:09.260" endtime="20260213 16:37:10.185"/>
</kw>
<msg timestamp="20260213 16:37:10.186" level="INFO">${success} = True</msg>
<status status="PASS" starttime="20260213 16:34:09.259" endtime="20260213 16:37:10.186"/>
</kw>
<kw name="Exit For Loop If" library="BuiltIn">
<arg>${success}</arg>
<doc>Stops executing the enclosing FOR loop if the ``condition`` is true.</doc>
<msg timestamp="20260213 16:37:10.187" level="INFO">Exiting for loop altogether.</msg>
<status status="PASS" starttime="20260213 16:37:10.186" endtime="20260213 16:37:10.187"/>
</kw>
<kw name="Run Keyword If" library="BuiltIn">
<arg>${i} &lt; ${retry_count}-1</arg>
<arg>Run Keywords</arg>
<arg>Log</arg>
<arg>Retry ${i+1}: Element click failed, retrying...</arg>
<arg>AND</arg>
<arg>Sleep</arg>
<arg>${RETRY_DELAY}s</arg>
<doc>Runs the given keyword with the given arguments, if ``condition`` is true.</doc>
<status status="NOT RUN" starttime="20260213 16:37:10.188" endtime="20260213 16:37:10.188"/>
</kw>
<status status="PASS" starttime="20260213 16:34:09.259" endtime="20260213 16:37:10.188"/>
</iter>
<status status="PASS" starttime="20260213 16:34:09.258" endtime="20260213 16:37:10.189"/>
</for>
<kw name="Run Keyword Unless" library="BuiltIn">
<arg>${success}</arg>
<arg>Fail</arg>
<arg>Failed to click element ${locator} after ${retry_count} attempts</arg>
<doc>*DEPRECATED since RF 5.0. Use Native IF/ELSE or `Run Keyword If` instead.*</doc>
<msg timestamp="20260213 16:37:10.189" level="WARN">Keyword 'BuiltIn.Run Keyword Unless' is deprecated. </msg>
<status status="PASS" starttime="20260213 16:37:10.189" endtime="20260213 16:37:10.190"/>
</kw>
<status status="PASS" starttime="20260213 16:34:09.257" endtime="20260213 16:37:10.190"/>
</kw>
<status status="PASS" starttime="20260213 16:34:08.081" endtime="20260213 16:37:10.190"/>
</kw>
<kw name="Fill Receipt Details" library="receipt_management_page">
<arg>${receipt_data}</arg>
<doc>Fills receipt generation form</doc>
<kw name="Wait For Element And Click" library="base_page">
<arg>${ADD_BUTTON}</arg>
<doc>Enhanced element clicking with retry mechanism</doc>
<for flavor="IN RANGE">
<var>${i}</var>
<value>${retry_count}</value>
<iter>
<var name="${i}">0</var>
<kw name="Run Keyword And Return Status" library="BuiltIn">
<var>${success}</var>
<arg>Run Keywords</arg>
<arg>Wait Until Element Is Visible</arg>
<arg>${locator}</arg>
<arg>timeout=${timeout}</arg>
<arg>AND</arg>
<arg>Wait Until Element Is Enabled</arg>
<arg>${locator}</arg>
<arg>timeout=${timeout}</arg>
<arg>AND</arg>
<arg>Click Element</arg>
<arg>${locator}</arg>
<doc>Runs the given keyword with given arguments and returns the status as a Boolean value.</doc>
<kw name="Run Keywords" library="BuiltIn">
<arg>Wait Until Element Is Visible</arg>
<arg>${locator}</arg>
<arg>timeout=${timeout}</arg>
<arg>AND</arg>
<arg>Wait Until Element Is Enabled</arg>
<arg>${locator}</arg>
<arg>timeout=${timeout}</arg>
<arg>AND</arg>
<arg>Click Element</arg>
<arg>${locator}</arg>
<doc>Executes all the given keywords in a sequence.</doc>
<kw name="Wait Until Element Is Visible" library="SeleniumLibrary">
<arg>${locator}</arg>
<arg>timeout=${timeout}</arg>
<doc>Waits until the element ``locator`` is visible.</doc>
<status status="PASS" starttime="20260213 16:37:10.195" endtime="20260213 16:37:10.255"/>
</kw>
<kw name="Wait Until Element Is Enabled" library="SeleniumLibrary">
<arg>${locator}</arg>
<arg>timeout=${timeout}</arg>
<doc>Waits until the element ``locator`` is enabled.</doc>
<status status="PASS" starttime="20260213 16:37:10.256" endtime="20260213 16:37:10.394"/>
</kw>
<kw name="Click Element" library="SeleniumLibrary">
<arg>${locator}</arg>
<doc>Click the element identified by ``locator``.</doc>
<msg timestamp="20260213 16:37:10.399" level="INFO">Clicking element 'id=addButton'.</msg>
<status status="PASS" starttime="20260213 16:37:10.396" endtime="20260213 16:37:22.170"/>
</kw>
<status status="PASS" starttime="20260213 16:37:10.194" endtime="20260213 16:37:22.170"/>
</kw>
<msg timestamp="20260213 16:37:22.170" level="INFO">${success} = True</msg>
<status status="PASS" starttime="20260213 16:37:10.194" endtime="20260213 16:37:22.170"/>
</kw>
<kw name="Exit For Loop If" library="BuiltIn">
<arg>${success}</arg>
<doc>Stops executing the enclosing FOR loop if the ``condition`` is true.</doc>
<msg timestamp="20260213 16:37:22.171" level="INFO">Exiting for loop altogether.</msg>
<status status="PASS" starttime="20260213 16:37:22.171" endtime="20260213 16:37:22.171"/>
</kw>
<kw name="Run Keyword If" library="BuiltIn">
<arg>${i} &lt; ${retry_count}-1</arg>
<arg>Run Keywords</arg>
<arg>Log</arg>
<arg>Retry ${i+1}: Element click failed, retrying...</arg>
<arg>AND</arg>
<arg>Sleep</arg>
<arg>${RETRY_DELAY}s</arg>
<doc>Runs the given keyword with the given arguments, if ``condition`` is true.</doc>
<status status="NOT RUN" starttime="20260213 16:37:22.172" endtime="20260213 16:37:22.172"/>
</kw>
<status status="PASS" starttime="20260213 16:37:10.193" endtime="20260213 16:37:22.172"/>
</iter>
<status status="PASS" starttime="20260213 16:37:10.193" endtime="20260213 16:37:22.172"/>
</for>
<kw name="Run Keyword Unless" library="BuiltIn">
<arg>${success}</arg>
<arg>Fail</arg>
<arg>Failed to click element ${locator} after ${retry_count} attempts</arg>
<doc>*DEPRECATED since RF 5.0. Use Native IF/ELSE or `Run Keyword If` instead.*</doc>
<msg timestamp="20260213 16:37:22.172" level="WARN">Keyword 'BuiltIn.Run Keyword Unless' is deprecated. </msg>
<status status="PASS" starttime="20260213 16:37:22.172" endtime="20260213 16:37:22.173"/>
</kw>
<status status="PASS" starttime="20260213 16:37:10.192" endtime="20260213 16:37:22.173"/>
</kw>
<kw name="Select From Dropdown By Value">
<arg>${BOOK_SIZE_SELECT}</arg>
<arg>${receipt_data['bookSize']}</arg>
<msg timestamp="20260213 16:37:22.183" level="FAIL">No keyword with name 'Select From Dropdown By Value' found.</msg>
<status status="FAIL" starttime="20260213 16:37:22.182" endtime="20260213 16:37:22.183"/>
</kw>
<kw name="Wait For Element And Input Text" library="base_page">
<arg>${NO_OF_BOOKS_INPUT}</arg>
<arg>${receipt_data['noOfBooks']}</arg>
<doc>Enhanced text input with validation</doc>
<status status="NOT RUN" starttime="20260213 16:37:22.193" endtime="20260213 16:37:22.194"/>
</kw>
<kw name="Wait For Element And Input Text" library="base_page">
<arg>${START_RECEIPT_INPUT}</arg>
<arg>${receipt_data['startReceiptNo']}</arg>
<doc>Enhanced text input with validation</doc>
<status status="NOT RUN" starttime="20260213 16:37:22.194" endtime="20260213 16:37:22.194"/>
</kw>
<kw name="Wait For Element And Input Text" library="base_page">
<arg>${BOOK_PREFIX_INPUT}</arg>
<arg>${receipt_data['bookPrefix']}</arg>
<doc>Enhanced text input with validation</doc>
<status status="NOT RUN" starttime="20260213 16:37:22.195" endtime="20260213 16:37:22.195"/>
</kw>
<kw name="Wait For Element And Input Text" library="base_page">
<arg>${RECEIPT_PREFIX_INPUT}</arg>
<arg>${receipt_data['receiptPrefix']}</arg>
<doc>Enhanced text input with validation</doc>
<status status="NOT RUN" starttime="20260213 16:37:22.195" endtime="20260213 16:37:22.196"/>
</kw>
<status status="FAIL" starttime="20260213 16:37:10.191" endtime="20260213 16:37:22.196"/>
</kw>
<kw name="Generate Receipt" library="receipt_management_page">
<doc>Generates receipt and saves</doc>
<status status="NOT RUN" starttime="20260213 16:37:22.196" endtime="20260213 16:37:22.197"/>
</kw>
<kw name="Logout From Application">
<status status="NOT RUN" starttime="20260213 16:37:22.212" endtime="20260213 16:37:22.212"/>
</kw>
<kw name="Get From Dictionary" library="Collections">
<var>${checker_user}</var>
<arg>${users_data}</arg>
<arg>checker</arg>
<doc>Returns a value from the given ``dictionary`` based on the given ``key``.</doc>
<status status="NOT RUN" starttime="20260213 16:37:22.213" endtime="20260213 16:37:22.214"/>
</kw>
<kw name="Login To Application" library="login_page">
<arg>${checker_user['username']}</arg>
<arg>${checker_user['password']}</arg>
<doc>Complete login process with Re-Login handling</doc>
<status status="NOT RUN" starttime="20260213 16:37:22.214" endtime="20260213 16:37:22.215"/>
</kw>
<kw name="Navigate To Receipt Generation" library="receipt_management_page">
<doc>Navigates to receipt generation page</doc>
<status status="NOT RUN" starttime="20260213 16:37:22.215" endtime="20260213 16:37:22.216"/>
</kw>
<kw name="Search And Approve Receipt" library="receipt_management_page">
<arg>${receipt_data['startReceiptNo']}</arg>
<doc>Searches and approves receipt</doc>
<status status="NOT RUN" starttime="20260213 16:37:22.216" endtime="20260213 16:37:22.217"/>
</kw>
<kw name="Logout From Application">
<status status="NOT RUN" starttime="20260213 16:37:22.234" endtime="20260213 16:37:22.235"/>
</kw>
<status status="FAIL" starttime="20260213 16:31:58.258" endtime="20260213 16:37:22.236"/>
</kw>
<doc>Test complete receipt generation and approval workflow</doc>
<tag>critical</tag>
<tag>lms</tag>
<tag>receipt_management</tag>
<tag>workflow</tag>
<status status="FAIL" starttime="20260213 16:31:58.251" endtime="20260213 16:37:22.237">No keyword with name 'Select From Dropdown By Value' found.</status>
</test>
<test id="s1-t2" name="TC002_Generate_Receipt_Only" line="18">
<kw name="Load Test Data From JSON" library="data_utils">
<var>${receipt_data}</var>
<arg>receipt_data.json</arg>
<doc>Loads test data from JSON file with error handling</doc>
<kw name="Join Path" library="OperatingSystem">
<var>${file_path}</var>
<arg>${TEST_DATA_PATH}</arg>
<arg>${file_name}</arg>
<doc>Joins the given path part(s) to the given base path.</doc>
<msg timestamp="20260213 16:31:51.474" level="INFO">${file_path} = D:\New_automation_\kfic-automation-framework\data\receipt_data.json</msg>
<status status="PASS" starttime="20260213 16:31:51.473" endtime="20260213 16:31:51.474"/>
</kw>
<kw name="File Should Exist" library="OperatingSystem">
<arg>${file_path}</arg>
<arg>Test data file not found: ${file_path}</arg>
<doc>Fails unless the given ``path`` points to an existing file.</doc>
<msg timestamp="20260213 16:31:51.476" level="INFO" html="true">File '&lt;a href="file://D:\New_automation_\kfic-automation-framework\data\receipt_data.json"&gt;D:\New_automation_\kfic-automation-framework\data\receipt_data.json&lt;/a&gt;' exists.</msg>
<status status="PASS" starttime="20260213 16:31:51.474" endtime="20260213 16:31:51.476"/>
</kw>
<kw name="Get File" library="OperatingSystem">
<var>${json_string}</var>
<arg>${file_path}</arg>
<doc>Returns the contents of a specified file.</doc>
<msg timestamp="20260213 16:31:51.478" level="INFO" html="true">Getting file '&lt;a href="file://D:\New_automation_\kfic-automation-framework\data\receipt_data.json"&gt;D:\New_automation_\kfic-automation-framework\data\receipt_data.json&lt;/a&gt;'.</msg>
<msg timestamp="20260213 16:31:51.478" level="INFO">${json_string} = {
  "receipt_data": {
    "bookSize": "1",
    "noOfBooks": "5",
    "startReceiptNo": "RCP001001",
    "bookPrefix": "BK",
    "receiptPrefix": "RCP"
  },
  "receipt_data_variant_a": {
    "bookSize"...</msg>
<status status="PASS" starttime="20260213 16:31:51.476" endtime="20260213 16:31:51.478"/>
</kw>
<kw name="Evaluate" library="BuiltIn">
<var>${json_data}</var>
<arg>json.loads('''${json_string}''')</arg>
<arg>json</arg>
<doc>Evaluates the given expression in Python and returns the result.</doc>
<msg timestamp="20260213 16:31:51.480" level="INFO">${json_data} = {'receipt_data': {'bookSize': '1', 'noOfBooks': '5', 'startReceiptNo': 'RCP001001', 'bookPrefix': 'BK', 'receiptPrefix': 'RCP'}, 'receipt_data_variant_a': {'bookSize': '1', 'noOfBooks': '3', 'startRec...</msg>
<status status="PASS" starttime="20260213 16:31:51.479" endtime="20260213 16:31:51.480"/>
</kw>
<kw name="Log" library="BuiltIn">
<arg>Loaded test data from: ${file_name}</arg>
<doc>Logs the given message with the given level.</doc>
<msg timestamp="20260213 16:31:51.481" level="INFO">Loaded test data from: receipt_data.json</msg>
<status status="PASS" starttime="20260213 16:31:51.480" endtime="20260213 16:31:51.481"/>
</kw>
<return>
<value>${json_data}</value>
<status status="PASS" starttime="20260213 16:31:51.481" endtime="20260213 16:31:51.482"/>
</return>
<msg timestamp="20260213 16:31:51.482" level="INFO">${receipt_data} = {'receipt_data': {'bookSize': '1', 'noOfBooks': '5', 'startReceiptNo': 'RCP001001', 'bookPrefix': 'BK', 'receiptPrefix': 'RCP'}, 'receipt_data_variant_a': {'bookSize': '1', 'noOfBooks': '3', 'startRec...</msg>
<status status="PASS" starttime="20260213 16:31:51.471" endtime="20260213 16:31:51.482"/>
</kw>
<kw name="Get From Dictionary" library="Collections">
<var>${receipt_info}</var>
<arg>${receipt_data}</arg>
<arg>receipt_data</arg>
<doc>Returns a value from the given ``dictionary`` based on the given ``key``.</doc>
<msg timestamp="20260213 16:31:51.483" level="INFO">${receipt_info} = {'bookSize': '1', 'noOfBooks': '5', 'startReceiptNo': 'RCP001001', 'bookPrefix': 'BK', 'receiptPrefix': 'RCP'}</msg>
<status status="PASS" starttime="20260213 16:31:51.483" endtime="20260213 16:31:51.483"/>
</kw>
<kw name="Get From Dictionary" library="Collections">
<var>${maker_user}</var>
<arg>${receipt_data['users']}</arg>
<arg>maker</arg>
<doc>Returns a value from the given ``dictionary`` based on the given ``key``.</doc>
<msg timestamp="20260213 16:31:51.486" level="INFO">${maker_user} = {'username': 'infraadmin', 'password': 'Abcd#123'}</msg>
<status status="PASS" starttime="20260213 16:31:51.484" endtime="20260213 16:31:51.486"/>
</kw>
<kw name="Generate Receipt Only" library="receipt_workflow">
<arg>${receipt_info}</arg>
<arg>${maker_user}</arg>
<doc>Generates receipt without approval</doc>
<kw name="Login To Application" library="login_page">
<arg>${user_data['username']}</arg>
<arg>${user_data['password']}</arg>
<doc>Complete login process with Re-Login handling</doc>
<kw name="Handle Re-Login If Present" library="login_page">
<doc>Handles Re-Login button if it appears</doc>
<kw name="Run Keyword And Return Status" library="BuiltIn">
<var>${relogin_present}</var>
<arg>Element Should Be Visible</arg>
<arg>${RELOGIN_BUTTON}</arg>
<doc>Runs the given keyword with given arguments and returns the status as a Boolean value.</doc>
<kw name="Element Should Be Visible" library="SeleniumLibrary">
<arg>${RELOGIN_BUTTON}</arg>
<doc>Verifies that the element identified by ``locator`` is visible.</doc>
<msg timestamp="20260213 16:32:06.683" level="INFO" html="true">&lt;/td&gt;&lt;/tr&gt;&lt;tr&gt;&lt;td colspan="3"&gt;&lt;a href="1-selenium-screenshot-1.png"&gt;&lt;img src="1-selenium-screenshot-1.png" width="800px"&gt;&lt;/a&gt;</msg>
<msg timestamp="20260213 16:32:06.684" level="FAIL">Element with locator 'id=relogin' not found.</msg>
<status status="FAIL" starttime="20260213 16:31:51.494" endtime="20260213 16:32:06.700"/>
</kw>
<msg timestamp="20260213 16:32:06.700" level="INFO">${relogin_present} = False</msg>
<status status="PASS" starttime="20260213 16:31:51.492" endtime="20260213 16:32:06.700"/>
</kw>
<kw name="Run Keyword If" library="BuiltIn">
<arg>${relogin_present}</arg>
<arg>Click Element</arg>
<arg>${RELOGIN_BUTTON}</arg>
<doc>Runs the given keyword with the given arguments, if ``condition`` is true.</doc>
<status status="PASS" starttime="20260213 16:32:06.700" endtime="20260213 16:32:06.701"/>
</kw>
<kw name="Run Keyword If" library="BuiltIn">
<arg>${relogin_present}</arg>
<arg>Wait For Page Load</arg>
<doc>Runs the given keyword with the given arguments, if ``condition`` is true.</doc>
<status status="PASS" starttime="20260213 16:32:06.701" endtime="20260213 16:32:06.702"/>
</kw>
<status status="PASS" starttime="20260213 16:31:51.490" endtime="20260213 16:32:06.702"/>
</kw>
<kw name="Enter Username" library="login_page">
<arg>${username}</arg>
<doc>Enters username in the login field</doc>
<kw name="Wait For Element And Input Text" library="base_page">
<arg>${USERNAME_FIELD}</arg>
<arg>${username}</arg>
<doc>Enhanced text input with validation</doc>
<kw name="Wait Until Element Is Visible" library="SeleniumLibrary">
<arg>${locator}</arg>
<arg>timeout=${timeout}</arg>
<doc>Waits until the element ``locator`` is visible.</doc>
<status status="PASS" starttime="20260213 16:32:06.705" endtime="20260213 16:32:06.744"/>
</kw>
<kw name="Wait Until Element Is Enabled" library="SeleniumLibrary">
<arg>${locator}</arg>
<arg>timeout=${timeout}</arg>
<doc>Waits until the element ``locator`` is enabled.</doc>
<status status="PASS" starttime="20260213 16:32:06.744" endtime="20260213 16:32:06.784"/>
</kw>
<kw name="Clear Element Text" library="SeleniumLibrary">
<arg>${locator}</arg>
<doc>Clears the value of the text-input-element identified by ``locator``.</doc>
<status status="PASS" starttime="20260213 16:32:06.784" endtime="20260213 16:32:06.842"/>
</kw>
<kw name="Sleep" library="BuiltIn">
<arg>0.5s</arg>
<doc>Pauses the test executed for the given time.</doc>
<msg timestamp="20260213 16:32:07.343" level="INFO">Slept 500 milliseconds</msg>
<status status="PASS" starttime="20260213 16:32:06.842" endtime="20260213 16:32:07.343"/>
</kw>
<kw name="Convert To String" library="BuiltIn">
<var>${text_string}</var>
<arg>${text}</arg>
<doc>Converts the given item to a Unicode string.</doc>
<msg timestamp="20260213 16:32:07.344" level="INFO">${text_string} = infraadmin</msg>
<status status="PASS" starttime="20260213 16:32:07.344" endtime="20260213 16:32:07.344"/>
</kw>
[...]
<status status="PASS" starttime="20260213 16:37:11.727" endtime="20260213 16:37:13.728"/>
</kw>
<kw name="Click Element" library="SeleniumLibrary">
<arg>id:dt-pendingdata</arg>
<doc>Click the element identified by ``locator``.</doc>
<msg timestamp="20260213 16:37:13.730" level="INFO">Clicking element 'id:dt-pendingdata'.</msg>
<status status="PASS" starttime="20260213 16:37:13.729" endtime="20260213 16:37:14.008"/>
</kw>
<kw name="Set Variable" library="BuiltIn">
<var>${approve_locator}</var>
<arg>xpath=//tr[td[text()="${receipt_no}"]]//a[contains(@class, 'auth-reject')]</arg>
<doc>Returns the given values which can then be assigned to a variables.</doc>
<msg timestamp="20260213 16:37:14.009" level="INFO">${approve_locator} = xpath=//tr[td[text()="RCP001001"]]//a[contains(@class, 'auth-reject')]</msg>
<status status="PASS" starttime="20260213 16:37:14.008" endtime="20260213 16:37:14.009"/>
</kw>
<kw name="Wait For Element And Click" library="base_page">
<arg>${approve_locator}</arg>
<doc>Enhanced element clicking with retry mechanism</doc>
<for flavor="IN RANGE">
<var>${i}</var>
<value>${retry_count}</value>
<iter>
<var name="${i}">0</var>
<kw name="Run Keyword And Return Status" library="BuiltIn">
<var>${success}</var>
<arg>Run Keywords</arg>
<arg>Wait Until Element Is Visible</arg>
<arg>${locator}</arg>
<arg>timeout=${timeout}</arg>
<arg>AND</arg>
<arg>Wait Until Element Is Enabled</arg>
<arg>${locator}</arg>
<arg>timeout=${timeout}</arg>
<arg>AND</arg>
<arg>Click Element</arg>
<arg>${locator}</arg>
<doc>Runs the given keyword with given arguments and returns the status as a Boolean value.</doc>
<kw name="Run Keywords" library="BuiltIn">
<arg>Wait Until Element Is Visible</arg>
<arg>${locator}</arg>
<arg>timeout=${timeout}</arg>
<arg>AND</arg>
<arg>Wait Until Element Is Enabled</arg>
<arg>${locator}</arg>
<arg>timeout=${timeout}</arg>
<arg>AND</arg>
<arg>Click Element</arg>
<arg>${locator}</arg>
<doc>Executes all the given keywords in a sequence.</doc>
<kw name="Wait Until Element Is Visible" library="SeleniumLibrary">
<arg>${locator}</arg>
<arg>timeout=${timeout}</arg>
<doc>Waits until the element ``locator`` is visible.</doc>
<msg timestamp="20260213 16:37:29.470" level="INFO" html="true">&lt;/td&gt;&lt;/tr&gt;&lt;tr&gt;&lt;td colspan="3"&gt;&lt;a href="2-selenium-screenshot-2.png"&gt;&lt;img src="2-selenium-screenshot-2.png" width="800px"&gt;&lt;/a&gt;</msg>
<msg timestamp="20260213 16:37:29.470" level="FAIL">Element 'xpath=//tr[td[text()="RCP001001"]]//a[contains(@class, 'auth-reject')]' not visible after 10 seconds.</msg>
<status status="FAIL" starttime="20260213 16:37:14.015" endtime="20260213 16:37:29.473"/>
</kw>
<status status="FAIL" starttime="20260213 16:37:14.014" endtime="20260213 16:37:29.473"/>
</kw>
<msg timestamp="20260213 16:37:29.473" level="INFO">${success} = False</msg>
<status status="PASS" starttime="20260213 16:37:14.013" endtime="20260213 16:37:29.473"/>
</kw>
<kw name="Exit For Loop If" library="BuiltIn">
<arg>${success}</arg>
<doc>Stops executing the enclosing FOR loop if the ``condition`` is true.</doc>
<status status="PASS" starttime="20260213 16:37:29.474" endtime="20260213 16:37:29.474"/>
</kw>
<kw name="Run Keyword If" library="BuiltIn">
<arg>${i} &lt; ${retry_count}-1</arg>
<arg>Run Keywords</arg>
<arg>Log</arg>
<arg>Retry ${i+1}: Element click failed, retrying...</arg>
<arg>AND</arg>
<arg>Sleep</arg>
<arg>${RETRY_DELAY}s</arg>
<doc>Runs the given keyword with the given arguments, if ``condition`` is true.</doc>
<kw name="Run Keywords" library="BuiltIn">
<arg>Log</arg>
<arg>Retry ${i+1}: Element click failed, retrying...</arg>
<arg>AND</arg>
<arg>Sleep</arg>
<arg>${RETRY_DELAY}s</arg>
<doc>Executes all the given keywords in a sequence.</doc>
<kw name="Log" library="BuiltIn">
<arg>Retry ${i+1}: Element click failed, retrying...</arg>
<doc>Logs the given message with the given level.</doc>
<msg timestamp="20260213 16:37:29.477" level="INFO">Retry 1: Element click failed, retrying...</msg>
<status status="PASS" starttime="20260213 16:37:29.475" endtime="20260213 16:37:29.477"/>
</kw>
<kw name="Sleep" library="BuiltIn">
<arg>${RETRY_DELAY}s</arg>
<doc>Pauses the test executed for the given time.</doc>
<msg timestamp="20260213 16:37:31.478" level="INFO">Slept 2 seconds</msg>
<status status="PASS" starttime="20260213 16:37:29.477" endtime="20260213 16:37:31.478"/>
</kw>
<status status="PASS" starttime="20260213 16:37:29.475" endtime="20260213 16:37:31.478"/>
</kw>
<status status="PASS" starttime="20260213 16:37:29.474" endtime="20260213 16:37:31.478"/>
</kw>
<status status="PASS" starttime="20260213 16:37:14.011" endtime="20260213 16:37:31.478"/>
</iter>
<iter>
<var name="${i}">1</var>
<kw name="Run Keyword And Return Status" library="BuiltIn">
<var>${success}</var>
<arg>Run Keywords</arg>
<arg>Wait Until Element Is Visible</arg>
<arg>${locator}</arg>
<arg>timeout=${timeout}</arg>
<arg>AND</arg>
<arg>Wait Until Element Is Enabled</arg>
<arg>${locator}</arg>
<arg>timeout=${timeout}</arg>
<arg>AND</arg>
<arg>Click Element</arg>
<arg>${locator}</arg>
<doc>Runs the given keyword with given arguments and returns the status as a Boolean value.</doc>
<kw name="Run Keywords" library="BuiltIn">
<arg>Wait Until Element Is Visible</arg>
<arg>${locator}</arg>
<arg>timeout=${timeout}</arg>
<arg>AND</arg>
<arg>Wait Until Element Is Enabled</arg>
<arg>${locator}</arg>
<arg>timeout=${timeout}</arg>
<arg>AND</arg>
<arg>Click Element</arg>
<arg>${locator}</arg>
<doc>Executes all the given keywords in a sequence.</doc>
<kw name="Wait Until Element Is Visible" library="SeleniumLibrary">
<arg>${locator}</arg>
<arg>timeout=${timeout}</arg>
<doc>Waits until the element ``locator`` is visible.</doc>
<msg timestamp="20260213 16:37:46.904" level="INFO" html="true">&lt;/td&gt;&lt;/tr&gt;&lt;tr&gt;&lt;td colspan="3"&gt;&lt;a href="2-selenium-screenshot-3.png"&gt;&lt;img src="2-selenium-screenshot-3.png" width="800px"&gt;&lt;/a&gt;</msg>
<msg timestamp="20260213 16:37:46.904" level="FAIL">Element 'xpath=//tr[td[text()="RCP001001"]]//a[contains(@class, 'auth-reject')]' not visible after 10 seconds.</msg>
<status status="FAIL" starttime="20260213 16:37:31.480" endtime="20260213 16:37:46.907"/>
</kw>
<status status="FAIL" starttime="20260213 16:37:31.479" endtime="20260213 16:37:46.908"/>
</kw>
<msg timestamp="20260213 16:37:46.908" level="INFO">${success} = False</msg>
<status status="PASS" starttime="20260213 16:37:31.479" endtime="20260213 16:37:46.909"/>
</kw>
<kw name="Exit For Loop If" library="BuiltIn">
<arg>${success}</arg>
<doc>Stops executing the enclosing FOR loop if the ``condition`` is true.</doc>
<status status="PASS" starttime="20260213 16:37:46.909" endtime="20260213 16:37:46.910"/>
</kw>
<kw name="Run Keyword If" library="BuiltIn">
<arg>${i} &lt; ${retry_count}-1</arg>
<arg>Run Keywords</arg>
<arg>Log</arg>
<arg>Retry ${i+1}: Element click failed, retrying...</arg>
<arg>AND</arg>
<arg>Sleep</arg>
<arg>${RETRY_DELAY}s</arg>
<doc>Runs the given keyword with the given arguments, if ``condition`` is true.</doc>
<kw name="Run Keywords" library="BuiltIn">
<arg>Log</arg>
<arg>Retry ${i+1}: Element click failed, retrying...</arg>
<arg>AND</arg>
<arg>Sleep</arg>
<arg>${RETRY_DELAY}s</arg>
<doc>Executes all the given keywords in a sequence.</doc>
<kw name="Log" library="BuiltIn">
<arg>Retry ${i+1}: Element click failed, retrying...</arg>
<doc>Logs the given message with the given level.</doc>
<msg timestamp="20260213 16:37:46.913" level="INFO">Retry 2: Element click failed, retrying...</msg>
<status status="PASS" starttime="20260213 16:37:46.912" endtime="20260213 16:37:46.913"/>
</kw>
<kw name="Sleep" library="BuiltIn">
<arg>${RETRY_DELAY}s</arg>
<doc>Pauses the test executed for the given time.</doc>
<msg timestamp="20260213 16:37:48.914" level="INFO">Slept 2 seconds</msg>
<status status="PASS" starttime="20260213 16:37:46.913" endtime="20260213 16:37:48.914"/>
</kw>
<status status="PASS" starttime="20260213 16:37:46.911" endtime="20260213 16:37:48.914"/>
</kw>
<status status="PASS" starttime="20260213 16:37:46.910" endtime="20260213 16:37:48.915"/>
</kw>
<status status="PASS" starttime="20260213 16:37:31.478" endtime="20260213 16:37:48.915"/>
</iter>
<iter>
<var name="${i}">2</var>
<kw name="Run Keyword And Return Status" library="BuiltIn">
<var>${success}</var>
<arg>Run Keywords</arg>
<arg>Wait Until Element Is Visible</arg>
<arg>${locator}</arg>
<arg>timeout=${timeout}</arg>
<arg>AND</arg>
<arg>Wait Until Element Is Enabled</arg>
<arg>${locator}</arg>
<arg>timeout=${timeout}</arg>
<arg>AND</arg>
<arg>Click Element</arg>
<arg>${locator}</arg>
<doc>Runs the given keyword with given arguments and returns the status as a Boolean value.</doc>
<kw name="Run Keywords" library="BuiltIn">
<arg>Wait Until Element Is Visible</arg>
<arg>${locator}</arg>
<arg>timeout=${timeout}</arg>
<arg>AND</arg>
<arg>Wait Until Element Is Enabled</arg>
<arg>${locator}</arg>
<arg>timeout=${timeout}</arg>
<arg>AND</arg>
<arg>Click Element</arg>
<arg>${locator}</arg>
<doc>Executes all the given keywords in a sequence.</doc>
<kw name="Wait Until Element Is Visible" library="SeleniumLibrary">
<arg>${locator}</arg>
<arg>timeout=${timeout}</arg>
<doc>Waits until the element ``locator`` is visible.</doc>
<msg timestamp="20260213 16:38:04.305" level="INFO" html="true">&lt;/td&gt;&lt;/tr&gt;&lt;tr&gt;&lt;td colspan="3"&gt;&lt;a href="2-selenium-screenshot-4.png"&gt;&lt;img src="2-selenium-screenshot-4.png" width="800px"&gt;&lt;/a&gt;</msg>
<msg timestamp="20260213 16:38:04.305" level="FAIL">Element 'xpath=//tr[td[text()="RCP001001"]]//a[contains(@class, 'auth-reject')]' not visible after 10 seconds.</msg>
<status status="FAIL" starttime="20260213 16:37:48.917" endtime="20260213 16:38:04.307"/>
</kw>
<status status="FAIL" starttime="20260213 16:37:48.917" endtime="20260213 16:38:04.307"/>
</kw>
<msg timestamp="20260213 16:38:04.307" level="INFO">${success} = False</msg>
<status status="PASS" starttime="20260213 16:37:48.916" endtime="20260213 16:38:04.307"/>
</kw>
<kw name="Exit For Loop If" library="BuiltIn">
<arg>${success}</arg>
<doc>Stops executing the enclosing FOR loop if the ``condition`` is true.</doc>
<status status="PASS" starttime="20260213 16:38:04.307" endtime="20260213 16:38:04.308"/>
</kw>
<kw name="Run Keyword If" library="BuiltIn">
<arg>${i} &lt; ${retry_count}-1</arg>
<arg>Run Keywords</arg>
<arg>Log</arg>
<arg>Retry ${i+1}: Element click failed, retrying...</arg>
<arg>AND</arg>
<arg>Sleep</arg>
<arg>${RETRY_DELAY}s</arg>
<doc>Runs the given keyword with the given arguments, if ``condition`` is true.</doc>
<status status="PASS" starttime="20260213 16:38:04.308" endtime="20260213 16:38:04.309"/>
</kw>
<status status="PASS" starttime="20260213 16:37:48.915" endtime="20260213 16:38:04.309"/>
</iter>
<status status="PASS" starttime="20260213 16:37:14.010" endtime="20260213 16:38:04.309"/>
</for>
<kw name="Run Keyword Unless" library="BuiltIn">
<arg>${success}</arg>
<arg>Fail</arg>
<arg>Failed to click element ${locator} after ${retry_count} attempts</arg>
<doc>*DEPRECATED since RF 5.0. Use Native IF/ELSE or `Run Keyword If` instead.*</doc>
<msg timestamp="20260213 16:38:04.309" level="WARN">Keyword 'BuiltIn.Run Keyword Unless' is deprecated. </msg>
<kw name="Fail" library="BuiltIn">
<arg>Failed to click element ${locator} after ${retry_count} attempts</arg>
<doc>Fails the test with the given message and optionally alters its tags.</doc>
<msg timestamp="20260213 16:38:04.310" level="FAIL">Failed to click element xpath=//tr[td[text()="RCP001001"]]//a[contains(@class, 'auth-reject')] after 3 attempts</msg>
<status status="FAIL" starttime="20260213 16:38:04.310" endtime="20260213 16:38:04.310"/>
</kw>
<status status="FAIL" starttime="20260213 16:38:04.309" endtime="20260213 16:38:04.317"/>
</kw>
<status status="FAIL" starttime="20260213 16:37:14.009" endtime="20260213 16:38:04.318"/>
</kw>
<kw name="Execute Javascript" library="SeleniumLibrary">
<arg>document.getElementById("idApprove").click()</arg>
<doc>Executes the given JavaScript code with possible arguments.</doc>
<status status="NOT RUN" starttime="20260213 16:38:04.318" endtime="20260213 16:38:04.319"/>
</kw>
<kw name="Wait For Element And Click" library="base_page">
<arg>${APPROVE_SUBMIT_BUTTON}</arg>
<doc>Enhanced element clicking with retry mechanism</doc>
<status status="NOT RUN" starttime="20260213 16:38:04.319" endtime="20260213 16:38:04.319"/>
</kw>
<status status="FAIL" starttime="20260213 16:37:10.034" endtime="20260213 16:38:04.320"/>
</kw>
<kw name="Logout From Application">
<status status="NOT RUN" starttime="20260213 16:38:04.328" endtime="20260213 16:38:04.328"/>
</kw>
<status status="FAIL" starttime="20260213 16:31:51.627" endtime="20260213 16:38:04.329"/>
</kw>
<doc>Test receipt approval only</doc>
<tag>approval</tag>
<tag>lms</tag>
<tag>receipt_management</tag>
<tag>smoke</tag>
<status status="FAIL" starttime="20260213 16:31:51.618" endtime="20260213 16:38:04.329">Failed to click element xpath=//tr[td[text()="RCP001001"]]//a[contains(@class, 'auth-reject')] after 3 attempts</status>
</test>
<kw name="Close Application" library="base_page" type="TEARDOWN">
<doc>Enhanced browser cleanup</doc>
<kw name="Run Keyword And Return Status" library="BuiltIn">
<var>${browsers_open}</var>
<arg>Get Window Handles</arg>
<doc>Runs the given keyword with given arguments and returns the status as a Boolean value.</doc>
<kw name="Get Window Handles" library="SeleniumLibrary">
<doc>Returns all child window handles of the selected browser as a list.</doc>
<status status="PASS" starttime="20260213 16:37:22.242" endtime="20260213 16:37:22.246"/>
</kw>
<msg timestamp="20260213 16:37:22.247" level="INFO">${browsers_open} = True</msg>
<status status="PASS" starttime="20260213 16:37:22.241" endtime="20260213 16:37:22.247"/>
</kw>
<kw name="Run Keyword If" library="BuiltIn">
<arg>${browsers_open}</arg>
<arg>Close All Browsers</arg>
<doc>Runs the given keyword with the given arguments, if ``condition`` is true.</doc>
<kw name="Close All Browsers" library="SeleniumLibrary">
<doc>Closes all open browsers and resets the browser cache.</doc>
<status status="PASS" starttime="20260213 16:37:22.249" endtime="20260213 16:37:28.722"/>
</kw>
<status status="PASS" starttime="20260213 16:37:22.248" endtime="20260213 16:37:28.722"/>
</kw>
<kw name="Log" library="BuiltIn">
<arg>Application closed successfully</arg>
<doc>Logs the given message with the given level.</doc>
<msg timestamp="20260213 16:37:28.723" level="INFO">Application closed successfully</msg>
<status status="PASS" starttime="20260213 16:37:28.723" endtime="20260213 16:37:28.723"/>
</kw>
<kw name="Run Keyword And Return Status" library="BuiltIn">
<var>${browsers_open}</var>
<arg>Get Window Handles</arg>
<doc>Runs the given keyword with given arguments and returns the status as a Boolean value.</doc>
<kw name="Get Window Handles" library="SeleniumLibrary">
<doc>Returns all child window handles of the selected browser as a list.</doc>
<status status="PASS" starttime="20260213 16:34:32.003" endtime="20260213 16:34:32.005"/>
</kw>
<msg timestamp="20260213 16:34:32.005" level="INFO">${browsers_open} = True</msg>
<status status="PASS" starttime="20260213 16:34:32.002" endtime="20260213 16:34:32.005"/>
</kw>
<kw name="Run Keyword If" library="BuiltIn">
<arg>${browsers_open}</arg>
<arg>Close All Browsers</arg>
<doc>Runs the given keyword with the given arguments, if ``condition`` is true.</doc>
<kw name="Close All Browsers" library="SeleniumLibrary">
<doc>Closes all open browsers and resets the browser cache.</doc>
<status status="PASS" starttime="20260213 16:34:32.005" endtime="20260213 16:34:38.431"/>
</kw>
<status status="PASS" starttime="20260213 16:34:32.005" endtime="20260213 16:34:38.432"/>
</kw>
<kw name="Log" library="BuiltIn">
<arg>Application closed successfully</arg>
<doc>Logs the given message with the given level.</doc>
<msg timestamp="20260213 16:34:38.433" level="INFO">Application closed successfully</msg>
<status status="PASS" starttime="20260213 16:34:38.432" endtime="20260213 16:34:38.433"/>
</kw>
<kw name="Run Keyword And Return Status" library="BuiltIn">
<var>${browsers_open}</var>
<arg>Get Window Handles</arg>
<doc>Runs the given keyword with given arguments and returns the status as a Boolean value.</doc>
<kw name="Get Window Handles" library="SeleniumLibrary">
<doc>Returns all child window handles of the selected browser as a list.</doc>
<status status="PASS" starttime="20260213 16:38:04.331" endtime="20260213 16:38:04.333"/>
</kw>
<msg timestamp="20260213 16:38:04.333" level="INFO">${browsers_open} = True</msg>
<status status="PASS" starttime="20260213 16:38:04.330" endtime="20260213 16:38:04.334"/>
</kw>
<kw name="Run Keyword If" library="BuiltIn">
<arg>${browsers_open}</arg>
<arg>Close All Browsers</arg>
<doc>Runs the given keyword with the given arguments, if ``condition`` is true.</doc>
<kw name="Close All Browsers" library="SeleniumLibrary">
<doc>Closes all open browsers and resets the browser cache.</doc>
<status status="PASS" starttime="20260213 16:38:04.334" endtime="20260213 16:38:10.758"/>
</kw>
<status status="PASS" starttime="20260213 16:38:04.334" endtime="20260213 16:38:10.758"/>
</kw>
<kw name="Log" library="BuiltIn">
<arg>Application closed successfully</arg>
<doc>Logs the given message with the given level.</doc>
<msg timestamp="20260213 16:38:10.758" level="INFO">Application closed successfully</msg>
<status status="PASS" starttime="20260213 16:38:10.758" endtime="20260213 16:38:10.758"/>
</kw>
<status status="PASS" starttime="20260213 16:37:22.240" endtime="20260213 16:37:28.723"/>
</kw>
<doc>Receipt Management Test Suite</doc>
<status status="FAIL" starttime="20260213 16:31:14.423" endtime="20260213 16:38:10.758"/>
</suite>
<statistics>
<total>
<stat pass="0" fail="3" skip="0">All Tests</stat>
</total>
<tag>
<stat pass="0" fail="1" skip="0">approval</stat>
<stat pass="0" fail="1" skip="0">critical</stat>
<stat pass="0" fail="1" skip="0">generation</stat>
<stat pass="0" fail="3" skip="0">lms</stat>
<stat pass="0" fail="3" skip="0">receipt_management</stat>
<stat pass="0" fail="2" skip="0">smoke</stat>
<stat pass="0" fail="1" skip="0">workflow</stat>
</tag>
<suite>
<stat pass="0" fail="3" skip="0" id="s1" name="Receipt Management">Receipt Management</stat>
</suite>
</statistics>
<errors>
<msg timestamp="20260213 16:33:35.936" level="WARN">Keyword 'BuiltIn.Run Keyword Unless' is deprecated. </msg>
<msg timestamp="20260213 16:34:08.433" level="WARN">Keyword 'BuiltIn.Run Keyword Unless' is deprecated. </msg>
<msg timestamp="20260213 16:34:08.971" level="WARN">Keyword 'BuiltIn.Run Keyword Unless' is deprecated. </msg>
<msg timestamp="20260213 16:34:09.257" level="WARN">Keyword 'BuiltIn.Run Keyword Unless' is deprecated. </msg>
<msg timestamp="20260213 16:37:10.189" level="WARN">Keyword 'BuiltIn.Run Keyword Unless' is deprecated. </msg>
<msg timestamp="20260213 16:37:22.172" level="WARN">Keyword 'BuiltIn.Run Keyword Unless' is deprecated. </msg>
<msg timestamp="20260213 16:33:09.609" level="WARN">Keyword 'BuiltIn.Run Keyword Unless' is deprecated. </msg>
<msg timestamp="20260213 16:34:31.983" level="WARN">Keyword 'BuiltIn.Run Keyword Unless' is deprecated. </msg>
<msg timestamp="20260213 16:33:35.935" level="WARN">Keyword 'BuiltIn.Run Keyword Unless' is deprecated. </msg>
<msg timestamp="20260213 16:34:08.379" level="WARN">Keyword 'BuiltIn.Run Keyword Unless' is deprecated. </msg>
<msg timestamp="20260213 16:34:08.903" level="WARN">Keyword 'BuiltIn.Run Keyword Unless' is deprecated. </msg>
<msg timestamp="20260213 16:34:09.214" level="WARN">Keyword 'BuiltIn.Run Keyword Unless' is deprecated. </msg>
<msg timestamp="20260213 16:37:10.032" level="WARN">Keyword 'BuiltIn.Run Keyword Unless' is deprecated. </msg>
<msg timestamp="20260213 16:38:04.309" level="WARN">Keyword 'BuiltIn.Run Keyword Unless' is deprecated. </msg>
</errors>
</robot>
