<?xml version="1.0" encoding="UTF-8"?>
<robot generator="Rebot 6.1.1 (Python 3.13.1 on win32)" generated="20260213 16:42:39.440" rpa="false" schemaversion="4">
<suite id="s1" name="Receipt Management" source="D:\New_automation_\kfic-automation-framework\tests\lms\receipt_management.robot">
<kw name="Open Application" library="base_page" type="SETUP">
<doc>Opens the application with enhanced browser configuration</doc>
<kw name="Validate Environment" library="framework_config">
<doc>Validates if environment configuration is correct</doc>
<kw name="Dictionary Should Contain Key" library="Collections">
<arg>${URLS}</arg>
<arg>${ENVIRONMENT}</arg>
<doc>Fails if ``key`` is not found from ``dictionary``.</doc>
<status status="PASS" starttime="20260213 16:39:23.241" endtime="20260213 16:39:23.242"/>
</kw>
<kw name="Should Not Be Empty" library="BuiltIn">
<arg>${URLS.${ENVIRONMENT}}</arg>
<doc>Verifies that the given item is not empty.</doc>
<msg timestamp="20260213 16:39:23.243" level="INFO">Length is 67</msg>
<status status="PASS" starttime="20260213 16:39:23.242" endtime="20260213 16:39:23.243"/>
</kw>
<kw name="Log" library="BuiltIn">
<arg>Environment validation passed for: ${ENVIRONMENT}</arg>
<doc>Logs the given message with the given level.</doc>
<msg timestamp="20260213 16:39:23.244" level="INFO">Environment validation passed for: qc</msg>
<status status="PASS" starttime="20260213 16:39:23.244" endtime="20260213 16:39:23.244"/>
</kw>
<status status="PASS" starttime="20260213 16:39:23.241" endtime="20260213 16:39:23.244"/>
</kw>
<kw name="Get Environment URL" library="framework_config">
<var>${url}</var>
<doc>Returns URL based on current environment</doc>
<kw name="Get From Dictionary" library="Collections">
<var>${url}</var>
<arg>${URLS}</arg>
<arg>${ENVIRONMENT}</arg>
<doc>Returns a value from the given ``dictionary`` based on the given ``key``.</doc>
<msg timestamp="20260213 16:39:23.245" level="INFO">${url} = http://172.21.0.93:9092/Kiya.aiCBS-10.2.0/LoginPage?tid=139&amp;lang=en</msg>
<status status="PASS" starttime="20260213 16:39:23.245" endtime="20260213 16:39:23.245"/>
</kw>
<return>
<value>${url}</value>
<status status="PASS" starttime="20260213 16:39:23.245" endtime="20260213 16:39:23.246"/>
</return>
<msg timestamp="20260213 16:39:23.246" level="INFO">${url} = http://172.21.0.93:9092/Kiya.aiCBS-10.2.0/LoginPage?tid=139&amp;lang=en</msg>
<status status="PASS" starttime="20260213 16:39:23.244" endtime="20260213 16:39:23.246"/>
</kw>
<kw name="Log" library="BuiltIn">
<arg>Opening application: ${url}</arg>
<doc>Logs the given message with the given level.</doc>
<msg timestamp="20260213 16:39:23.247" level="INFO">Opening application: http://172.21.0.93:9092/Kiya.aiCBS-10.2.0/LoginPage?tid=139&amp;lang=en</msg>
<status status="PASS" starttime="20260213 16:39:23.247" endtime="20260213 16:39:23.247"/>
</kw>
<kw name="Evaluate" library="BuiltIn">
<var>${options}</var>
<arg>sys.modules['selenium.webdriver'].ChromeOptions()</arg>
<arg>sys, selenium.webdriver</arg>
<doc>Evaluates the given expression in Python and returns the result.</doc>
<msg timestamp="20260213 16:39:23.248" level="INFO">${options} = &lt;selenium.webdriver.chrome.options.Options object at 0x00000283B2D80830&gt;</msg>
<status status="PASS" starttime="20260213 16:39:23.247" endtime="20260213 16:39:23.248"/>
</kw>
<kw name="Run Keyword If" library="BuiltIn">
<arg>${headless}</arg>
<arg>Call Method</arg>
<arg>${options}</arg>
<arg>add_argument</arg>
<arg>--headless</arg>
<doc>Runs the given keyword with the given arguments, if ``condition`` is true.</doc>
<status status="PASS" starttime="20260213 16:39:23.248" endtime="20260213 16:39:23.249"/>
</kw>
<kw name="Call Method" library="BuiltIn">
<arg>${options}</arg>
<arg>add_argument</arg>
<arg>--no-sandbox</arg>
<doc>Calls the named method of the given object with the provided arguments.</doc>
<status status="PASS" starttime="20260213 16:39:23.249" endtime="20260213 16:39:23.249"/>
</kw>
<kw name="Call Method" library="BuiltIn">
<arg>${options}</arg>
<arg>add_argument</arg>
<arg>--disable-dev-shm-usage</arg>
<doc>Calls the named method of the given object with the provided arguments.</doc>
<status status="PASS" starttime="20260213 16:39:23.249" endtime="20260213 16:39:23.250"/>
</kw>
<kw name="Call Method" library="BuiltIn">
<arg>${options}</arg>
<arg>add_argument</arg>
<arg>--disable-gpu</arg>
<doc>Calls the named method of the given object with the provided arguments.</doc>
<status status="PASS" starttime="20260213 16:39:23.250" endtime="20260213 16:39:23.250"/>
</kw>
<kw name="Call Method" library="BuiltIn">
<arg>${options}</arg>
<arg>add_argument</arg>
<arg>--disable-web-security</arg>
<doc>Calls the named method of the given object with the provided arguments.</doc>
<status status="PASS" starttime="20260213 16:39:23.250" endtime="20260213 16:39:23.251"/>
</kw>
<kw name="Call Method" library="BuiltIn">
<arg>${options}</arg>
<arg>add_argument</arg>
<arg>--allow-running-insecure-content</arg>
<doc>Calls the named method of the given object with the provided arguments.</doc>
<status status="PASS" starttime="20260213 16:39:23.251" endtime="20260213 16:39:23.251"/>
</kw>
<kw name="Open Browser" library="SeleniumLibrary">
<arg>${url}</arg>
<arg>${browser}</arg>
<arg>options=${options}</arg>
<doc>Opens a new browser instance to the optional ``url``.</doc>
<msg timestamp="20260213 16:39:23.252" level="INFO">Opening browser 'chrome' to base url 'http://172.21.0.93:9092/Kiya.aiCBS-10.2.0/LoginPage?tid=139&amp;lang=en'.</msg>
<status status="PASS" starttime="20260213 16:39:23.251" endtime="20260213 16:39:33.302"/>
</kw>
<kw name="Maximize Browser Window" library="SeleniumLibrary">
<doc>Maximizes current browser window.</doc>
<status status="PASS" starttime="20260213 16:39:33.302" endtime="20260213 16:39:33.363"/>
</kw>
<kw name="Set Selenium Implicit Wait" library="SeleniumLibrary">
<arg>${IMPLICIT_WAIT}</arg>
<doc>Sets the implicit wait value used by Selenium.</doc>
<status status="PASS" starttime="20260213 16:39:33.364" endtime="20260213 16:39:33.366"/>
</kw>
<kw name="Set Selenium Timeout" library="SeleniumLibrary">
<arg>${PAGE_LOAD_TIMEOUT}</arg>
<doc>Sets the timeout that is used by various keywords.</doc>
<status status="PASS" starttime="20260213 16:39:33.366" endtime="20260213 16:39:33.372"/>
</kw>
<kw name="Setup Test Environment" library="base_page">
<doc>Setup test environment directories and logging</doc>
<kw name="Create Directory" library="OperatingSystem">
<arg>${SCREENSHOTS_DIR}</arg>
<doc>Creates the specified directory.</doc>
<msg timestamp="20260213 16:39:33.374" level="INFO" html="true">Directory '&lt;a href="file://D:\New_automation_\kfic-automation-framework\results\screenshots"&gt;D:\New_automation_\kfic-automation-framework\results\screenshots&lt;/a&gt;' already exists.</msg>
<status status="PASS" starttime="20260213 16:39:33.373" endtime="20260213 16:39:33.374"/>
</kw>
<kw name="Create Directory" library="OperatingSystem">
<arg>${REPORTS_DIR}</arg>
<doc>Creates the specified directory.</doc>
<msg timestamp="20260213 16:39:33.375" level="INFO" html="true">Directory '&lt;a href="file://D:\New_automation_\kfic-automation-framework\results\reports"&gt;D:\New_automation_\kfic-automation-framework\results\reports&lt;/a&gt;' already exists.</msg>
<status status="PASS" starttime="20260213 16:39:33.374" endtime="20260213 16:39:33.375"/>
</kw>
<kw name="Create Directory" library="OperatingSystem">
<arg>${LOGS_DIR}</arg>
<doc>Creates the specified directory.</doc>
<msg timestamp="20260213 16:39:33.376" level="INFO" html="true">Directory '&lt;a href="file://D:\New_automation_\kfic-automation-framework\results\logs"&gt;D:\New_automation_\kfic-automation-framework\results\logs&lt;/a&gt;' already exists.</msg>
<status status="PASS" starttime="20260213 16:39:33.375" endtime="20260213 16:39:33.376"/>
</kw>
<kw name="Log" library="BuiltIn">
<arg>Test environment setup completed</arg>
<doc>Logs the given message with the given level.</doc>
<msg timestamp="20260213 16:39:33.376" level="INFO">Test environment setup completed</msg>
<status status="PASS" starttime="20260213 16:39:33.376" endtime="20260213 16:39:33.377"/>
</kw>
<kw name="Log" library="BuiltIn">
<arg>Screenshots directory: ${SCREENSHOTS_DIR}</arg>
<doc>Logs the given message with the given level.</doc>
<msg timestamp="20260213 16:39:33.377" level="INFO">Screenshots directory: D:\New_automation_\kfic-automation-framework\config/../results/screenshots</msg>
<status status="PASS" starttime="20260213 16:39:33.377" endtime="20260213 16:39:33.377"/>
</kw>
<kw name="Log" library="BuiltIn">
<arg>Reports directory: ${REPORTS_DIR}</arg>
<doc>Logs the given message with the given level.</doc>
<msg timestamp="20260213 16:39:33.378" level="INFO">Reports directory: D:\New_automation_\kfic-automation-framework\config/../results/reports</msg>
<status status="PASS" starttime="20260213 16:39:33.378" endtime="20260213 16:39:33.378"/>
</kw>
<kw name="Log" library="BuiltIn">
<arg>Logs directory: ${LOGS_DIR}</arg>
<doc>Logs the given message with the given level.</doc>
<msg timestamp="20260213 16:39:33.378" level="INFO">Logs directory: D:\New_automation_\kfic-automation-framework\config/../results/logs</msg>
<status status="PASS" starttime="20260213 16:39:33.378" endtime="20260213 16:39:33.378"/>
</kw>
<status status="PASS" starttime="20260213 16:39:33.372" endtime="20260213 16:39:33.379"/>
</kw>
<kw name="Validate Environment" library="framework_config">
<doc>Validates if environment configuration is correct</doc>
<kw name="Dictionary Should Contain Key" library="Collections">
<arg>${URLS}</arg>
<arg>${ENVIRONMENT}</arg>
<doc>Fails if ``key`` is not found from ``dictionary``.</doc>
<status status="PASS" starttime="20260213 16:39:23.216" endtime="20260213 16:39:23.217"/>
</kw>
<kw name="Should Not Be Empty" library="BuiltIn">
<arg>${URLS.${ENVIRONMENT}}</arg>
<doc>Verifies that the given item is not empty.</doc>
<msg timestamp="20260213 16:39:23.218" level="INFO">Length is 67</msg>
<status status="PASS" starttime="20260213 16:39:23.217" endtime="20260213 16:39:23.218"/>
</kw>
<kw name="Log" library="BuiltIn">
<arg>Environment validation passed for: ${ENVIRONMENT}</arg>
<doc>Logs the given message with the given level.</doc>
<msg timestamp="20260213 16:39:23.219" level="INFO">Environment validation passed for: qc</msg>
<status status="PASS" starttime="20260213 16:39:23.218" endtime="20260213 16:39:23.219"/>
</kw>
<status status="PASS" starttime="20260213 16:39:23.216" endtime="20260213 16:39:23.219"/>
</kw>
<kw name="Get Environment URL" library="framework_config">
<var>${url}</var>
<doc>Returns URL based on current environment</doc>
<kw name="Get From Dictionary" library="Collections">
<var>${url}</var>
<arg>${URLS}</arg>
<arg>${ENVIRONMENT}</arg>
<doc>Returns a value from the given ``dictionary`` based on the given ``key``.</doc>
<msg timestamp="20260213 16:39:23.220" level="INFO">${url} = http://172.21.0.93:9092/Kiya.aiCBS-10.2.0/LoginPage?tid=139&amp;lang=en</msg>
<status status="PASS" starttime="20260213 16:39:23.219" endtime="20260213 16:39:23.220"/>
</kw>
<return>
<value>${url}</value>
<status status="PASS" starttime="20260213 16:39:23.220" endtime="20260213 16:39:23.220"/>
</return>
<msg timestamp="20260213 16:39:23.220" level="INFO">${url} = http://172.21.0.93:9092/Kiya.aiCBS-10.2.0/LoginPage?tid=139&amp;lang=en</msg>
<status status="PASS" starttime="20260213 16:39:23.219" endtime="20260213 16:39:23.220"/>
</kw>
<kw name="Log" library="BuiltIn">
<arg>Opening application: ${url}</arg>
<doc>Logs the given message with the given level.</doc>
<msg timestamp="20260213 16:39:23.221" level="INFO">Opening application: http://172.21.0.93:9092/Kiya.aiCBS-10.2.0/LoginPage?tid=139&amp;lang=en</msg>
<status status="PASS" starttime="20260213 16:39:23.221" endtime="20260213 16:39:23.221"/>
</kw>
<kw name="Evaluate" library="BuiltIn">
<var>${options}</var>
<arg>sys.modules['selenium.webdriver'].ChromeOptions()</arg>
<arg>sys, selenium.webdriver</arg>
<doc>Evaluates the given expression in Python and returns the result.</doc>
<msg timestamp="20260213 16:39:23.222" level="INFO">${options} = &lt;selenium.webdriver.chrome.options.Options object at 0x000002070BFA0830&gt;</msg>
<status status="PASS" starttime="20260213 16:39:23.221" endtime="20260213 16:39:23.222"/>
</kw>
<kw name="Run Keyword If" library="BuiltIn">
<arg>${headless}</arg>
<arg>Call Method</arg>
<arg>${options}</arg>
<arg>add_argument</arg>
<arg>--headless</arg>
<doc>Runs the given keyword with the given arguments, if ``condition`` is true.</doc>
<status status="PASS" starttime="20260213 16:39:23.222" endtime="20260213 16:39:23.222"/>
</kw>
<kw name="Call Method" library="BuiltIn">
<arg>${options}</arg>
<arg>add_argument</arg>
<arg>--no-sandbox</arg>
<doc>Calls the named method of the given object with the provided arguments.</doc>
<status status="PASS" starttime="20260213 16:39:23.222" endtime="20260213 16:39:23.223"/>
</kw>
<kw name="Call Method" library="BuiltIn">
<arg>${options}</arg>
<arg>add_argument</arg>
<arg>--disable-dev-shm-usage</arg>
<doc>Calls the named method of the given object with the provided arguments.</doc>
<status status="PASS" starttime="20260213 16:39:23.223" endtime="20260213 16:39:23.223"/>
</kw>
<kw name="Call Method" library="BuiltIn">
<arg>${options}</arg>
<arg>add_argument</arg>
<arg>--disable-gpu</arg>
<doc>Calls the named method of the given object with the provided arguments.</doc>
<status status="PASS" starttime="20260213 16:39:23.223" endtime="20260213 16:39:23.223"/>
</kw>
<kw name="Call Method" library="BuiltIn">
<arg>${options}</arg>
<arg>add_argument</arg>
<arg>--disable-web-security</arg>
<doc>Calls the named method of the given object with the provided arguments.</doc>
<status status="PASS" starttime="20260213 16:39:23.223" endtime="20260213 16:39:23.224"/>
</kw>
<kw name="Call Method" library="BuiltIn">
<arg>${options}</arg>
<arg>add_argument</arg>
<arg>--allow-running-insecure-content</arg>
<doc>Calls the named method of the given object with the provided arguments.</doc>
<status status="PASS" starttime="20260213 16:39:23.224" endtime="20260213 16:39:23.224"/>
</kw>
<kw name="Open Browser" library="SeleniumLibrary">
<arg>${url}</arg>
<arg>${browser}</arg>
<arg>options=${options}</arg>
<doc>Opens a new browser instance to the optional ``url``.</doc>
<msg timestamp="20260213 16:39:23.225" level="INFO">Opening browser 'chrome' to base url 'http://172.21.0.93:9092/Kiya.aiCBS-10.2.0/LoginPage?tid=139&amp;lang=en'.</msg>
<status status="PASS" starttime="20260213 16:39:23.224" endtime="20260213 16:39:34.822"/>
</kw>
<kw name="Maximize Browser Window" library="SeleniumLibrary">
<doc>Maximizes current browser window.</doc>
<status status="PASS" starttime="20260213 16:39:34.822" endtime="20260213 16:39:34.866"/>
</kw>
<kw name="Set Selenium Implicit Wait" library="SeleniumLibrary">
<arg>${IMPLICIT_WAIT}</arg>
<doc>Sets the implicit wait value used by Selenium.</doc>
<status status="PASS" starttime="20260213 16:39:34.866" endtime="20260213 16:39:34.868"/>
</kw>
<kw name="Set Selenium Timeout" library="SeleniumLibrary">
<arg>${PAGE_LOAD_TIMEOUT}</arg>
<doc>Sets the timeout that is used by various keywords.</doc>
<status status="PASS" starttime="20260213 16:39:34.868" endtime="20260213 16:39:34.871"/>
</kw>
<kw name="Setup Test Environment" library="base_page">
<doc>Setup test environment directories and logging</doc>
<kw name="Create Directory" library="OperatingSystem">
<arg>${SCREENSHOTS_DIR}</arg>
<doc>Creates the specified directory.</doc>
<msg timestamp="20260213 16:39:34.873" level="INFO" html="true">Directory '&lt;a href="file://D:\New_automation_\kfic-automation-framework\results\screenshots"&gt;D:\New_automation_\kfic-automation-framework\results\screenshots&lt;/a&gt;' already exists.</msg>
<status status="PASS" starttime="20260213 16:39:34.872" endtime="20260213 16:39:34.873"/>
</kw>
<kw name="Create Directory" library="OperatingSystem">
<arg>${REPORTS_DIR}</arg>
<doc>Creates the specified directory.</doc>
<msg timestamp="20260213 16:39:34.874" level="INFO" html="true">Directory '&lt;a href="file://D:\New_automation_\kfic-automation-framework\results\reports"&gt;D:\New_automation_\kfic-automation-framework\results\reports&lt;/a&gt;' already exists.</msg>
<status status="PASS" starttime="20260213 16:39:34.873" endtime="20260213 16:39:34.874"/>
</kw>
<kw name="Create Directory" library="OperatingSystem">
<arg>${LOGS_DIR}</arg>
<doc>Creates the specified directory.</doc>
<msg timestamp="20260213 16:39:34.874" level="INFO" html="true">Directory '&lt;a href="file://D:\New_automation_\kfic-automation-framework\results\logs"&gt;D:\New_automation_\kfic-automation-framework\results\logs&lt;/a&gt;' already exists.</msg>
<status status="PASS" starttime="20260213 16:39:34.874" endtime="20260213 16:39:34.874"/>
</kw>
<kw name="Log" library="BuiltIn">
<arg>Test environment setup completed</arg>
<doc>Logs the given message with the given level.</doc>
<msg timestamp="20260213 16:39:34.875" level="INFO">Test environment setup completed</msg>
<status status="PASS" starttime="20260213 16:39:34.875" endtime="20260213 16:39:34.875"/>
</kw>
<kw name="Log" library="BuiltIn">
<arg>Screenshots directory: ${SCREENSHOTS_DIR}</arg>
<doc>Logs the given message with the given level.</doc>
<msg timestamp="20260213 16:39:34.876" level="INFO">Screenshots directory: D:\New_automation_\kfic-automation-framework\config/../results/screenshots</msg>
<status status="PASS" starttime="20260213 16:39:34.875" endtime="20260213 16:39:34.876"/>
</kw>
<kw name="Log" library="BuiltIn">
<arg>Reports directory: ${REPORTS_DIR}</arg>
<doc>Logs the given message with the given level.</doc>
<msg timestamp="20260213 16:39:34.876" level="INFO">Reports directory: D:\New_automation_\kfic-automation-framework\config/../results/reports</msg>
<status status="PASS" starttime="20260213 16:39:34.876" endtime="20260213 16:39:34.876"/>
</kw>
<kw name="Log" library="BuiltIn">
<arg>Logs directory: ${LOGS_DIR}</arg>
<doc>Logs the given message with the given level.</doc>
<msg timestamp="20260213 16:39:34.877" level="INFO">Logs directory: D:\New_automation_\kfic-automation-framework\config/../results/logs</msg>
<status status="PASS" starttime="20260213 16:39:34.876" endtime="20260213 16:39:34.877"/>
</kw>
<status status="PASS" starttime="20260213 16:39:34.872" endtime="20260213 16:39:34.877"/>
</kw>
<kw name="Validate Environment" library="framework_config">
<doc>Validates if environment configuration is correct</doc>
<kw name="Dictionary Should Contain Key" library="Collections">
<arg>${URLS}</arg>
<arg>${ENVIRONMENT}</arg>
<doc>Fails if ``key`` is not found from ``dictionary``.</doc>
<status status="PASS" starttime="20260213 16:39:23.239" endtime="20260213 16:39:23.240"/>
</kw>
<kw name="Should Not Be Empty" library="BuiltIn">
<arg>${URLS.${ENVIRONMENT}}</arg>
<doc>Verifies that the given item is not empty.</doc>
<msg timestamp="20260213 16:39:23.241" level="INFO">Length is 67</msg>
<status status="PASS" starttime="20260213 16:39:23.240" endtime="20260213 16:39:23.241"/>
</kw>
<kw name="Log" library="BuiltIn">
<arg>Environment validation passed for: ${ENVIRONMENT}</arg>
<doc>Logs the given message with the given level.</doc>
<msg timestamp="20260213 16:39:23.242" level="INFO">Environment validation passed for: qc</msg>
<status status="PASS" starttime="20260213 16:39:23.242" endtime="20260213 16:39:23.242"/>
</kw>
<status status="PASS" starttime="20260213 16:39:23.238" endtime="20260213 16:39:23.242"/>
</kw>
<kw name="Get Environment URL" library="framework_config">
<var>${url}</var>
<doc>Returns URL based on current environment</doc>
<kw name="Get From Dictionary" library="Collections">
<var>${url}</var>
<arg>${URLS}</arg>
<arg>${ENVIRONMENT}</arg>
<doc>Returns a value from the given ``dictionary`` based on the given ``key``.</doc>
<msg timestamp="20260213 16:39:23.243" level="INFO">${url} = http://172.21.0.93:9092/Kiya.aiCBS-10.2.0/LoginPage?tid=139&amp;lang=en</msg>
<status status="PASS" starttime="20260213 16:39:23.243" endtime="20260213 16:39:23.243"/>
</kw>
<return>
<value>${url}</value>
<status status="PASS" starttime="20260213 16:39:23.243" endtime="20260213 16:39:23.244"/>
</return>
<msg timestamp="20260213 16:39:23.244" level="INFO">${url} = http://172.21.0.93:9092/Kiya.aiCBS-10.2.0/LoginPage?tid=139&amp;lang=en</msg>
<status status="PASS" starttime="20260213 16:39:23.242" endtime="20260213 16:39:23.244"/>
</kw>
<kw name="Log" library="BuiltIn">
<arg>Opening application: ${url}</arg>
<doc>Logs the given message with the given level.</doc>
<msg timestamp="20260213 16:39:23.244" level="INFO">Opening application: http://172.21.0.93:9092/Kiya.aiCBS-10.2.0/LoginPage?tid=139&amp;lang=en</msg>
<status status="PASS" starttime="20260213 16:39:23.244" endtime="20260213 16:39:23.245"/>
</kw>
<kw name="Evaluate" library="BuiltIn">
<var>${options}</var>
<arg>sys.modules['selenium.webdriver'].ChromeOptions()</arg>
<arg>sys, selenium.webdriver</arg>
<doc>Evaluates the given expression in Python and returns the result.</doc>
<msg timestamp="20260213 16:39:23.245" level="INFO">${options} = &lt;selenium.webdriver.chrome.options.Options object at 0x000001F514460830&gt;</msg>
<status status="PASS" starttime="20260213 16:39:23.245" endtime="20260213 16:39:23.245"/>
</kw>
<kw name="Run Keyword If" library="BuiltIn">
<arg>${headless}</arg>
<arg>Call Method</arg>
<arg>${options}</arg>
<arg>add_argument</arg>
<arg>--headless</arg>
<doc>Runs the given keyword with the given arguments, if ``condition`` is true.</doc>
<status status="PASS" starttime="20260213 16:39:23.246" endtime="20260213 16:39:23.246"/>
</kw>
<kw name="Call Method" library="BuiltIn">
<arg>${options}</arg>
<arg>add_argument</arg>
<arg>--no-sandbox</arg>
<doc>Calls the named method of the given object with the provided arguments.</doc>
<status status="PASS" starttime="20260213 16:39:23.246" endtime="20260213 16:39:23.247"/>
</kw>
<kw name="Call Method" library="BuiltIn">
<arg>${options}</arg>
<arg>add_argument</arg>
<arg>--disable-dev-shm-usage</arg>
<doc>Calls the named method of the given object with the provided arguments.</doc>
<status status="PASS" starttime="20260213 16:39:23.247" endtime="20260213 16:39:23.247"/>
</kw>
<kw name="Call Method" library="BuiltIn">
<arg>${options}</arg>
<arg>add_argument</arg>
<arg>--disable-gpu</arg>
<doc>Calls the named method of the given object with the provided arguments.</doc>
<status status="PASS" starttime="20260213 16:39:23.247" endtime="20260213 16:39:23.247"/>
</kw>
<kw name="Call Method" library="BuiltIn">
<arg>${options}</arg>
<arg>add_argument</arg>
<arg>--disable-web-security</arg>
<doc>Calls the named method of the given object with the provided arguments.</doc>
<status status="PASS" starttime="20260213 16:39:23.248" endtime="20260213 16:39:23.248"/>
</kw>
<kw name="Call Method" library="BuiltIn">
<arg>${options}</arg>
<arg>add_argument</arg>
<arg>--allow-running-insecure-content</arg>
<doc>Calls the named method of the given object with the provided arguments.</doc>
<status status="PASS" starttime="20260213 16:39:23.248" endtime="20260213 16:39:23.248"/>
</kw>
<kw name="Open Browser" library="SeleniumLibrary">
<arg>${url}</arg>
<arg>${browser}</arg>
<arg>options=${options}</arg>
<doc>Opens a new browser instance to the optional ``url``.</doc>
<msg timestamp="20260213 16:39:23.249" level="INFO">Opening browser 'chrome' to base url 'http://172.21.0.93:9092/Kiya.aiCBS-10.2.0/LoginPage?tid=139&amp;lang=en'.</msg>
<status status="PASS" starttime="20260213 16:39:23.248" endtime="20260213 16:39:39.069"/>
</kw>
<kw name="Maximize Browser Window" library="SeleniumLibrary">
<doc>Maximizes current browser window.</doc>
<status status="PASS" starttime="20260213 16:39:39.069" endtime="20260213 16:39:39.118"/>
</kw>
<kw name="Set Selenium Implicit Wait" library="SeleniumLibrary">
<arg>${IMPLICIT_WAIT}</arg>
<doc>Sets the implicit wait value used by Selenium.</doc>
<status status="PASS" starttime="20260213 16:39:39.118" endtime="20260213 16:39:39.133"/>
</kw>
<kw name="Set Selenium Timeout" library="SeleniumLibrary">
<arg>${PAGE_LOAD_TIMEOUT}</arg>
<doc>Sets the timeout that is used by various keywords.</doc>
<status status="PASS" starttime="20260213 16:39:39.133" endtime="20260213 16:39:39.138"/>
</kw>
<kw name="Setup Test Environment" library="base_page">
<doc>Setup test environment directories and logging</doc>
<kw name="Create Directory" library="OperatingSystem">
<arg>${SCREENSHOTS_DIR}</arg>
<doc>Creates the specified directory.</doc>
<msg timestamp="20260213 16:39:39.140" level="INFO" html="true">Directory '&lt;a href="file://D:\New_automation_\kfic-automation-framework\results\screenshots"&gt;D:\New_automation_\kfic-automation-framework\results\screenshots&lt;/a&gt;' already exists.</msg>
<status status="PASS" starttime="20260213 16:39:39.139" endtime="20260213 16:39:39.140"/>
</kw>
<kw name="Create Directory" library="OperatingSystem">
<arg>${REPORTS_DIR}</arg>
<doc>Creates the specified directory.</doc>
<msg timestamp="20260213 16:39:39.141" level="INFO" html="true">Directory '&lt;a href="file://D:\New_automation_\kfic-automation-framework\results\reports"&gt;D:\New_automation_\kfic-automation-framework\results\reports&lt;/a&gt;' already exists.</msg>
<status status="PASS" starttime="20260213 16:39:39.140" endtime="20260213 16:39:39.141"/>
</kw>
<kw name="Create Directory" library="OperatingSystem">
<arg>${LOGS_DIR}</arg>
<doc>Creates the specified directory.</doc>
<msg timestamp="20260213 16:39:39.142" level="INFO" html="true">Directory '&lt;a href="file://D:\New_automation_\kfic-automation-framework\results\logs"&gt;D:\New_automation_\kfic-automation-framework\results\logs&lt;/a&gt;' already exists.</msg>
<status status="PASS" starttime="20260213 16:39:39.141" endtime="20260213 16:39:39.142"/>
</kw>
<kw name="Log" library="BuiltIn">
<arg>Test environment setup completed</arg>
<doc>Logs the given message with the given level.</doc>
<msg timestamp="20260213 16:39:39.143" level="INFO">Test environment setup completed</msg>
<status status="PASS" starttime="20260213 16:39:39.142" endtime="20260213 16:39:39.143"/>
</kw>
<kw name="Log" library="BuiltIn">
<arg>Screenshots directory: ${SCREENSHOTS_DIR}</arg>
<doc>Logs the given message with the given level.</doc>
<msg timestamp="20260213 16:39:39.145" level="INFO">Screenshots directory: D:\New_automation_\kfic-automation-framework\config/../results/screenshots</msg>
<status status="PASS" starttime="20260213 16:39:39.143" endtime="20260213 16:39:39.145"/>
</kw>
<kw name="Log" library="BuiltIn">
<arg>Reports directory: ${REPORTS_DIR}</arg>
<doc>Logs the given message with the given level.</doc>
<msg timestamp="20260213 16:39:39.145" level="INFO">Reports directory: D:\New_automation_\kfic-automation-framework\config/../results/reports</msg>
<status status="PASS" starttime="20260213 16:39:39.145" endtime="20260213 16:39:39.146"/>
</kw>
<kw name="Log" library="BuiltIn">
<arg>Logs directory: ${LOGS_DIR}</arg>
<doc>Logs the given message with the given level.</doc>
<msg timestamp="20260213 16:39:39.146" level="INFO">Logs directory: D:\New_automation_\kfic-automation-framework\config/../results/logs</msg>
<status status="PASS" starttime="20260213 16:39:39.146" endtime="20260213 16:39:39.146"/>
</kw>
<status status="PASS" starttime="20260213 16:39:39.138" endtime="20260213 16:39:39.147"/>
</kw>
<status status="PASS" starttime="20260213 16:39:23.239" endtime="20260213 16:39:33.379"/>
</kw>
<test id="s1-t1" name="TC001_Complete_Receipt_Generation_Workflow" line="10">
<kw name="Load Test Data From JSON" library="data_utils">
<var>${receipt_data}</var>
<arg>receipt_data.json</arg>
<doc>Loads test data from JSON file with error handling</doc>
<kw name="Join Path" library="OperatingSystem">
<var>${file_path}</var>
<arg>${TEST_DATA_PATH}</arg>
<arg>${file_name}</arg>
<doc>Joins the given path part(s) to the given base path.</doc>
<msg timestamp="20260213 16:39:33.381" level="INFO">${file_path} = D:\New_automation_\kfic-automation-framework\data\receipt_data.json</msg>
<status status="PASS" starttime="20260213 16:39:33.381" endtime="20260213 16:39:33.381"/>
</kw>
<kw name="File Should Exist" library="OperatingSystem">
<arg>${file_path}</arg>
<arg>Test data file not found: ${file_path}</arg>
<doc>Fails unless the given ``path`` points to an existing file.</doc>
<msg timestamp="20260213 16:39:33.382" level="INFO" html="true">File '&lt;a href="file://D:\New_automation_\kfic-automation-framework\data\receipt_data.json"&gt;D:\New_automation_\kfic-automation-framework\data\receipt_data.json&lt;/a&gt;' exists.</msg>
<status status="PASS" starttime="20260213 16:39:33.382" endtime="20260213 16:39:33.382"/>
</kw>
<kw name="Get File" library="OperatingSystem">
<var>${json_string}</var>
<arg>${file_path}</arg>
<doc>Returns the contents of a specified file.</doc>
<msg timestamp="20260213 16:39:33.383" level="INFO" html="true">Getting file '&lt;a href="file://D:\New_automation_\kfic-automation-framework\data\receipt_data.json"&gt;D:\New_automation_\kfic-automation-framework\data\receipt_data.json&lt;/a&gt;'.</msg>
<msg timestamp="20260213 16:39:33.383" level="INFO">${json_string} = {
  "receipt_data": {
    "bookSize": "1",
    "noOfBooks": "5",
    "startReceiptNo": "RCP001001",
    "bookPrefix": "BK",
    "receiptPrefix": "RCP"
  },
  "receipt_data_variant_a": {
    "bookSize"...</msg>
<status status="PASS" starttime="20260213 16:39:33.382" endtime="20260213 16:39:33.383"/>
</kw>
<kw name="Evaluate" library="BuiltIn">
<var>${json_data}</var>
<arg>json.loads('''${json_string}''')</arg>
<arg>json</arg>
<doc>Evaluates the given expression in Python and returns the result.</doc>
<msg timestamp="20260213 16:39:33.384" level="INFO">${json_data} = {'receipt_data': {'bookSize': '1', 'noOfBooks': '5', 'startReceiptNo': 'RCP001001', 'bookPrefix': 'BK', 'receiptPrefix': 'RCP'}, 'receipt_data_variant_a': {'bookSize': '1', 'noOfBooks': '3', 'startRec...</msg>
<status status="PASS" starttime="20260213 16:39:33.384" endtime="20260213 16:39:33.384"/>
</kw>
<kw name="Log" library="BuiltIn">
<arg>Loaded test data from: ${file_name}</arg>
<doc>Logs the given message with the given level.</doc>
<msg timestamp="20260213 16:39:33.386" level="INFO">Loaded test data from: receipt_data.json</msg>
<status status="PASS" starttime="20260213 16:39:33.385" endtime="20260213 16:39:33.386"/>
</kw>
<return>
<value>${json_data}</value>
<status status="PASS" starttime="20260213 16:39:33.386" endtime="20260213 16:39:33.387"/>
</return>
<msg timestamp="20260213 16:39:33.388" level="INFO">${receipt_data} = {'receipt_data': {'bookSize': '1', 'noOfBooks': '5', 'startReceiptNo': 'RCP001001', 'bookPrefix': 'BK', 'receiptPrefix': 'RCP'}, 'receipt_data_variant_a': {'bookSize': '1', 'noOfBooks': '3', 'startRec...</msg>
<status status="PASS" starttime="20260213 16:39:33.380" endtime="20260213 16:39:33.388"/>
</kw>
<kw name="Get From Dictionary" library="Collections">
<var>${receipt_info}</var>
<arg>${receipt_data}</arg>
<arg>receipt_data</arg>
<doc>Returns a value from the given ``dictionary`` based on the given ``key``.</doc>
<msg timestamp="20260213 16:39:33.388" level="INFO">${receipt_info} = {'bookSize': '1', 'noOfBooks': '5', 'startReceiptNo': 'RCP001001', 'bookPrefix': 'BK', 'receiptPrefix': 'RCP'}</msg>
<status status="PASS" starttime="20260213 16:39:33.388" endtime="20260213 16:39:33.389"/>
</kw>
<kw name="Get From Dictionary" library="Collections">
<var>${users_data}</var>
<arg>${receipt_data}</arg>
<arg>users</arg>
<doc>Returns a value from the given ``dictionary`` based on the given ``key``.</doc>
<msg timestamp="20260213 16:39:33.390" level="INFO">${users_data} = {'maker': {'username': 'infraadmin', 'password': 'Abcd#123'}, 'checker': {'username': 'kiyaadmin', 'password': 'Abcd#123'}}</msg>
<status status="PASS" starttime="20260213 16:39:33.389" endtime="20260213 16:39:33.390"/>
</kw>
<kw name="Complete Receipt Generation Workflow" library="receipt_workflow">
<arg>${receipt_info}</arg>
<arg>${users_data}</arg>
<doc>Completes full receipt generation workflow</doc>
<kw name="Get From Dictionary" library="Collections">
<var>${maker_user}</var>
<arg>${users_data}</arg>
<arg>maker</arg>
<doc>Returns a value from the given ``dictionary`` based on the given ``key``.</doc>
<msg timestamp="20260213 16:39:33.391" level="INFO">${maker_user} = {'username': 'infraadmin', 'password': 'Abcd#123'}</msg>
<status status="PASS" starttime="20260213 16:39:33.391" endtime="20260213 16:39:33.391"/>
</kw>
<kw name="Login To Application" library="login_page">
<arg>${maker_user['username']}</arg>
<arg>${maker_user['password']}</arg>
<doc>Complete login process with Re-Login handling</doc>
<kw name="Handle Re-Login If Present" library="login_page">
<doc>Handles Re-Login button if it appears</doc>
<kw name="Run Keyword And Return Status" library="BuiltIn">
<var>${relogin_present}</var>
<arg>Element Should Be Visible</arg>
<arg>${RELOGIN_BUTTON}</arg>
<doc>Runs the given keyword with given arguments and returns the status as a Boolean value.</doc>
<kw name="Element Should Be Visible" library="SeleniumLibrary">
<arg>${RELOGIN_BUTTON}</arg>
<doc>Verifies that the element identified by ``locator`` is visible.</doc>
<msg timestamp="20260213 16:39:48.817" level="INFO" html="true">&lt;/td&gt;&lt;/tr&gt;&lt;tr&gt;&lt;td colspan="3"&gt;&lt;a href="0-selenium-screenshot-1.png"&gt;&lt;img src="0-selenium-screenshot-1.png" width="800px"&gt;&lt;/a&gt;</msg>
<msg timestamp="20260213 16:39:48.818" level="FAIL">Element with locator 'id=relogin' not found.</msg>
<status status="FAIL" starttime="20260213 16:39:33.396" endtime="20260213 16:39:48.823"/>
</kw>
<msg timestamp="20260213 16:39:48.823" level="INFO">${relogin_present} = False</msg>
<status status="PASS" starttime="20260213 16:39:33.395" endtime="20260213 16:39:48.823"/>
</kw>
<kw name="Run Keyword If" library="BuiltIn">
<arg>${relogin_present}</arg>
<arg>Click Element</arg>
<arg>${RELOGIN_BUTTON}</arg>
<doc>Runs the given keyword with the given arguments, if ``condition`` is true.</doc>
<status status="PASS" starttime="20260213 16:39:48.823" endtime="20260213 16:39:48.824"/>
</kw>
<kw name="Run Keyword If" library="BuiltIn">
<arg>${relogin_present}</arg>
<arg>Wait For Page Load</arg>
<doc>Runs the given keyword with the given arguments, if ``condition`` is true.</doc>
<status status="PASS" starttime="20260213 16:39:48.824" endtime="20260213 16:39:48.825"/>
</kw>
<status status="PASS" starttime="20260213 16:39:33.394" endtime="20260213 16:39:48.825"/>
</kw>
<kw name="Enter Username" library="login_page">
<arg>${username}</arg>
<doc>Enters username in the login field</doc>
<kw name="Wait For Element And Input Text" library="base_page">
<arg>${USERNAME_FIELD}</arg>
<arg>${username}</arg>
<doc>Enhanced text input with validation</doc>
<kw name="Wait Until Element Is Visible" library="SeleniumLibrary">
<arg>${locator}</arg>
<arg>timeout=${timeout}</arg>
<doc>Waits until the element ``locator`` is visible.</doc>
<status status="PASS" starttime="20260213 16:39:48.827" endtime="20260213 16:39:48.874"/>
</kw>
<kw name="Wait Until Element Is Enabled" library="SeleniumLibrary">
<arg>${locator}</arg>
<arg>timeout=${timeout}</arg>
<doc>Waits until the element ``locator`` is enabled.</doc>
<status status="PASS" starttime="20260213 16:39:48.874" endtime="20260213 16:39:48.923"/>
</kw>
<kw name="Clear Element Text" library="SeleniumLibrary">
<arg>${locator}</arg>
<doc>Clears the value of the text-input-element identified by ``locator``.</doc>
<status status="PASS" starttime="20260213 16:39:48.924" endtime="20260213 16:39:48.991"/>
</kw>
<kw name="Sleep" library="BuiltIn">
<arg>0.5s</arg>
<doc>Pauses the test executed for the given time.</doc>
<msg timestamp="20260213 16:39:49.492" level="INFO">Slept 500 milliseconds</msg>
<status status="PASS" starttime="20260213 16:39:48.991" endtime="20260213 16:39:49.493"/>
</kw>
<kw name="Convert To String" library="BuiltIn">
<var>${text_string}</var>
<arg>${text}</arg>
<doc>Converts the given item to a Unicode string.</doc>
<msg timestamp="20260213 16:39:49.494" level="INFO">${text_string} = infraadmin</msg>
<status status="PASS" starttime="20260213 16:39:49.493" endtime="20260213 16:39:49.494"/>
</kw>
<kw name="Get Length" library="BuiltIn">
<var>${text_length}</var>
<arg>${text_string}</arg>
<doc>Returns and logs the length of the given item as an integer.</doc>
<msg timestamp="20260213 16:39:49.496" level="INFO">Length is 10</msg>
<msg timestamp="20260213 16:39:49.496" level="INFO">${text_length} = 10</msg>
<status status="PASS" starttime="20260213 16:39:49.495" endtime="20260213 16:39:49.496"/>
</kw>
<kw name="Run Keyword If" library="BuiltIn">
<arg>${text_length} &gt; 10</arg>
<arg>Input Text</arg>
<arg>${locator}</arg>
<arg>${text_string}</arg>
<arg>ELSE</arg>
<arg>Input Text</arg>
<arg>${locator}</arg>
<arg>${text_string}</arg>
<doc>Runs the given keyword with the given arguments, if ``condition`` is true.</doc>
<kw name="Input Text" library="SeleniumLibrary">
<arg>${locator}</arg>
<arg>${text_string}</arg>
<doc>Types the given ``text`` into the text field identified by ``locator``.</doc>
<msg timestamp="20260213 16:39:49.499" level="INFO">Typing text 'infraadmin' into text field 'id=loginId'.</msg>
<status status="PASS" starttime="20260213 16:39:49.498" endtime="20260213 16:39:49.641"/>
</kw>
<status status="PASS" starttime="20260213 16:39:49.497" endtime="20260213 16:39:49.641"/>
</kw>
<kw name="Sleep" library="BuiltIn">
<arg>0.5s</arg>
<doc>Pauses the test executed for the given time.</doc>
<msg timestamp="20260213 16:39:50.142" level="INFO">Slept 500 milliseconds</msg>
<status status="PASS" starttime="20260213 16:39:49.641" endtime="20260213 16:39:50.142"/>
</kw>
<kw name="Log" library="BuiltIn">
<arg>Text entered: ${text_string}</arg>
<doc>Logs the given message with the given level.</doc>
<msg timestamp="20260213 16:39:50.143" level="INFO">Text entered: infraadmin</msg>
<status status="PASS" starttime="20260213 16:39:50.143" endtime="20260213 16:39:50.143"/>
</kw>
<status status="PASS" starttime="20260213 16:39:48.826" endtime="20260213 16:39:50.143"/>
</kw>
<status status="PASS" starttime="20260213 16:39:48.825" endtime="20260213 16:39:50.143"/>
</kw>
<kw name="Enter Password" library="login_page">
<arg>${password}</arg>
<doc>Enters password in the login field</doc>
<kw name="Wait For Element And Input Text" library="base_page">
<arg>${PASSWORD_FIELD}</arg>
<arg>${password}</arg>
<doc>Enhanced text input with validation</doc>
<kw name="Wait Until Element Is Visible" library="SeleniumLibrary">
<arg>${locator}</arg>
<arg>timeout=${timeout}</arg>
<doc>Waits until the element ``locator`` is visible.</doc>
<status status="PASS" starttime="20260213 16:39:50.145" endtime="20260213 16:39:50.177"/>
</kw>
<kw name="Wait Until Element Is Enabled" library="SeleniumLibrary">
<arg>${locator}</arg>
<arg>timeout=${timeout}</arg>
<doc>Waits until the element ``locator`` is enabled.</doc>
<status status="PASS" starttime="20260213 16:39:50.177" endtime="20260213 16:39:50.214"/>
</kw>
<kw name="Clear Element Text" library="SeleniumLibrary">
<arg>${locator}</arg>
<doc>Clears the value of the text-input-element identified by ``locator``.</doc>
<status status="PASS" starttime="20260213 16:39:50.215" endtime="20260213 16:39:50.255"/>
</kw>
<kw name="Sleep" library="BuiltIn">
<arg>0.5s</arg>
<doc>Pauses the test executed for the given time.</doc>
<msg timestamp="20260213 16:39:50.756" level="INFO">Slept 500 milliseconds</msg>
<status status="PASS" starttime="20260213 16:39:50.255" endtime="20260213 16:39:50.757"/>
</kw>
<kw name="Convert To String" library="BuiltIn">
<var>${text_string}</var>
<arg>${text}</arg>
<doc>Converts the given item to a Unicode string.</doc>
<msg timestamp="20260213 16:39:50.758" level="INFO">${text_string} = Abcd#123</msg>
<status status="PASS" starttime="20260213 16:39:50.757" endtime="20260213 16:39:50.758"/>
</kw>
<kw name="Get Length" library="BuiltIn">
<var>${text_length}</var>
<arg>${text_string}</arg>
<doc>Returns and logs the length of the given item as an integer.</doc>
<msg timestamp="20260213 16:39:50.759" level="INFO">Length is 8</msg>
<msg timestamp="20260213 16:39:50.760" level="INFO">${text_length} = 8</msg>
<status status="PASS" starttime="20260213 16:39:50.759" endtime="20260213 16:39:50.760"/>
</kw>
<kw name="Run Keyword If" library="BuiltIn">
<arg>${text_length} &gt; 10</arg>
<arg>Input Text</arg>
<arg>${locator}</arg>
<arg>${text_string}</arg>
<arg>ELSE</arg>
<arg>Input Text</arg>
<arg>${locator}</arg>
<arg>${text_string}</arg>
<doc>Runs the given keyword with the given arguments, if ``condition`` is true.</doc>
<kw name="Input Text" library="SeleniumLibrary">
<arg>${locator}</arg>
<arg>${text_string}</arg>
<doc>Types the given ``text`` into the text field identified by ``locator``.</doc>
<msg timestamp="20260213 16:39:50.762" level="INFO">Typing text 'Abcd#123' into text field 'id=uiPwd'.</msg>
<status status="PASS" starttime="20260213 16:39:50.761" endtime="20260213 16:39:51.427"/>
</kw>
<status status="PASS" starttime="20260213 16:39:50.760" endtime="20260213 16:39:51.427"/>
</kw>
<kw name="Sleep" library="BuiltIn">
<arg>0.5s</arg>
<doc>Pauses the test executed for the given time.</doc>
<msg timestamp="20260213 16:39:51.928" level="INFO">Slept 500 milliseconds</msg>
<status status="PASS" starttime="20260213 16:39:51.427" endtime="20260213 16:39:51.928"/>
</kw>
<kw name="Log" library="BuiltIn">
<arg>Text entered: ${text_string}</arg>
<doc>Logs the given message with the given level.</doc>
<msg timestamp="20260213 16:39:51.929" level="INFO">Text entered: Abcd#123</msg>
<status status="PASS" starttime="20260213 16:39:51.929" endtime="20260213 16:39:51.930"/>
</kw>
<status status="PASS" starttime="20260213 16:39:50.144" endtime="20260213 16:39:51.930"/>
</kw>
<status status="PASS" starttime="20260213 16:39:50.144" endtime="20260213 16:39:51.930"/>
</kw>
<kw name="Click Login Button" library="login_page">
<doc>Clicks the login button</doc>
<kw name="Wait For Element And Click" library="base_page">
<arg>${LOGIN_BUTTON}</arg>
<doc>Enhanced element clicking with retry mechanism</doc>
<for flavor="IN RANGE">
<var>${i}</var>
<value>${retry_count}</value>
<iter>
<var name="${i}">0</var>
<kw name="Run Keyword And Return Status" library="BuiltIn">
<var>${success}</var>
<arg>Run Keywords</arg>
<arg>Wait Until Element Is Visible</arg>
<arg>${locator}</arg>
<arg>timeout=${timeout}</arg>
<arg>AND</arg>
<arg>Wait Until Element Is Enabled</arg>
<arg>${locator}</arg>
<arg>timeout=${timeout}</arg>
<arg>AND</arg>
<arg>Click Element</arg>
<arg>${locator}</arg>
<doc>Runs the given keyword with given arguments and returns the status as a Boolean value.</doc>
<kw name="Run Keywords" library="BuiltIn">
<arg>Wait Until Element Is Visible</arg>
<arg>${locator}</arg>
<arg>timeout=${timeout}</arg>
<arg>AND</arg>
<arg>Wait Until Element Is Enabled</arg>
<arg>${locator}</arg>
<arg>timeout=${timeout}</arg>
<arg>AND</arg>
<arg>Click Element</arg>
<arg>${locator}</arg>
<doc>Executes all the given keywords in a sequence.</doc>
<kw name="Wait Until Element Is Visible" library="SeleniumLibrary">
<arg>${locator}</arg>
<arg>timeout=${timeout}</arg>
<doc>Waits until the element ``locator`` is visible.</doc>
<status status="PASS" starttime="20260213 16:39:51.934" endtime="20260213 16:39:51.974"/>
</kw>
<kw name="Wait Until Element Is Enabled" library="SeleniumLibrary">
<arg>${locator}</arg>
<arg>timeout=${timeout}</arg>
<doc>Waits until the element ``locator`` is enabled.</doc>
<status status="PASS" starttime="20260213 16:39:51.974" endtime="20260213 16:39:52.010"/>
</kw>
<kw name="Click Element" library="SeleniumLibrary">
<arg>${locator}</arg>
<doc>Click the element identified by ``locator``.</doc>
<msg timestamp="20260213 16:39:52.011" level="INFO">Clicking element 'id=userLogin'.</msg>
<status status="PASS" starttime="20260213 16:39:52.010" endtime="20260213 16:40:51.722"/>
</kw>
<status status="PASS" starttime="20260213 16:39:51.933" endtime="20260213 16:40:51.722"/>
</kw>
<msg timestamp="20260213 16:40:51.722" level="INFO">${success} = True</msg>
<status status="PASS" starttime="20260213 16:39:51.933" endtime="20260213 16:40:51.722"/>
</kw>
<kw name="Exit For Loop If" library="BuiltIn">
<arg>${success}</arg>
<doc>Stops executing the enclosing FOR loop if the ``condition`` is true.</doc>
<msg timestamp="20260213 16:40:51.724" level="INFO">Exiting for loop altogether.</msg>
<status status="PASS" starttime="20260213 16:40:51.723" endtime="20260213 16:40:51.724"/>
</kw>
<kw name="Run Keyword If" library="BuiltIn">
<arg>${i} &lt; ${retry_count}-1</arg>
<arg>Run Keywords</arg>
<arg>Log</arg>
<arg>Retry ${i+1}: Element click failed, retrying...</arg>
<arg>AND</arg>
<arg>Sleep</arg>
<arg>${RETRY_DELAY}s</arg>
<doc>Runs the given keyword with the given arguments, if ``condition`` is true.</doc>
<status status="NOT RUN" starttime="20260213 16:40:51.724" endtime="20260213 16:40:51.725"/>
</kw>
<status status="PASS" starttime="20260213 16:39:51.932" endtime="20260213 16:40:51.725"/>
</iter>
<status status="PASS" starttime="20260213 16:39:51.931" endtime="20260213 16:40:51.725"/>
</for>
<kw name="Run Keyword Unless" library="BuiltIn">
<arg>${success}</arg>
<arg>Fail</arg>
<arg>Failed to click element ${locator} after ${retry_count} attempts</arg>
<doc>*DEPRECATED since RF 5.0. Use Native IF/ELSE or `Run Keyword If` instead.*</doc>
<msg timestamp="20260213 16:40:51.726" level="WARN">Keyword 'BuiltIn.Run Keyword Unless' is deprecated. </msg>
<status status="PASS" starttime="20260213 16:40:51.725" endtime="20260213 16:40:51.726"/>
</kw>
<status status="PASS" starttime="20260213 16:39:51.931" endtime="20260213 16:40:51.726"/>
</kw>
<kw name="Wait For Loading To Complete" library="base_page">
<doc>Wait for loading indicators to disappear</doc>
<kw name="Run Keyword And Return Status" library="BuiltIn">
<var>${loading_present}</var>
<arg>Wait Until Element Is Not Visible</arg>
<arg>${LOADING_SPINNER}</arg>
<arg>timeout=10s</arg>
<doc>Runs the given keyword with given arguments and returns the status as a Boolean value.</doc>
<kw name="Wait Until Element Is Not Visible" library="SeleniumLibrary">
<arg>${LOADING_SPINNER}</arg>
<arg>timeout=10s</arg>
<doc>Waits until the element ``locator`` is not visible.</doc>
<status status="PASS" starttime="20260213 16:40:51.728" endtime="20260213 16:41:06.851"/>
</kw>
<msg timestamp="20260213 16:41:06.852" level="INFO">${loading_present} = True</msg>
<status status="PASS" starttime="20260213 16:40:51.727" endtime="20260213 16:41:06.852"/>
</kw>
<kw name="Sleep" library="BuiltIn">
<arg>1s</arg>
<doc>Pauses the test executed for the given time.</doc>
<msg timestamp="20260213 16:41:07.854" level="INFO">Slept 1 second</msg>
<status status="PASS" starttime="20260213 16:41:06.852" endtime="20260213 16:41:07.854"/>
</kw>
<status status="PASS" starttime="20260213 16:40:51.726" endtime="20260213 16:41:07.854"/>
</kw>
<status status="PASS" starttime="20260213 16:39:51.930" endtime="20260213 16:41:07.854"/>
</kw>
<kw name="Wait For Page Load" library="base_page">
<doc>Enhanced page load waiting with multiple checks</doc>
<kw name="Wait For Condition" library="SeleniumLibrary">
<arg>return document.readyState == "complete"</arg>
<arg>timeout=${PAGE_LOAD_TIMEOUT}s</arg>
<doc>Waits until ``condition`` is true or ``timeout`` expires.</doc>
<status status="PASS" starttime="20260213 16:41:07.855" endtime="20260213 16:41:07.867"/>
</kw>
<kw name="Sleep" library="BuiltIn">
<arg>1s</arg>
<doc>Pauses the test executed for the given time.</doc>
<msg timestamp="20260213 16:41:08.868" level="INFO">Slept 1 second</msg>
<status status="PASS" starttime="20260213 16:41:07.867" endtime="20260213 16:41:08.868"/>
</kw>
<kw name="Run Keyword And Return Status" library="BuiltIn">
<var>${spinner_present}</var>
<arg>Wait Until Element Is Not Visible</arg>
<arg>${LOADING_SPINNER}</arg>
<arg>timeout=5s</arg>
<doc>Runs the given keyword with given arguments and returns the status as a Boolean value.</doc>
<kw name="Wait Until Element Is Not Visible" library="SeleniumLibrary">
<arg>${LOADING_SPINNER}</arg>
<arg>timeout=5s</arg>
<doc>Waits until the element ``locator`` is not visible.</doc>
<status status="PASS" starttime="20260213 16:41:08.869" endtime="20260213 16:41:23.933"/>
</kw>
<msg timestamp="20260213 16:41:23.933" level="INFO">${spinner_present} = True</msg>
<status status="PASS" starttime="20260213 16:41:08.869" endtime="20260213 16:41:23.933"/>
</kw>
<status status="PASS" starttime="20260213 16:41:07.854" endtime="20260213 16:41:23.933"/>
</kw>
<status status="PASS" starttime="20260213 16:39:33.392" endtime="20260213 16:41:23.933"/>
</kw>
<kw name="Navigate To Receipt Generation" library="receipt_management_page">
<doc>Navigates to receipt generation page</doc>
<kw name="Wait For Element And Click" library="base_page">
<arg>${MENU_BUTTON}</arg>
<doc>Enhanced element clicking with retry mechanism</doc>
<for flavor="IN RANGE">
<var>${i}</var>
<value>${retry_count}</value>
<iter>
<var name="${i}">0</var>
<kw name="Run Keyword And Return Status" library="BuiltIn">
<var>${success}</var>
<arg>Run Keywords</arg>
<arg>Wait Until Element Is Visible</arg>
<arg>${locator}</arg>
<arg>timeout=${timeout}</arg>
<arg>AND</arg>
<arg>Wait Until Element Is Enabled</arg>
<arg>${locator}</arg>
<arg>timeout=${timeout}</arg>
<arg>AND</arg>
<arg>Click Element</arg>
<arg>${locator}</arg>
<doc>Runs the given keyword with given arguments and returns the status as a Boolean value.</doc>
<kw name="Run Keywords" library="BuiltIn">
<arg>Wait Until Element Is Visible</arg>
<arg>${locator}</arg>
<arg>timeout=${timeout}</arg>
<arg>AND</arg>
<arg>Wait Until Element Is Enabled</arg>
<arg>${locator}</arg>
<arg>timeout=${timeout}</arg>
<arg>AND</arg>
<arg>Click Element</arg>
<arg>${locator}</arg>
<doc>Executes all the given keywords in a sequence.</doc>
<kw name="Wait Until Element Is Visible" library="SeleniumLibrary">
<arg>${locator}</arg>
<arg>timeout=${timeout}</arg>
<doc>Waits until the element ``locator`` is visible.</doc>
<status status="PASS" starttime="20260213 16:41:23.938" endtime="20260213 16:41:23.974"/>
</kw>
<kw name="Wait Until Element Is Enabled" library="SeleniumLibrary">
<arg>${locator}</arg>
<arg>timeout=${timeout}</arg>
<doc>Waits until the element ``locator`` is enabled.</doc>
<status status="PASS" starttime="20260213 16:41:23.974" endtime="20260213 16:41:24.018"/>
</kw>
<kw name="Click Element" library="SeleniumLibrary">
<arg>${locator}</arg>
<doc>Click the element identified by ``locator``.</doc>
<msg timestamp="20260213 16:41:24.019" level="INFO">Clicking element 'xpath=//a[@data-original-title="Menu"]'.</msg>
<status status="PASS" starttime="20260213 16:41:24.018" endtime="20260213 16:41:24.209"/>
</kw>
<status status="PASS" starttime="20260213 16:41:23.937" endtime="20260213 16:41:24.210"/>
</kw>
<msg timestamp="20260213 16:41:24.210" level="INFO">${success} = True</msg>
<status status="PASS" starttime="20260213 16:41:23.936" endtime="20260213 16:41:24.210"/>
</kw>
<kw name="Exit For Loop If" library="BuiltIn">
<arg>${success}</arg>
<doc>Stops executing the enclosing FOR loop if the ``condition`` is true.</doc>
<msg timestamp="20260213 16:41:24.211" level="INFO">Exiting for loop altogether.</msg>
<status status="PASS" starttime="20260213 16:41:24.210" endtime="20260213 16:41:24.211"/>
</kw>
<kw name="Run Keyword If" library="BuiltIn">
<arg>${i} &lt; ${retry_count}-1</arg>
<arg>Run Keywords</arg>
<arg>Log</arg>
<arg>Retry ${i+1}: Element click failed, retrying...</arg>
<arg>AND</arg>
<arg>Sleep</arg>
<arg>${RETRY_DELAY}s</arg>
<doc>Runs the given keyword with the given arguments, if ``condition`` is true.</doc>
<status status="NOT RUN" starttime="20260213 16:41:24.211" endtime="20260213 16:41:24.211"/>
</kw>
<status status="PASS" starttime="20260213 16:41:23.936" endtime="20260213 16:41:24.211"/>
</iter>
<status status="PASS" starttime="20260213 16:41:23.935" endtime="20260213 16:41:24.211"/>
</for>
<kw name="Run Keyword Unless" library="BuiltIn">
<arg>${success}</arg>
<arg>Fail</arg>
<arg>Failed to click element ${locator} after ${retry_count} attempts</arg>
<doc>*DEPRECATED since RF 5.0. Use Native IF/ELSE or `Run Keyword If` instead.*</doc>
<msg timestamp="20260213 16:41:24.212" level="WARN">Keyword 'BuiltIn.Run Keyword Unless' is deprecated. </msg>
<status status="PASS" starttime="20260213 16:41:24.211" endtime="20260213 16:41:24.212"/>
</kw>
<status status="PASS" starttime="20260213 16:41:23.934" endtime="20260213 16:41:24.214"/>
</kw>
<kw name="Execute Javascript" library="SeleniumLibrary">
<arg>document.querySelector('#Transaction').scrollIntoView(true);</arg>
<doc>Executes the given JavaScript code with possible arguments.</doc>
<msg timestamp="20260213 16:41:24.215" level="INFO">Executing JavaScript:
document.querySelector('#Transaction').scrollIntoView(true);
Without any arguments.</msg>
<status status="PASS" starttime="20260213 16:41:24.214" endtime="20260213 16:41:24.228"/>
</kw>
<kw name="Wait For Element And Click" library="base_page">
<arg>${CONFIGURATION_MENU}</arg>
<doc>Enhanced element clicking with retry mechanism</doc>
<for flavor="IN RANGE">
<var>${i}</var>
<value>${retry_count}</value>
<iter>
<var name="${i}">0</var>
<kw name="Run Keyword And Return Status" library="BuiltIn">
<var>${success}</var>
<arg>Run Keywords</arg>
<arg>Wait Until Element Is Visible</arg>
<arg>${locator}</arg>
<arg>timeout=${timeout}</arg>
<arg>AND</arg>
<arg>Wait Until Element Is Enabled</arg>
<arg>${locator}</arg>
<arg>timeout=${timeout}</arg>
<arg>AND</arg>
<arg>Click Element</arg>
<arg>${locator}</arg>
<doc>Runs the given keyword with given arguments and returns the status as a Boolean value.</doc>
<kw name="Run Keywords" library="BuiltIn">
<arg>Wait Until Element Is Visible</arg>
<arg>${locator}</arg>
<arg>timeout=${timeout}</arg>
<arg>AND</arg>
<arg>Wait Until Element Is Enabled</arg>
<arg>${locator}</arg>
<arg>timeout=${timeout}</arg>
<arg>AND</arg>
<arg>Click Element</arg>
<arg>${locator}</arg>
<doc>Executes all the given keywords in a sequence.</doc>
<kw name="Wait Until Element Is Visible" library="SeleniumLibrary">
<arg>${locator}</arg>
<arg>timeout=${timeout}</arg>
<doc>Waits until the element ``locator`` is visible.</doc>
<status status="PASS" starttime="20260213 16:41:24.231" endtime="20260213 16:41:24.290"/>
</kw>
<kw name="Wait Until Element Is Enabled" library="SeleniumLibrary">
<arg>${locator}</arg>
<arg>timeout=${timeout}</arg>
<doc>Waits until the element ``locator`` is enabled.</doc>
<status status="PASS" starttime="20260213 16:41:24.291" endtime="20260213 16:41:24.355"/>
</kw>
<kw name="Click Element" library="SeleniumLibrary">
<arg>${locator}</arg>
<doc>Click the element identified by ``locator``.</doc>
<msg timestamp="20260213 16:41:24.357" level="INFO">Clicking element 'id=Configuration'.</msg>
<status status="PASS" starttime="20260213 16:41:24.356" endtime="20260213 16:41:24.539"/>
</kw>
<status status="PASS" starttime="20260213 16:41:24.230" endtime="20260213 16:41:24.539"/>
</kw>
<msg timestamp="20260213 16:41:24.540" level="INFO">${success} = True</msg>
<status status="PASS" starttime="20260213 16:41:24.230" endtime="20260213 16:41:24.540"/>
</kw>
<kw name="Exit For Loop If" library="BuiltIn">
<arg>${success}</arg>
<doc>Stops executing the enclosing FOR loop if the ``condition`` is true.</doc>
<msg timestamp="20260213 16:41:24.540" level="INFO">Exiting for loop altogether.</msg>
<status status="PASS" starttime="20260213 16:41:24.540" endtime="20260213 16:41:24.540"/>
</kw>
<kw name="Run Keyword If" library="BuiltIn">
<arg>${i} &lt; ${retry_count}-1</arg>
<arg>Run Keywords</arg>
<arg>Log</arg>
<arg>Retry ${i+1}: Element click failed, retrying...</arg>
<arg>AND</arg>
<arg>Sleep</arg>
<arg>${RETRY_DELAY}s</arg>
<doc>Runs the given keyword with the given arguments, if ``condition`` is true.</doc>
<status status="NOT RUN" starttime="20260213 16:41:24.541" endtime="20260213 16:41:24.541"/>
</kw>
<status status="PASS" starttime="20260213 16:41:24.230" endtime="20260213 16:41:24.541"/>
</iter>
<status status="PASS" starttime="20260213 16:41:24.229" endtime="20260213 16:41:24.541"/>
</for>
<kw name="Run Keyword Unless" library="BuiltIn">
<arg>${success}</arg>
<arg>Fail</arg>
<arg>Failed to click element ${locator} after ${retry_count} attempts</arg>
<doc>*DEPRECATED since RF 5.0. Use Native IF/ELSE or `Run Keyword If` instead.*</doc>
<msg timestamp="20260213 16:41:24.542" level="WARN">Keyword 'BuiltIn.Run Keyword Unless' is deprecated. </msg>
<status status="PASS" starttime="20260213 16:41:24.542" endtime="20260213 16:41:24.543"/>
</kw>
<status status="PASS" starttime="20260213 16:41:24.228" endtime="20260213 16:41:24.543"/>
</kw>
<kw name="Wait For Element And Click" library="base_page">
<arg>${RECEIPT_MANAGEMENT_MENU}</arg>
<doc>Enhanced element clicking with retry mechanism</doc>
<for flavor="IN RANGE">
<var>${i}</var>
<value>${retry_count}</value>
<iter>
<var name="${i}">0</var>
<kw name="Run Keyword And Return Status" library="BuiltIn">
<var>${success}</var>
<arg>Run Keywords</arg>
<arg>Wait Until Element Is Visible</arg>
<arg>${locator}</arg>
<arg>timeout=${timeout}</arg>
<arg>AND</arg>
<arg>Wait Until Element Is Enabled</arg>
<arg>${locator}</arg>
<arg>timeout=${timeout}</arg>
<arg>AND</arg>
<arg>Click Element</arg>
<arg>${locator}</arg>
<doc>Runs the given keyword with given arguments and returns the status as a Boolean value.</doc>
<kw name="Run Keywords" library="BuiltIn">
<arg>Wait Until Element Is Visible</arg>
<arg>${locator}</arg>
<arg>timeout=${timeout}</arg>
<arg>AND</arg>
<arg>Wait Until Element Is Enabled</arg>
<arg>${locator}</arg>
<arg>timeout=${timeout}</arg>
<arg>AND</arg>
<arg>Click Element</arg>
<arg>${locator}</arg>
<doc>Executes all the given keywords in a sequence.</doc>
<kw name="Wait Until Element Is Visible" library="SeleniumLibrary">
<arg>${locator}</arg>
<arg>timeout=${timeout}</arg>
<doc>Waits until the element ``locator`` is visible.</doc>
<status status="PASS" starttime="20260213 16:41:24.548" endtime="20260213 16:41:24.616"/>
</kw>
<kw name="Wait Until Element Is Enabled" library="SeleniumLibrary">
<arg>${locator}</arg>
<arg>timeout=${timeout}</arg>
<doc>Waits until the element ``locator`` is enabled.</doc>
<status status="PASS" starttime="20260213 16:41:24.616" endtime="20260213 16:41:24.654"/>
</kw>
<kw name="Click Element" library="SeleniumLibrary">
<arg>${locator}</arg>
<doc>Click the element identified by ``locator``.</doc>
<msg timestamp="20260213 16:41:24.655" level="INFO">Clicking element 'id=RECEIPTMANAGEMENT'.</msg>
<status status="PASS" starttime="20260213 16:41:24.654" endtime="20260213 16:41:24.866"/>
</kw>
<status status="PASS" starttime="20260213 16:41:24.547" endtime="20260213 16:41:24.866"/>
</kw>
<msg timestamp="20260213 16:41:24.867" level="INFO">${success} = True</msg>
<status status="PASS" starttime="20260213 16:41:24.546" endtime="20260213 16:41:24.867"/>
</kw>
<kw name="Exit For Loop If" library="BuiltIn">
<arg>${success}</arg>
<doc>Stops executing the enclosing FOR loop if the ``condition`` is true.</doc>
<msg timestamp="20260213 16:41:24.867" level="INFO">Exiting for loop altogether.</msg>
<status status="PASS" starttime="20260213 16:41:24.867" endtime="20260213 16:41:24.868"/>
</kw>
<kw name="Run Keyword If" library="BuiltIn">
<arg>${i} &lt; ${retry_count}-1</arg>
<arg>Run Keywords</arg>
<arg>Log</arg>
<arg>Retry ${i+1}: Element click failed, retrying...</arg>
<arg>AND</arg>
<arg>Sleep</arg>
<arg>${RETRY_DELAY}s</arg>
<doc>Runs the given keyword with the given arguments, if ``condition`` is true.</doc>
<status status="NOT RUN" starttime="20260213 16:41:24.868" endtime="20260213 16:41:24.868"/>
</kw>
<status status="PASS" starttime="20260213 16:41:24.545" endtime="20260213 16:41:24.868"/>
</iter>
<status status="PASS" starttime="20260213 16:41:24.544" endtime="20260213 16:41:24.868"/>
</for>
<kw name="Run Keyword Unless" library="BuiltIn">
<arg>${success}</arg>
<arg>Fail</arg>
<arg>Failed to click element ${locator} after ${retry_count} attempts</arg>
<doc>*DEPRECATED since RF 5.0. Use Native IF/ELSE or `Run Keyword If` instead.*</doc>
<msg timestamp="20260213 16:41:24.869" level="WARN">Keyword 'BuiltIn.Run Keyword Unless' is deprecated. </msg>
<status status="PASS" starttime="20260213 16:41:24.869" endtime="20260213 16:41:24.869"/>
</kw>
<status status="PASS" starttime="20260213 16:41:24.543" endtime="20260213 16:41:24.869"/>
</kw>
<kw name="Wait For Element And Click" library="base_page">
<arg>${RECEIPT_GENERATION_MENU}</arg>
<doc>Enhanced element clicking with retry mechanism</doc>
<for flavor="IN RANGE">
<var>${i}</var>
<value>${retry_count}</value>
<iter>
<var name="${i}">0</var>
<kw name="Run Keyword And Return Status" library="BuiltIn">
<var>${success}</var>
<arg>Run Keywords</arg>
<arg>Wait Until Element Is Visible</arg>
<arg>${locator}</arg>
<arg>timeout=${timeout}</arg>
<arg>AND</arg>
<arg>Wait Until Element Is Enabled</arg>
<arg>${locator}</arg>
<arg>timeout=${timeout}</arg>
<arg>AND</arg>
<arg>Click Element</arg>
<arg>${locator}</arg>
<doc>Runs the given keyword with given arguments and returns the status as a Boolean value.</doc>
<kw name="Run Keywords" library="BuiltIn">
<arg>Wait Until Element Is Visible</arg>
<arg>${locator}</arg>
<arg>timeout=${timeout}</arg>
<arg>AND</arg>
<arg>Wait Until Element Is Enabled</arg>
<arg>${locator}</arg>
<arg>timeout=${timeout}</arg>
<arg>AND</arg>
<arg>Click Element</arg>
<arg>${locator}</arg>
<doc>Executes all the given keywords in a sequence.</doc>
<kw name="Wait Until Element Is Visible" library="SeleniumLibrary">
<arg>${locator}</arg>
<arg>timeout=${timeout}</arg>
<doc>Waits until the element ``locator`` is visible.</doc>
<status status="PASS" starttime="20260213 16:41:24.871" endtime="20260213 16:41:24.916"/>
</kw>
<kw name="Wait Until Element Is Enabled" library="SeleniumLibrary">
<arg>${locator}</arg>
<arg>timeout=${timeout}</arg>
<doc>Waits until the element ``locator`` is enabled.</doc>
<status status="PASS" starttime="20260213 16:41:24.916" endtime="20260213 16:41:24.956"/>
</kw>
<kw name="Click Element" library="SeleniumLibrary">
<arg>${locator}</arg>
<doc>Click the element identified by ``locator``.</doc>
<msg timestamp="20260213 16:41:24.957" level="INFO">Clicking element 'id=RECEIPTGENERATION'.</msg>
<status status="PASS" starttime="20260213 16:41:24.956" endtime="20260213 16:41:30.771"/>
</kw>
<status status="PASS" starttime="20260213 16:41:24.871" endtime="20260213 16:41:30.771"/>
</kw>
<msg timestamp="20260213 16:41:30.771" level="INFO">${success} = True</msg>
<status status="PASS" starttime="20260213 16:41:24.870" endtime="20260213 16:41:30.771"/>
</kw>
<kw name="Exit For Loop If" library="BuiltIn">
<arg>${success}</arg>
<doc>Stops executing the enclosing FOR loop if the ``condition`` is true.</doc>
<msg timestamp="20260213 16:41:30.772" level="INFO">Exiting for loop altogether.</msg>
<status status="PASS" starttime="20260213 16:41:30.772" endtime="20260213 16:41:30.773"/>
</kw>
<kw name="Run Keyword If" library="BuiltIn">
<arg>${i} &lt; ${retry_count}-1</arg>
<arg>Run Keywords</arg>
<arg>Log</arg>
<arg>Retry ${i+1}: Element click failed, retrying...</arg>
<arg>AND</arg>
<arg>Sleep</arg>
<arg>${RETRY_DELAY}s</arg>
<doc>Runs the given keyword with the given arguments, if ``condition`` is true.</doc>
<status status="NOT RUN" starttime="20260213 16:41:30.773" endtime="20260213 16:41:30.773"/>
</kw>
<status status="PASS" starttime="20260213 16:41:24.870" endtime="20260213 16:41:30.774"/>
</iter>
<status status="PASS" starttime="20260213 16:41:24.870" endtime="20260213 16:41:30.774"/>
</for>
<kw name="Run Keyword Unless" library="BuiltIn">
<arg>${success}</arg>
<arg>Fail</arg>
<arg>Failed to click element ${locator} after ${retry_count} attempts</arg>
<doc>*DEPRECATED since RF 5.0. Use Native IF/ELSE or `Run Keyword If` instead.*</doc>
<msg timestamp="20260213 16:41:30.774" level="WARN">Keyword 'BuiltIn.Run Keyword Unless' is deprecated. </msg>
<status status="PASS" starttime="20260213 16:41:30.774" endtime="20260213 16:41:30.775"/>
</kw>
<status status="PASS" starttime="20260213 16:41:24.869" endtime="20260213 16:41:30.775"/>
</kw>
<status status="PASS" starttime="20260213 16:41:23.933" endtime="20260213 16:41:30.775"/>
</kw>
<kw name="Fill Receipt Details" library="receipt_management_page">
<arg>${receipt_data}</arg>
<doc>Fills receipt generation form</doc>
<kw name="Wait For Element And Click" library="base_page">
<arg>${ADD_BUTTON}</arg>
<doc>Enhanced element clicking with retry mechanism</doc>
<for flavor="IN RANGE">
<var>${i}</var>
<value>${retry_count}</value>
<iter>
<var name="${i}">0</var>
<kw name="Run Keyword And Return Status" library="BuiltIn">
<var>${success}</var>
<arg>Run Keywords</arg>
<arg>Wait Until Element Is Visible</arg>
<arg>${locator}</arg>
<arg>timeout=${timeout}</arg>
<arg>AND</arg>
<arg>Wait Until Element Is Enabled</arg>
<arg>${locator}</arg>
<arg>timeout=${timeout}</arg>
<arg>AND</arg>
<arg>Click Element</arg>
<arg>${locator}</arg>
<doc>Runs the given keyword with given arguments and returns the status as a Boolean value.</doc>
<kw name="Run Keywords" library="BuiltIn">
<arg>Wait Until Element Is Visible</arg>
<arg>${locator}</arg>
<arg>timeout=${timeout}</arg>
<arg>AND</arg>
<arg>Wait Until Element Is Enabled</arg>
<arg>${locator}</arg>
<arg>timeout=${timeout}</arg>
<arg>AND</arg>
<arg>Click Element</arg>
<arg>${locator}</arg>
<doc>Executes all the given keywords in a sequence.</doc>
<kw name="Wait Until Element Is Visible" library="SeleniumLibrary">
<arg>${locator}</arg>
<arg>timeout=${timeout}</arg>
<doc>Waits until the element ``locator`` is visible.</doc>
<status status="PASS" starttime="20260213 16:41:30.780" endtime="20260213 16:41:31.144"/>
</kw>
<kw name="Wait Until Element Is Enabled" library="SeleniumLibrary">
<arg>${locator}</arg>
<arg>timeout=${timeout}</arg>
<doc>Waits until the element ``locator`` is enabled.</doc>
<status status="PASS" starttime="20260213 16:41:31.145" endtime="20260213 16:41:31.287"/>
</kw>
<kw name="Click Element" library="SeleniumLibrary">
<arg>${locator}</arg>
<doc>Click the element identified by ``locator``.</doc>
<msg timestamp="20260213 16:41:31.289" level="INFO">Clicking element 'id=addButton'.</msg>
<status status="PASS" starttime="20260213 16:41:31.288" endtime="20260213 16:41:39.942"/>
</kw>
<status status="PASS" starttime="20260213 16:41:30.779" endtime="20260213 16:41:39.942"/>
</kw>
<msg timestamp="20260213 16:41:39.943" level="INFO">${success} = True</msg>
<status status="PASS" starttime="20260213 16:41:30.779" endtime="20260213 16:41:39.943"/>
</kw>
<kw name="Exit For Loop If" library="BuiltIn">
<arg>${success}</arg>
<doc>Stops executing the enclosing FOR loop if the ``condition`` is true.</doc>
<msg timestamp="20260213 16:41:39.944" level="INFO">Exiting for loop altogether.</msg>
<status status="PASS" starttime="20260213 16:41:39.943" endtime="20260213 16:41:39.944"/>
</kw>
<kw name="Run Keyword If" library="BuiltIn">
<arg>${i} &lt; ${retry_count}-1</arg>
<arg>Run Keywords</arg>
<arg>Log</arg>
<arg>Retry ${i+1}: Element click failed, retrying...</arg>
<arg>AND</arg>
<arg>Sleep</arg>
<arg>${RETRY_DELAY}s</arg>
<doc>Runs the given keyword with the given arguments, if ``condition`` is true.</doc>
<status status="NOT RUN" starttime="20260213 16:41:39.944" endtime="20260213 16:41:39.945"/>
</kw>
<status status="PASS" starttime="20260213 16:41:30.778" endtime="20260213 16:41:39.945"/>
</iter>
<status status="PASS" starttime="20260213 16:41:30.777" endtime="20260213 16:41:39.945"/>
</for>
<kw name="Run Keyword Unless" library="BuiltIn">
<arg>${success}</arg>
<arg>Fail</arg>
<arg>Failed to click element ${locator} after ${retry_count} attempts</arg>
<doc>*DEPRECATED since RF 5.0. Use Native IF/ELSE or `Run Keyword If` instead.*</doc>
<msg timestamp="20260213 16:41:39.945" level="WARN">Keyword 'BuiltIn.Run Keyword Unless' is deprecated. </msg>
<status status="PASS" starttime="20260213 16:41:39.945" endtime="20260213 16:41:39.946"/>
</kw>
<status status="PASS" starttime="20260213 16:41:30.776" endtime="20260213 16:41:39.946"/>
</kw>
<kw name="Select From Dropdown By Value">
<arg>${BOOK_SIZE_SELECT}</arg>
<arg>${receipt_data['bookSize']}</arg>
<msg timestamp="20260213 16:41:39.961" level="FAIL">No keyword with name 'Select From Dropdown By Value' found.</msg>
<status status="FAIL" starttime="20260213 16:41:39.960" endtime="20260213 16:41:39.961"/>
</kw>
<kw name="Wait For Element And Input Text" library="base_page">
<arg>${NO_OF_BOOKS_INPUT}</arg>
<arg>${receipt_data['noOfBooks']}</arg>
<doc>Enhanced text input with validation</doc>
<status status="NOT RUN" starttime="20260213 16:41:39.975" endtime="20260213 16:41:39.975"/>
</kw>
<kw name="Wait For Element And Input Text" library="base_page">
<arg>${START_RECEIPT_INPUT}</arg>
<arg>${receipt_data['startReceiptNo']}</arg>
<doc>Enhanced text input with validation</doc>
<status status="NOT RUN" starttime="20260213 16:41:39.975" endtime="20260213 16:41:39.975"/>
</kw>
<kw name="Wait For Element And Input Text" library="base_page">
<arg>${BOOK_PREFIX_INPUT}</arg>
<arg>${receipt_data['bookPrefix']}</arg>
<doc>Enhanced text input with validation</doc>
<status status="NOT RUN" starttime="20260213 16:41:39.976" endtime="20260213 16:41:39.976"/>
</kw>
<kw name="Wait For Element And Input Text" library="base_page">
<arg>${RECEIPT_PREFIX_INPUT}</arg>
<arg>${receipt_data['receiptPrefix']}</arg>
<doc>Enhanced text input with validation</doc>
<status status="NOT RUN" starttime="20260213 16:41:39.976" endtime="20260213 16:41:39.976"/>
</kw>
<status status="FAIL" starttime="20260213 16:41:30.775" endtime="20260213 16:41:39.976"/>
</kw>
<kw name="Generate Receipt" library="receipt_management_page">
<doc>Generates receipt and saves</doc>
<status status="NOT RUN" starttime="20260213 16:41:39.977" endtime="20260213 16:41:39.977"/>
</kw>
<kw name="Logout From Application">
<status status="NOT RUN" starttime="20260213 16:41:39.988" endtime="20260213 16:41:39.989"/>
</kw>
<kw name="Get From Dictionary" library="Collections">
<var>${checker_user}</var>
<arg>${users_data}</arg>
<arg>checker</arg>
<doc>Returns a value from the given ``dictionary`` based on the given ``key``.</doc>
<status status="NOT RUN" starttime="20260213 16:41:39.990" endtime="20260213 16:41:39.990"/>
</kw>
<kw name="Login To Application" library="login_page">
<arg>${checker_user['username']}</arg>
<arg>${checker_user['password']}</arg>
<doc>Complete login process with Re-Login handling</doc>
<status status="NOT RUN" starttime="20260213 16:41:39.991" endtime="20260213 16:41:39.991"/>
</kw>
<kw name="Navigate To Receipt Generation" library="receipt_management_page">
<doc>Navigates to receipt generation page</doc>
<status status="NOT RUN" starttime="20260213 16:41:39.992" endtime="20260213 16:41:39.992"/>
</kw>
<kw name="Search And Approve Receipt" library="receipt_management_page">
<arg>${receipt_data['startReceiptNo']}</arg>
<doc>Searches and approves receipt</doc>
<status status="NOT RUN" starttime="20260213 16:41:39.993" endtime="20260213 16:41:39.993"/>
</kw>
<kw name="Logout From Application">
<status status="NOT RUN" starttime="20260213 16:41:40.007" endtime="20260213 16:41:40.007"/>
</kw>
<status status="FAIL" starttime="20260213 16:39:33.390" endtime="20260213 16:41:40.008"/>
</kw>
<doc>Test complete receipt generation and approval workflow</doc>
<tag>critical</tag>
<tag>lms</tag>
<tag>receipt_management</tag>
<tag>workflow</tag>
<status status="FAIL" starttime="20260213 16:39:33.379" endtime="20260213 16:41:40.008">No keyword with name 'Select From Dropdown By Value' found.</status>
</test>
<test id="s1-t2" name="TC002_Generate_Receipt_Only" line="18">
<kw name="Load Test Data From JSON" library="data_utils">
<var>${receipt_data}</var>
<arg>receipt_data.json</arg>
<doc>Loads test data from JSON file with error handling</doc>
<kw name="Join Path" library="OperatingSystem">
<var>${file_path}</var>
<arg>${TEST_DATA_PATH}</arg>
<arg>${file_name}</arg>
<doc>Joins the given path part(s) to the given base path.</doc>
<msg timestamp="20260213 16:39:34.879" level="INFO">${file_path} = D:\New_automation_\kfic-automation-framework\data\receipt_data.json</msg>
<status status="PASS" starttime="20260213 16:39:34.879" endtime="20260213 16:39:34.879"/>
</kw>
<kw name="File Should Exist" library="OperatingSystem">
<arg>${file_path}</arg>
<arg>Test data file not found: ${file_path}</arg>
<doc>Fails unless the given ``path`` points to an existing file.</doc>
<msg timestamp="20260213 16:39:34.880" level="INFO" html="true">File '&lt;a href="file://D:\New_automation_\kfic-automation-framework\data\receipt_data.json"&gt;D:\New_automation_\kfic-automation-framework\data\receipt_data.json&lt;/a&gt;' exists.</msg>
<status status="PASS" starttime="20260213 16:39:34.879" endtime="20260213 16:39:34.880"/>
</kw>
<kw name="Get File" library="OperatingSystem">
<var>${json_string}</var>
<arg>${file_path}</arg>
<doc>Returns the contents of a specified file.</doc>
<msg timestamp="20260213 16:39:34.881" level="INFO" html="true">Getting file '&lt;a href="file://D:\New_automation_\kfic-automation-framework\data\receipt_data.json"&gt;D:\New_automation_\kfic-automation-framework\data\receipt_data.json&lt;/a&gt;'.</msg>
<msg timestamp="20260213 16:39:34.881" level="INFO">${json_string} = {
  "receipt_data": {
    "bookSize": "1",
    "noOfBooks": "5",
    "startReceiptNo": "RCP001001",
    "bookPrefix": "BK",
    "receiptPrefix": "RCP"
  },
  "receipt_data_variant_a": {
    "bookSize"...</msg>
<status status="PASS" starttime="20260213 16:39:34.880" endtime="20260213 16:39:34.881"/>
</kw>
<kw name="Evaluate" library="BuiltIn">
<var>${json_data}</var>
<arg>json.loads('''${json_string}''')</arg>
<arg>json</arg>
<doc>Evaluates the given expression in Python and returns the result.</doc>
<msg timestamp="20260213 16:39:34.882" level="INFO">${json_data} = {'receipt_data': {'bookSize': '1', 'noOfBooks': '5', 'startReceiptNo': 'RCP001001', 'bookPrefix': 'BK', 'receiptPrefix': 'RCP'}, 'receipt_data_variant_a': {'bookSize': '1', 'noOfBooks': '3', 'startRec...</msg>
<status status="PASS" starttime="20260213 16:39:34.881" endtime="20260213 16:39:34.882"/>
</kw>
<kw name="Log" library="BuiltIn">
<arg>Loaded test data from: ${file_name}</arg>
<doc>Logs the given message with the given level.</doc>
<msg timestamp="20260213 16:39:34.882" level="INFO">Loaded test data from: receipt_data.json</msg>
<status status="PASS" starttime="20260213 16:39:34.882" endtime="20260213 16:39:34.882"/>
</kw>
<return>
<value>${json_data}</value>
<status status="PASS" starttime="20260213 16:39:34.882" endtime="20260213 16:39:34.883"/>
</return>
<msg timestamp="20260213 16:39:34.883" level="INFO">${receipt_data} = {'receipt_data': {'bookSize': '1', 'noOfBooks': '5', 'startReceiptNo': 'RCP001001', 'bookPrefix': 'BK', 'receiptPrefix': 'RCP'}, 'receipt_data_variant_a': {'bookSize': '1', 'noOfBooks': '3', 'startRec...</msg>
<status status="PASS" starttime="20260213 16:39:34.878" endtime="20260213 16:39:34.883"/>
</kw>
<kw name="Get From Dictionary" library="Collections">
<var>${receipt_info}</var>
<arg>${receipt_data}</arg>
<arg>receipt_data</arg>
<doc>Returns a value from the given ``dictionary`` based on the given ``key``.</doc>
<msg timestamp="20260213 16:39:34.884" level="INFO">${receipt_info} = {'bookSize': '1', 'noOfBooks': '5', 'startReceiptNo': 'RCP001001', 'bookPrefix': 'BK', 'receiptPrefix': 'RCP'}</msg>
<status status="PASS" starttime="20260213 16:39:34.883" endtime="20260213 16:39:34.884"/>
</kw>
<kw name="Get From Dictionary" library="Collections">
<var>${maker_user}</var>
<arg>${receipt_data['users']}</arg>
<arg>maker</arg>
<doc>Returns a value from the given ``dictionary`` based on the given ``key``.</doc>
<msg timestamp="20260213 16:39:34.885" level="INFO">${maker_user} = {'username': 'infraadmin', 'password': 'Abcd#123'}</msg>
<status status="PASS" starttime="20260213 16:39:34.884" endtime="20260213 16:39:34.885"/>
</kw>
<kw name="Generate Receipt Only" library="receipt_workflow">
<arg>${receipt_info}</arg>
<arg>${maker_user}</arg>
<doc>Generates receipt without approval</doc>
<kw name="Login To Application" library="login_page">
<arg>${user_data['username']}</arg>
<arg>${user_data['password']}</arg>
<doc>Complete login process with Re-Login handling</doc>
<kw name="Handle Re-Login If Present" library="login_page">
<doc>Handles Re-Login button if it appears</doc>
<kw name="Run Keyword And Return Status" library="BuiltIn">
<var>${relogin_present}</var>
<arg>Element Should Be Visible</arg>
<arg>${RELOGIN_BUTTON}</arg>
<doc>Runs the given keyword with given arguments and returns the status as a Boolean value.</doc>
<kw name="Element Should Be Visible" library="SeleniumLibrary">
<arg>${RELOGIN_BUTTON}</arg>
<doc>Verifies that the element identified by ``locator`` is visible.</doc>
<msg timestamp="20260213 16:39:50.214" level="INFO" html="true">&lt;/td&gt;&lt;/tr&gt;&lt;tr&gt;&lt;td colspan="3"&gt;&lt;a href="1-selenium-screenshot-1.png"&gt;&lt;img src="1-selenium-screenshot-1.png" width="800px"&gt;&lt;/a&gt;</msg>
<msg timestamp="20260213 16:39:50.214" level="FAIL">Element with locator 'id=relogin' not found.</msg>
<status status="FAIL" starttime="20260213 16:39:34.889" endtime="20260213 16:39:50.220"/>
</kw>
<msg timestamp="20260213 16:39:50.220" level="INFO">${relogin_present} = False</msg>
<status status="PASS" starttime="20260213 16:39:34.889" endtime="20260213 16:39:50.220"/>
</kw>
<kw name="Run Keyword If" library="BuiltIn">
<arg>${relogin_present}</arg>
<arg>Click Element</arg>
<arg>${RELOGIN_BUTTON}</arg>
<doc>Runs the given keyword with the given arguments, if ``condition`` is true.</doc>
<status status="PASS" starttime="20260213 16:39:50.220" endtime="20260213 16:39:50.221"/>
</kw>
<kw name="Run Keyword If" library="BuiltIn">
<arg>${relogin_present}</arg>
<arg>Wait For Page Load</arg>
<doc>Runs the given keyword with the given arguments, if ``condition`` is true.</doc>
<status status="PASS" starttime="20260213 16:39:50.221" endtime="20260213 16:39:50.221"/>
</kw>
<status status="PASS" starttime="20260213 16:39:34.888" endtime="20260213 16:39:50.221"/>
</kw>
<kw name="Enter Username" library="login_page">
<arg>${username}</arg>
<doc>Enters username in the login field</doc>
<kw name="Wait For Element And Input Text" library="base_page">
<arg>${USERNAME_FIELD}</arg>
<arg>${username}</arg>
<doc>Enhanced text input with validation</doc>
<kw name="Wait Until Element Is Visible" library="SeleniumLibrary">
<arg>${locator}</arg>
<arg>timeout=${timeout}</arg>
<doc>Waits until the element ``locator`` is visible.</doc>
<status status="PASS" starttime="20260213 16:39:50.222" endtime="20260213 16:39:50.255"/>
</kw>
<kw name="Wait Until Element Is Enabled" library="SeleniumLibrary">
<arg>${locator}</arg>
<arg>timeout=${timeout}</arg>
<doc>Waits until the element ``locator`` is enabled.</doc>
<status status="PASS" starttime="20260213 16:39:50.255" endtime="20260213 16:39:50.296"/>
</kw>
<kw name="Clear Element Text" library="SeleniumLibrary">
<arg>${locator}</arg>
<doc>Clears the value of the text-input-element identified by ``locator``.</doc>
<status status="PASS" starttime="20260213 16:39:50.297" endtime="20260213 16:39:50.359"/>
</kw>
<kw name="Sleep" library="BuiltIn">
<arg>0.5s</arg>
<doc>Pauses the test executed for the given time.</doc>
<msg timestamp="20260213 16:39:50.860" level="INFO">Slept 500 milliseconds</msg>
<status status="PASS" starttime="20260213 16:39:50.359" endtime="20260213 16:39:50.860"/>
</kw>
<kw name="Convert To String" library="BuiltIn">
<var>${text_string}</var>
<arg>${text}</arg>
<doc>Converts the given item to a Unicode string.</doc>
<msg timestamp="20260213 16:39:50.861" level="INFO">${text_string} = infraadmin</msg>
<status status="PASS" starttime="20260213 16:39:50.860" endtime="20260213 16:39:50.861"/>
</kw>
[...]
</kw>
<kw name="Set Variable" library="BuiltIn">
<var>${approve_locator}</var>
<arg>xpath=//tr[td[text()="${receipt_no}"]]//a[contains(@class, 'auth-reject')]</arg>
<doc>Returns the given values which can then be assigned to a variables.</doc>
<msg timestamp="20260213 16:41:42.387" level="INFO">${approve_locator} = xpath=//tr[td[text()="RCP001001"]]//a[contains(@class, 'auth-reject')]</msg>
<status status="PASS" starttime="20260213 16:41:42.386" endtime="20260213 16:41:42.387"/>
</kw>
<kw name="Wait For Element And Click" library="base_page">
<arg>${approve_locator}</arg>
<doc>Enhanced element clicking with retry mechanism</doc>
<for flavor="IN RANGE">
<var>${i}</var>
<value>${retry_count}</value>
<iter>
<var name="${i}">0</var>
<kw name="Run Keyword And Return Status" library="BuiltIn">
<var>${success}</var>
<arg>Run Keywords</arg>
<arg>Wait Until Element Is Visible</arg>
<arg>${locator}</arg>
<arg>timeout=${timeout}</arg>
<arg>AND</arg>
<arg>Wait Until Element Is Enabled</arg>
<arg>${locator}</arg>
<arg>timeout=${timeout}</arg>
<arg>AND</arg>
<arg>Click Element</arg>
<arg>${locator}</arg>
<doc>Runs the given keyword with given arguments and returns the status as a Boolean value.</doc>
<kw name="Run Keywords" library="BuiltIn">
<arg>Wait Until Element Is Visible</arg>
<arg>${locator}</arg>
<arg>timeout=${timeout}</arg>
<arg>AND</arg>
<arg>Wait Until Element Is Enabled</arg>
<arg>${locator}</arg>
<arg>timeout=${timeout}</arg>
<arg>AND</arg>
<arg>Click Element</arg>
<arg>${locator}</arg>
<doc>Executes all the given keywords in a sequence.</doc>
<kw name="Wait Until Element Is Visible" library="SeleniumLibrary">
<arg>${locator}</arg>
<arg>timeout=${timeout}</arg>
<doc>Waits until the element ``locator`` is visible.</doc>
<msg timestamp="20260213 16:41:57.812" level="INFO" html="true">&lt;/td&gt;&lt;/tr&gt;&lt;tr&gt;&lt;td colspan="3"&gt;&lt;a href="2-selenium-screenshot-2.png"&gt;&lt;img src="2-selenium-screenshot-2.png" width="800px"&gt;&lt;/a&gt;</msg>
<msg timestamp="20260213 16:41:57.812" level="FAIL">Element 'xpath=//tr[td[text()="RCP001001"]]//a[contains(@class, 'auth-reject')]' not visible after 10 seconds.</msg>
<status status="FAIL" starttime="20260213 16:41:42.390" endtime="20260213 16:41:57.815"/>
</kw>
<status status="FAIL" starttime="20260213 16:41:42.390" endtime="20260213 16:41:57.815"/>
</kw>
<msg timestamp="20260213 16:41:57.815" level="INFO">${success} = False</msg>
<status status="PASS" starttime="20260213 16:41:42.389" endtime="20260213 16:41:57.816"/>
</kw>
<kw name="Exit For Loop If" library="BuiltIn">
<arg>${success}</arg>
<doc>Stops executing the enclosing FOR loop if the ``condition`` is true.</doc>
<status status="PASS" starttime="20260213 16:41:57.816" endtime="20260213 16:41:57.816"/>
</kw>
<kw name="Run Keyword If" library="BuiltIn">
<arg>${i} &lt; ${retry_count}-1</arg>
<arg>Run Keywords</arg>
<arg>Log</arg>
<arg>Retry ${i+1}: Element click failed, retrying...</arg>
<arg>AND</arg>
<arg>Sleep</arg>
<arg>${RETRY_DELAY}s</arg>
<doc>Runs the given keyword with the given arguments, if ``condition`` is true.</doc>
<kw name="Run Keywords" library="BuiltIn">
<arg>Log</arg>
<arg>Retry ${i+1}: Element click failed, retrying...</arg>
<arg>AND</arg>
<arg>Sleep</arg>
<arg>${RETRY_DELAY}s</arg>
<doc>Executes all the given keywords in a sequence.</doc>
<kw name="Log" library="BuiltIn">
<arg>Retry ${i+1}: Element click failed, retrying...</arg>
<doc>Logs the given message with the given level.</doc>
<msg timestamp="20260213 16:41:57.820" level="INFO">Retry 1: Element click failed, retrying...</msg>
<status status="PASS" starttime="20260213 16:41:57.818" endtime="20260213 16:41:57.820"/>
</kw>
<kw name="Sleep" library="BuiltIn">
<arg>${RETRY_DELAY}s</arg>
<doc>Pauses the test executed for the given time.</doc>
<msg timestamp="20260213 16:41:59.821" level="INFO">Slept 2 seconds</msg>
<status status="PASS" starttime="20260213 16:41:57.820" endtime="20260213 16:41:59.822"/>
</kw>
<status status="PASS" starttime="20260213 16:41:57.817" endtime="20260213 16:41:59.822"/>
</kw>
<status status="PASS" starttime="20260213 16:41:57.817" endtime="20260213 16:41:59.822"/>
</kw>
<status status="PASS" starttime="20260213 16:41:42.388" endtime="20260213 16:41:59.823"/>
</iter>
<iter>
<var name="${i}">1</var>
<kw name="Run Keyword And Return Status" library="BuiltIn">
<var>${success}</var>
<arg>Run Keywords</arg>
<arg>Wait Until Element Is Visible</arg>
<arg>${locator}</arg>
<arg>timeout=${timeout}</arg>
<arg>AND</arg>
<arg>Wait Until Element Is Enabled</arg>
<arg>${locator}</arg>
<arg>timeout=${timeout}</arg>
<arg>AND</arg>
<arg>Click Element</arg>
<arg>${locator}</arg>
<doc>Runs the given keyword with given arguments and returns the status as a Boolean value.</doc>
<kw name="Run Keywords" library="BuiltIn">
<arg>Wait Until Element Is Visible</arg>
<arg>${locator}</arg>
<arg>timeout=${timeout}</arg>
<arg>AND</arg>
<arg>Wait Until Element Is Enabled</arg>
<arg>${locator}</arg>
<arg>timeout=${timeout}</arg>
<arg>AND</arg>
<arg>Click Element</arg>
<arg>${locator}</arg>
<doc>Executes all the given keywords in a sequence.</doc>
<kw name="Wait Until Element Is Visible" library="SeleniumLibrary">
<arg>${locator}</arg>
<arg>timeout=${timeout}</arg>
<doc>Waits until the element ``locator`` is visible.</doc>
<msg timestamp="20260213 16:42:15.204" level="INFO" html="true">&lt;/td&gt;&lt;/tr&gt;&lt;tr&gt;&lt;td colspan="3"&gt;&lt;a href="2-selenium-screenshot-3.png"&gt;&lt;img src="2-selenium-screenshot-3.png" width="800px"&gt;&lt;/a&gt;</msg>
<msg timestamp="20260213 16:42:15.204" level="FAIL">Element 'xpath=//tr[td[text()="RCP001001"]]//a[contains(@class, 'auth-reject')]' not visible after 10 seconds.</msg>
<status status="FAIL" starttime="20260213 16:41:59.826" endtime="20260213 16:42:15.205"/>
</kw>
<status status="FAIL" starttime="20260213 16:41:59.825" endtime="20260213 16:42:15.206"/>
</kw>
<msg timestamp="20260213 16:42:15.206" level="INFO">${success} = False</msg>
<status status="PASS" starttime="20260213 16:41:59.824" endtime="20260213 16:42:15.206"/>
</kw>
<kw name="Exit For Loop If" library="BuiltIn">
<arg>${success}</arg>
<doc>Stops executing the enclosing FOR loop if the ``condition`` is true.</doc>
<status status="PASS" starttime="20260213 16:42:15.206" endtime="20260213 16:42:15.206"/>
</kw>
<kw name="Run Keyword If" library="BuiltIn">
<arg>${i} &lt; ${retry_count}-1</arg>
<arg>Run Keywords</arg>
<arg>Log</arg>
<arg>Retry ${i+1}: Element click failed, retrying...</arg>
<arg>AND</arg>
<arg>Sleep</arg>
<arg>${RETRY_DELAY}s</arg>
<doc>Runs the given keyword with the given arguments, if ``condition`` is true.</doc>
<kw name="Run Keywords" library="BuiltIn">
<arg>Log</arg>
<arg>Retry ${i+1}: Element click failed, retrying...</arg>
<arg>AND</arg>
<arg>Sleep</arg>
<arg>${RETRY_DELAY}s</arg>
<doc>Executes all the given keywords in a sequence.</doc>
<kw name="Log" library="BuiltIn">
<arg>Retry ${i+1}: Element click failed, retrying...</arg>
<doc>Logs the given message with the given level.</doc>
<msg timestamp="20260213 16:42:15.209" level="INFO">Retry 2: Element click failed, retrying...</msg>
<status status="PASS" starttime="20260213 16:42:15.208" endtime="20260213 16:42:15.209"/>
</kw>
<kw name="Sleep" library="BuiltIn">
<arg>${RETRY_DELAY}s</arg>
<doc>Pauses the test executed for the given time.</doc>
<msg timestamp="20260213 16:42:17.210" level="INFO">Slept 2 seconds</msg>
<status status="PASS" starttime="20260213 16:42:15.209" endtime="20260213 16:42:17.210"/>
</kw>
<status status="PASS" starttime="20260213 16:42:15.207" endtime="20260213 16:42:17.210"/>
</kw>
<status status="PASS" starttime="20260213 16:42:15.207" endtime="20260213 16:42:17.210"/>
</kw>
<status status="PASS" starttime="20260213 16:41:59.823" endtime="20260213 16:42:17.210"/>
</iter>
<iter>
<var name="${i}">2</var>
<kw name="Run Keyword And Return Status" library="BuiltIn">
<var>${success}</var>
<arg>Run Keywords</arg>
<arg>Wait Until Element Is Visible</arg>
<arg>${locator}</arg>
<arg>timeout=${timeout}</arg>
<arg>AND</arg>
<arg>Wait Until Element Is Enabled</arg>
<arg>${locator}</arg>
<arg>timeout=${timeout}</arg>
<arg>AND</arg>
<arg>Click Element</arg>
<arg>${locator}</arg>
<doc>Runs the given keyword with given arguments and returns the status as a Boolean value.</doc>
<kw name="Run Keywords" library="BuiltIn">
<arg>Wait Until Element Is Visible</arg>
<arg>${locator}</arg>
<arg>timeout=${timeout}</arg>
<arg>AND</arg>
<arg>Wait Until Element Is Enabled</arg>
<arg>${locator}</arg>
<arg>timeout=${timeout}</arg>
<arg>AND</arg>
<arg>Click Element</arg>
<arg>${locator}</arg>
<doc>Executes all the given keywords in a sequence.</doc>
<kw name="Wait Until Element Is Visible" library="SeleniumLibrary">
<arg>${locator}</arg>
<arg>timeout=${timeout}</arg>
<doc>Waits until the element ``locator`` is visible.</doc>
<msg timestamp="20260213 16:42:32.602" level="INFO" html="true">&lt;/td&gt;&lt;/tr&gt;&lt;tr&gt;&lt;td colspan="3"&gt;&lt;a href="2-selenium-screenshot-4.png"&gt;&lt;img src="2-selenium-screenshot-4.png" width="800px"&gt;&lt;/a&gt;</msg>
<msg timestamp="20260213 16:42:32.602" level="FAIL">Element 'xpath=//tr[td[text()="RCP001001"]]//a[contains(@class, 'auth-reject')]' not visible after 10 seconds.</msg>
<status status="FAIL" starttime="20260213 16:42:17.212" endtime="20260213 16:42:32.603"/>
</kw>
<status status="FAIL" starttime="20260213 16:42:17.212" endtime="20260213 16:42:32.603"/>
</kw>
<msg timestamp="20260213 16:42:32.603" level="INFO">${success} = False</msg>
<status status="PASS" starttime="20260213 16:42:17.211" endtime="20260213 16:42:32.603"/>
</kw>
<kw name="Exit For Loop If" library="BuiltIn">
<arg>${success}</arg>
<doc>Stops executing the enclosing FOR loop if the ``condition`` is true.</doc>
<status status="PASS" starttime="20260213 16:42:32.603" endtime="20260213 16:42:32.604"/>
</kw>
<kw name="Run Keyword If" library="BuiltIn">
<arg>${i} &lt; ${retry_count}-1</arg>
<arg>Run Keywords</arg>
<arg>Log</arg>
<arg>Retry ${i+1}: Element click failed, retrying...</arg>
<arg>AND</arg>
<arg>Sleep</arg>
<arg>${RETRY_DELAY}s</arg>
<doc>Runs the given keyword with the given arguments, if ``condition`` is true.</doc>
<status status="PASS" starttime="20260213 16:42:32.604" endtime="20260213 16:42:32.604"/>
</kw>
<status status="PASS" starttime="20260213 16:42:17.211" endtime="20260213 16:42:32.604"/>
</iter>
<status status="PASS" starttime="20260213 16:41:42.388" endtime="20260213 16:42:32.604"/>
</for>
<kw name="Run Keyword Unless" library="BuiltIn">
<arg>${success}</arg>
<arg>Fail</arg>
<arg>Failed to click element ${locator} after ${retry_count} attempts</arg>
<doc>*DEPRECATED since RF 5.0. Use Native IF/ELSE or `Run Keyword If` instead.*</doc>
<msg timestamp="20260213 16:42:32.604" level="WARN">Keyword 'BuiltIn.Run Keyword Unless' is deprecated. </msg>
<kw name="Fail" library="BuiltIn">
<arg>Failed to click element ${locator} after ${retry_count} attempts</arg>
<doc>Fails the test with the given message and optionally alters its tags.</doc>
<msg timestamp="20260213 16:42:32.605" level="FAIL">Failed to click element xpath=//tr[td[text()="RCP001001"]]//a[contains(@class, 'auth-reject')] after 3 attempts</msg>
<status status="FAIL" starttime="20260213 16:42:32.605" endtime="20260213 16:42:32.605"/>
</kw>
<status status="FAIL" starttime="20260213 16:42:32.604" endtime="20260213 16:42:32.613"/>
</kw>
<status status="FAIL" starttime="20260213 16:41:42.387" endtime="20260213 16:42:32.613"/>
</kw>
<kw name="Execute Javascript" library="SeleniumLibrary">
<arg>document.getElementById("idApprove").click()</arg>
<doc>Executes the given JavaScript code with possible arguments.</doc>
<status status="NOT RUN" starttime="20260213 16:42:32.614" endtime="20260213 16:42:32.614"/>
</kw>
<kw name="Wait For Element And Click" library="base_page">
<arg>${APPROVE_SUBMIT_BUTTON}</arg>
<doc>Enhanced element clicking with retry mechanism</doc>
<status status="NOT RUN" starttime="20260213 16:42:32.614" endtime="20260213 16:42:32.614"/>
</kw>
<status status="FAIL" starttime="20260213 16:41:38.519" endtime="20260213 16:42:32.614"/>
</kw>
<kw name="Logout From Application">
<status status="NOT RUN" starttime="20260213 16:42:32.621" endtime="20260213 16:42:32.621"/>
</kw>
<status status="FAIL" starttime="20260213 16:39:39.157" endtime="20260213 16:42:32.621"/>
</kw>
<doc>Test receipt approval only</doc>
<tag>approval</tag>
<tag>lms</tag>
<tag>receipt_management</tag>
<tag>smoke</tag>
<status status="FAIL" starttime="20260213 16:39:39.147" endtime="20260213 16:42:32.622">Failed to click element xpath=//tr[td[text()="RCP001001"]]//a[contains(@class, 'auth-reject')] after 3 attempts</status>
</test>
<kw name="Close Application" library="base_page" type="TEARDOWN">
<doc>Enhanced browser cleanup</doc>
<kw name="Run Keyword And Return Status" library="BuiltIn">
<var>${browsers_open}</var>
<arg>Get Window Handles</arg>
<doc>Runs the given keyword with given arguments and returns the status as a Boolean value.</doc>
<kw name="Get Window Handles" library="SeleniumLibrary">
<doc>Returns all child window handles of the selected browser as a list.</doc>
<status status="PASS" starttime="20260213 16:41:40.012" endtime="20260213 16:41:40.022"/>
</kw>
<msg timestamp="20260213 16:41:40.022" level="INFO">${browsers_open} = True</msg>
<status status="PASS" starttime="20260213 16:41:40.011" endtime="20260213 16:41:40.023"/>
</kw>
<kw name="Run Keyword If" library="BuiltIn">
<arg>${browsers_open}</arg>
<arg>Close All Browsers</arg>
<doc>Runs the given keyword with the given arguments, if ``condition`` is true.</doc>
<kw name="Close All Browsers" library="SeleniumLibrary">
<doc>Closes all open browsers and resets the browser cache.</doc>
<status status="PASS" starttime="20260213 16:41:40.024" endtime="20260213 16:41:46.552"/>
</kw>
<status status="PASS" starttime="20260213 16:41:40.023" endtime="20260213 16:41:46.553"/>
</kw>
<kw name="Log" library="BuiltIn">
<arg>Application closed successfully</arg>
<doc>Logs the given message with the given level.</doc>
<msg timestamp="20260213 16:41:46.553" level="INFO">Application closed successfully</msg>
<status status="PASS" starttime="20260213 16:41:46.553" endtime="20260213 16:41:46.554"/>
</kw>
<kw name="Run Keyword And Return Status" library="BuiltIn">
<var>${browsers_open}</var>
<arg>Get Window Handles</arg>
<doc>Runs the given keyword with given arguments and returns the status as a Boolean value.</doc>
<kw name="Get Window Handles" library="SeleniumLibrary">
<doc>Returns all child window handles of the selected browser as a list.</doc>
<status status="PASS" starttime="20260213 16:41:40.353" endtime="20260213 16:41:40.356"/>
</kw>
<msg timestamp="20260213 16:41:40.357" level="INFO">${browsers_open} = True</msg>
<status status="PASS" starttime="20260213 16:41:40.353" endtime="20260213 16:41:40.357"/>
</kw>
<kw name="Run Keyword If" library="BuiltIn">
<arg>${browsers_open}</arg>
<arg>Close All Browsers</arg>
<doc>Runs the given keyword with the given arguments, if ``condition`` is true.</doc>
<kw name="Close All Browsers" library="SeleniumLibrary">
<doc>Closes all open browsers and resets the browser cache.</doc>
<status status="PASS" starttime="20260213 16:41:40.359" endtime="20260213 16:41:46.993"/>
</kw>
<status status="PASS" starttime="20260213 16:41:40.357" endtime="20260213 16:41:46.993"/>
</kw>
<kw name="Log" library="BuiltIn">
<arg>Application closed successfully</arg>
<doc>Logs the given message with the given level.</doc>
<msg timestamp="20260213 16:41:46.993" level="INFO">Application closed successfully</msg>
<status status="PASS" starttime="20260213 16:41:46.993" endtime="20260213 16:41:46.994"/>
</kw>
<kw name="Run Keyword And Return Status" library="BuiltIn">
<var>${browsers_open}</var>
<arg>Get Window Handles</arg>
<doc>Runs the given keyword with given arguments and returns the status as a Boolean value.</doc>
<kw name="Get Window Handles" library="SeleniumLibrary">
<doc>Returns all child window handles of the selected browser as a list.</doc>
<status status="PASS" starttime="20260213 16:42:32.623" endtime="20260213 16:42:32.625"/>
</kw>
<msg timestamp="20260213 16:42:32.625" level="INFO">${browsers_open} = True</msg>
<status status="PASS" starttime="20260213 16:42:32.623" endtime="20260213 16:42:32.625"/>
</kw>
<kw name="Run Keyword If" library="BuiltIn">
<arg>${browsers_open}</arg>
<arg>Close All Browsers</arg>
<doc>Runs the given keyword with the given arguments, if ``condition`` is true.</doc>
<kw name="Close All Browsers" library="SeleniumLibrary">
<doc>Closes all open browsers and resets the browser cache.</doc>
<status status="PASS" starttime="20260213 16:42:32.626" endtime="20260213 16:42:38.983"/>
</kw>
<status status="PASS" starttime="20260213 16:42:32.625" endtime="20260213 16:42:38.983"/>
</kw>
<kw name="Log" library="BuiltIn">
<arg>Application closed successfully</arg>
<doc>Logs the given message with the given level.</doc>
<msg timestamp="20260213 16:42:38.984" level="INFO">Application closed successfully</msg>
<status status="PASS" starttime="20260213 16:42:38.983" endtime="20260213 16:42:38.984"/>
</kw>
<status status="PASS" starttime="20260213 16:41:40.010" endtime="20260213 16:41:46.554"/>
</kw>
<doc>Receipt Management Test Suite</doc>
<status status="FAIL" starttime="20260213 16:39:22.844" endtime="20260213 16:42:38.985"/>
</suite>
<statistics>
<total>
<stat pass="0" fail="3" skip="0">All Tests</stat>
</total>
<tag>
<stat pass="0" fail="1" skip="0">approval</stat>
<stat pass="0" fail="1" skip="0">critical</stat>
<stat pass="0" fail="1" skip="0">generation</stat>
<stat pass="0" fail="3" skip="0">lms</stat>
<stat pass="0" fail="3" skip="0">receipt_management</stat>
<stat pass="0" fail="2" skip="0">smoke</stat>
<stat pass="0" fail="1" skip="0">workflow</stat>
</tag>
<suite>
<stat pass="0" fail="3" skip="0" id="s1" name="Receipt Management">Receipt Management</stat>
</suite>
</statistics>
<errors>
<msg timestamp="20260213 16:40:51.726" level="WARN">Keyword 'BuiltIn.Run Keyword Unless' is deprecated. </msg>
<msg timestamp="20260213 16:41:24.212" level="WARN">Keyword 'BuiltIn.Run Keyword Unless' is deprecated. </msg>
<msg timestamp="20260213 16:41:24.542" level="WARN">Keyword 'BuiltIn.Run Keyword Unless' is deprecated. </msg>
<msg timestamp="20260213 16:41:24.869" level="WARN">Keyword 'BuiltIn.Run Keyword Unless' is deprecated. </msg>
<msg timestamp="20260213 16:41:30.774" level="WARN">Keyword 'BuiltIn.Run Keyword Unless' is deprecated. </msg>
<msg timestamp="20260213 16:41:39.945" level="WARN">Keyword 'BuiltIn.Run Keyword Unless' is deprecated. </msg>
<msg timestamp="20260213 16:40:54.752" level="WARN">Keyword 'BuiltIn.Run Keyword Unless' is deprecated. </msg>
<msg timestamp="20260213 16:41:27.436" level="WARN">Keyword 'BuiltIn.Run Keyword Unless' is deprecated. </msg>
<msg timestamp="20260213 16:41:27.916" level="WARN">Keyword 'BuiltIn.Run Keyword Unless' is deprecated. </msg>
<msg timestamp="20260213 16:41:28.294" level="WARN">Keyword 'BuiltIn.Run Keyword Unless' is deprecated. </msg>
<msg timestamp="20260213 16:41:39.498" level="WARN">Keyword 'BuiltIn.Run Keyword Unless' is deprecated. </msg>
<msg timestamp="20260213 16:41:40.313" level="WARN">Keyword 'BuiltIn.Run Keyword Unless' is deprecated. </msg>
<msg timestamp="20260213 16:40:56.667" level="WARN">Keyword 'BuiltIn.Run Keyword Unless' is deprecated. </msg>
<msg timestamp="20260213 16:41:29.364" level="WARN">Keyword 'BuiltIn.Run Keyword Unless' is deprecated. </msg>
<msg timestamp="20260213 16:41:29.990" level="WARN">Keyword 'BuiltIn.Run Keyword Unless' is deprecated. </msg>
<msg timestamp="20260213 16:41:30.461" level="WARN">Keyword 'BuiltIn.Run Keyword Unless' is deprecated. </msg>
<msg timestamp="20260213 16:41:38.517" level="WARN">Keyword 'BuiltIn.Run Keyword Unless' is deprecated. </msg>
<msg timestamp="20260213 16:42:32.604" level="WARN">Keyword 'BuiltIn.Run Keyword Unless' is deprecated. </msg>
</errors>
</robot>
